#
# There is insufficient memory for the Java Runtime Environment to continue.
# Native memory allocation (malloc) failed to allocate 389056 bytes for Chunk::new
# Possible reasons:
#   The system is out of physical RAM or swap space
#   The process is running with CompressedOops enabled, and the Java Heap may be blocking the growth of the native heap
# Possible solutions:
#   Reduce memory load on the system
#   Increase physical memory or swap space
#   Check if swap backing store is full
#   Decrease Java heap size (-Xmx/-Xms)
#   Decrease number of Java threads
#   Decrease Java thread stack sizes (-Xss)
#   Set larger code cache with -XX:ReservedCodeCacheSize=
#   JVM is running with Unscaled Compressed Oops mode in which the Java heap is
#     placed in the first 4GB address space. The Java Heap base address is the
#     maximum limit for the native heap growth. Please use -XX:HeapBaseMinAddress
#     to set the Java Heap base and to place the Java Heap above 4GB virtual address.
# This output file may be truncated or incomplete.
#
#  Out of Memory Error (./src/hotspot/share/memory/arena.cpp:197), pid=12548, tid=17404
#
# JRE version: OpenJDK Runtime Environment (11.0.10) (build 11.0.10+0-b96-7249189)
# Java VM: OpenJDK 64-Bit Server VM (11.0.10+0-b96-7249189, mixed mode, tiered, compressed oops, g1 gc, windows-amd64)
# No core dump will be written. Minidumps are not enabled by default on client versions of Windows
#

---------------  S U M M A R Y ------------

Command Line: --add-opens=java.base/java.util=ALL-UNNAMED --add-opens=java.base/java.lang=ALL-UNNAMED --add-opens=java.base/java.lang.invoke=ALL-UNNAMED --add-opens=java.base/java.util=ALL-UNNAMED --add-opens=java.prefs/java.util.prefs=ALL-UNNAMED --add-opens=java.prefs/java.util.prefs=ALL-UNNAMED --add-opens=java.base/java.nio.charset=ALL-UNNAMED --add-opens=java.base/java.net=ALL-UNNAMED --add-opens=java.base/java.util.concurrent.atomic=ALL-UNNAMED -Xmx2048m -Dfile.encoding=UTF-8 -Duser.country=RU -Duser.language=ru -Duser.variant org.gradle.launcher.daemon.bootstrap.GradleDaemon 7.0.2

Host: AMD Ryzen 5 5500U with Radeon Graphics         , 12 cores, 7G,  Windows 10 , 64 bit Build 19041 (10.0.19041.2546)
Time: Wed Mar 22 22:15:36 2023 RTZ 2 (зима) elapsed time: 3.448671 seconds (0d 0h 0m 3s)

---------------  T H R E A D  ---------------

Current thread (0x0000020bfab52000):  JavaThread "C2 CompilerThread0" daemon [_thread_in_native, id=17404, stack(0x000000674b300000,0x000000674b400000)]


Current CompileTask:
C2:   3448 1987   !   4       java.lang.ClassLoader::loadClass (122 bytes)

Stack: [0x000000674b300000,0x000000674b400000]
Native frames: (J=compiled Java code, j=interpreted, Vv=VM code, C=native code)
V  [jvm.dll+0x5ecfaa]
V  [jvm.dll+0x722bd5]
V  [jvm.dll+0x72412d]
V  [jvm.dll+0x7247e3]
V  [jvm.dll+0x242928]
V  [jvm.dll+0xbc4fc]
V  [jvm.dll+0xbca0c]
V  [jvm.dll+0x2b4fd4]
V  [jvm.dll+0x506028]
V  [jvm.dll+0x1fc985]
V  [jvm.dll+0x1fa77f]
V  [jvm.dll+0x18354c]
V  [jvm.dll+0x208ee7]
V  [jvm.dll+0x207731]
V  [jvm.dll+0x6eb1cf]
V  [jvm.dll+0x6e3d45]
V  [jvm.dll+0x5ebe96]
C  [ucrtbase.dll+0x21bb2]
C  [KERNEL32.DLL+0x17614]
C  [ntdll.dll+0x526a1]


---------------  P R O C E S S  ---------------

Threads class SMR info:
_java_thread_list=0x0000020bfcec8ad0, length=23, elements={
0x0000020bdda6e000, 0x0000020bfaaf1800, 0x0000020bfaaf5000, 0x0000020bfab4c000,
0x0000020bfab4d000, 0x0000020bfab4e000, 0x0000020bfab52000, 0x0000020bfab53000,
0x0000020bfa2d7800, 0x0000020bfaca3800, 0x0000020bfbad9000, 0x0000020bfd00d800,
0x0000020bfbf9d000, 0x0000020bfc52d000, 0x0000020bfc1b8000, 0x0000020bfbf44800,
0x0000020bfc5d6800, 0x0000020bfc5fb800, 0x0000020bfc4bd000, 0x0000020bfd04b800,
0x0000020bfd04d800, 0x0000020bfd04c800, 0x0000020bfd047800
}

Java Threads: ( => current thread )
  0x0000020bdda6e000 JavaThread "main" [_thread_blocked, id=14180, stack(0x000000674a700000,0x000000674a800000)]
  0x0000020bfaaf1800 JavaThread "Reference Handler" daemon [_thread_blocked, id=2084, stack(0x000000674ae00000,0x000000674af00000)]
  0x0000020bfaaf5000 JavaThread "Finalizer" daemon [_thread_blocked, id=12504, stack(0x000000674af00000,0x000000674b000000)]
  0x0000020bfab4c000 JavaThread "Signal Dispatcher" daemon [_thread_blocked, id=3756, stack(0x000000674b000000,0x000000674b100000)]
  0x0000020bfab4d000 JavaThread "Attach Listener" daemon [_thread_blocked, id=1840, stack(0x000000674b100000,0x000000674b200000)]
  0x0000020bfab4e000 JavaThread "Service Thread" daemon [_thread_blocked, id=10888, stack(0x000000674b200000,0x000000674b300000)]
=>0x0000020bfab52000 JavaThread "C2 CompilerThread0" daemon [_thread_in_native, id=17404, stack(0x000000674b300000,0x000000674b400000)]
  0x0000020bfab53000 JavaThread "C1 CompilerThread0" daemon [_thread_blocked, id=19468, stack(0x000000674b400000,0x000000674b500000)]
  0x0000020bfa2d7800 JavaThread "Sweeper thread" daemon [_thread_blocked, id=13520, stack(0x000000674b500000,0x000000674b600000)]
  0x0000020bfaca3800 JavaThread "Common-Cleaner" daemon [_thread_blocked, id=14876, stack(0x000000674b600000,0x000000674b700000)]
  0x0000020bfbad9000 JavaThread "Daemon health stats" [_thread_blocked, id=15184, stack(0x000000674b900000,0x000000674ba00000)]
  0x0000020bfd00d800 JavaThread "Incoming local TCP Connector on port 60602" [_thread_in_native, id=16616, stack(0x000000674ba00000,0x000000674bb00000)]
  0x0000020bfbf9d000 JavaThread "Daemon periodic checks" [_thread_blocked, id=19604, stack(0x000000674bb00000,0x000000674bc00000)]
  0x0000020bfc52d000 JavaThread "Daemon" [_thread_blocked, id=13352, stack(0x000000674bc00000,0x000000674bd00000)]
  0x0000020bfc1b8000 JavaThread "Handler for socket connection from /127.0.0.1:60602 to /127.0.0.1:60603" [_thread_in_native, id=2904, stack(0x000000674bd00000,0x000000674be00000)]
  0x0000020bfbf44800 JavaThread "Cancel handler" [_thread_blocked, id=7812, stack(0x000000674be00000,0x000000674bf00000)]
  0x0000020bfc5d6800 JavaThread "Daemon worker" [_thread_in_vm, id=16880, stack(0x000000674bf00000,0x000000674c000000)]
  0x0000020bfc5fb800 JavaThread "Asynchronous log dispatcher for DefaultDaemonConnection: socket connection from /127.0.0.1:60602 to /127.0.0.1:60603" [_thread_blocked, id=9576, stack(0x000000674c000000,0x000000674c100000)]
  0x0000020bfc4bd000 JavaThread "Stdin handler" [_thread_blocked, id=4948, stack(0x000000674c100000,0x000000674c200000)]
  0x0000020bfd04b800 JavaThread "Daemon client event forwarder" [_thread_blocked, id=18244, stack(0x000000674c200000,0x000000674c300000)]
  0x0000020bfd04d800 JavaThread "Cache worker for file hash cache (C:\Users\Eduard\.gradle\caches\7.0.2\fileHashes)" [_thread_blocked, id=18440, stack(0x000000674cc00000,0x000000674cd00000)]
  0x0000020bfd04c800 JavaThread "File lock request listener" [_thread_in_native, id=9620, stack(0x000000674cd00000,0x000000674ce00000)]
  0x0000020bfd047800 JavaThread "Cache worker for journal cache (C:\Users\Eduard\.gradle\caches\journal-1)" [_thread_blocked, id=4672, stack(0x000000674d000000,0x000000674d100000)]

Other Threads:
  0x0000020bfa2c6000 VMThread "VM Thread" [stack: 0x000000674ad00000,0x000000674ae00000] [id=2540]
  0x0000020bfacd5800 WatcherThread [stack: 0x000000674b700000,0x000000674b800000] [id=15324]
  0x0000020bdda85000 GCTaskThread "GC Thread#0" [stack: 0x000000674a800000,0x000000674a900000] [id=17040]
  0x0000020bfb754000 GCTaskThread "GC Thread#1" [stack: 0x000000674b800000,0x000000674b900000] [id=1424]
  0x0000020bfd025800 GCTaskThread "GC Thread#2" [stack: 0x000000674c300000,0x000000674c400000] [id=12076]
  0x0000020bfd02a800 GCTaskThread "GC Thread#3" [stack: 0x000000674c400000,0x000000674c500000] [id=18680]
  0x0000020bfd02b000 GCTaskThread "GC Thread#4" [stack: 0x000000674c500000,0x000000674c600000] [id=2304]
  0x0000020bfd02c000 GCTaskThread "GC Thread#5" [stack: 0x000000674c600000,0x000000674c700000] [id=19116]
  0x0000020bfd038000 GCTaskThread "GC Thread#6" [stack: 0x000000674c700000,0x000000674c800000] [id=20264]
  0x0000020bfd039000 GCTaskThread "GC Thread#7" [stack: 0x000000674c800000,0x000000674c900000] [id=14348]
  0x0000020bfd03a000 GCTaskThread "GC Thread#8" [stack: 0x000000674c900000,0x000000674ca00000] [id=752]
  0x0000020bfd03a800 GCTaskThread "GC Thread#9" [stack: 0x000000674ca00000,0x000000674cb00000] [id=10512]
  0x0000020bddab9800 ConcurrentGCThread "G1 Main Marker" [stack: 0x000000674a900000,0x000000674aa00000] [id=12156]
  0x0000020bddaba800 ConcurrentGCThread "G1 Conc#0" [stack: 0x000000674aa00000,0x000000674ab00000] [id=12236]
  0x0000020bfd1ba000 ConcurrentGCThread "G1 Conc#1" [stack: 0x000000674ce00000,0x000000674cf00000] [id=13592]
  0x0000020bfd1b8000 ConcurrentGCThread "G1 Conc#2" [stack: 0x000000674cf00000,0x000000674d000000] [id=18688]
  0x0000020bfa116000 ConcurrentGCThread "G1 Refine#0" [stack: 0x000000674ab00000,0x000000674ac00000] [id=8340]
  0x0000020bfcff9000 ConcurrentGCThread "G1 Refine#1" [stack: 0x000000674cb00000,0x000000674cc00000] [id=8652]
  0x0000020bfa117000 ConcurrentGCThread "G1 Young RemSet Sampling" [stack: 0x000000674ac00000,0x000000674ad00000] [id=7760]

Threads with active compile tasks:
C2 CompilerThread0   3472 1987   !   4       java.lang.ClassLoader::loadClass (122 bytes)

VM state:not at safepoint (normal execution)

VM Mutex/Monitor currently owned by a thread: None

Heap address: 0x0000000080000000, size: 2048 MB, Compressed Oops mode: 32-bit
Narrow klass base: 0x0000000000000000, Narrow klass shift: 3
Compressed class space size: 1073741824 Address: 0x0000000100000000

Heap:
 garbage-first heap   total 120832K, used 23914K [0x0000000080000000, 0x0000000100000000)
  region size 1024K, 10 young (10240K), 2 survivors (2048K)
 Metaspace       used 21599K, capacity 22205K, committed 22524K, reserved 1069056K
  class space    used 2698K, capacity 2881K, committed 2944K, reserved 1048576K
Heap Regions: E=young(eden), S=young(survivor), O=old, HS=humongous(starts), HC=humongous(continues), CS=collection set, F=free, A=archive, TAMS=top-at-mark-start (previous, next)
|   0|0x0000000080000000, 0x0000000080100000, 0x0000000080100000|100%| O|  |TAMS 0x0000000080100000, 0x0000000080000000| Untracked 
|   1|0x0000000080100000, 0x0000000080200000, 0x0000000080200000|100%| O|  |TAMS 0x0000000080200000, 0x0000000080100000| Untracked 
|   2|0x0000000080200000, 0x0000000080300000, 0x0000000080300000|100%| O|  |TAMS 0x0000000080300000, 0x0000000080200000| Untracked 
|   3|0x0000000080300000, 0x0000000080400000, 0x0000000080400000|100%|HS|  |TAMS 0x0000000080400000, 0x0000000080300000| Complete 
|   4|0x0000000080400000, 0x0000000080500000, 0x0000000080500000|100%|HC|  |TAMS 0x0000000080500000, 0x0000000080400000| Complete 
|   5|0x0000000080500000, 0x0000000080600000, 0x0000000080600000|100%|HC|  |TAMS 0x0000000080600000, 0x0000000080500000| Complete 
|   6|0x0000000080600000, 0x0000000080700000, 0x0000000080700000|100%| O|  |TAMS 0x0000000080700000, 0x0000000080600000| Untracked 
|   7|0x0000000080700000, 0x0000000080800000, 0x0000000080800000|100%| O|  |TAMS 0x0000000080800000, 0x0000000080700000| Untracked 
|   8|0x0000000080800000, 0x0000000080900000, 0x0000000080900000|100%| O|  |TAMS 0x0000000080900000, 0x0000000080800000| Untracked 
|   9|0x0000000080900000, 0x0000000080a00000, 0x0000000080a00000|100%| O|  |TAMS 0x0000000080a00000, 0x0000000080900000| Untracked 
|  10|0x0000000080a00000, 0x0000000080b00000, 0x0000000080b00000|100%| O|  |TAMS 0x0000000080b00000, 0x0000000080a00000| Untracked 
|  11|0x0000000080b00000, 0x0000000080c00000, 0x0000000080c00000|100%| O|  |TAMS 0x0000000080c00000, 0x0000000080b00000| Untracked 
|  12|0x0000000080c00000, 0x0000000080d00000, 0x0000000080d00000|100%| O|  |TAMS 0x0000000080d00000, 0x0000000080c00000| Untracked 
|  13|0x0000000080d00000, 0x0000000080e00000, 0x0000000080e00000|100%| O|  |TAMS 0x0000000080e00000, 0x0000000080d00000| Untracked 
|  14|0x0000000080e00000, 0x0000000080f00000, 0x0000000080f00000|100%| O|  |TAMS 0x0000000080f00000, 0x0000000080e00000| Untracked 
|  15|0x0000000080f00000, 0x0000000080f1a200, 0x0000000081000000| 10%| O|  |TAMS 0x0000000080f1a200, 0x0000000080f00000| Untracked 
|  16|0x0000000081000000, 0x0000000081000000, 0x0000000081100000|  0%| F|  |TAMS 0x0000000081000000, 0x0000000081000000| Untracked 
|  17|0x0000000081100000, 0x0000000081100000, 0x0000000081200000|  0%| F|  |TAMS 0x0000000081100000, 0x0000000081100000| Untracked 
|  18|0x0000000081200000, 0x0000000081200000, 0x0000000081300000|  0%| F|  |TAMS 0x0000000081200000, 0x0000000081200000| Untracked 
|  19|0x0000000081300000, 0x0000000081300000, 0x0000000081400000|  0%| F|  |TAMS 0x0000000081300000, 0x0000000081300000| Untracked 
|  20|0x0000000081400000, 0x0000000081400000, 0x0000000081500000|  0%| F|  |TAMS 0x0000000081400000, 0x0000000081400000| Untracked 
|  21|0x0000000081500000, 0x0000000081500000, 0x0000000081600000|  0%| F|  |TAMS 0x0000000081500000, 0x0000000081500000| Untracked 
|  22|0x0000000081600000, 0x0000000081600000, 0x0000000081700000|  0%| F|  |TAMS 0x0000000081600000, 0x0000000081600000| Untracked 
|  23|0x0000000081700000, 0x0000000081700000, 0x0000000081800000|  0%| F|  |TAMS 0x0000000081700000, 0x0000000081700000| Untracked 
|  24|0x0000000081800000, 0x0000000081800000, 0x0000000081900000|  0%| F|  |TAMS 0x0000000081800000, 0x0000000081800000| Untracked 
|  25|0x0000000081900000, 0x0000000081900000, 0x0000000081a00000|  0%| F|  |TAMS 0x0000000081900000, 0x0000000081900000| Untracked 
|  26|0x0000000081a00000, 0x0000000081a00000, 0x0000000081b00000|  0%| F|  |TAMS 0x0000000081a00000, 0x0000000081a00000| Untracked 
|  27|0x0000000081b00000, 0x0000000081b00000, 0x0000000081c00000|  0%| F|  |TAMS 0x0000000081b00000, 0x0000000081b00000| Untracked 
|  28|0x0000000081c00000, 0x0000000081c00000, 0x0000000081d00000|  0%| F|  |TAMS 0x0000000081c00000, 0x0000000081c00000| Untracked 
|  29|0x0000000081d00000, 0x0000000081d00000, 0x0000000081e00000|  0%| F|  |TAMS 0x0000000081d00000, 0x0000000081d00000| Untracked 
|  30|0x0000000081e00000, 0x0000000081e00000, 0x0000000081f00000|  0%| F|  |TAMS 0x0000000081e00000, 0x0000000081e00000| Untracked 
|  31|0x0000000081f00000, 0x0000000081f00000, 0x0000000082000000|  0%| F|  |TAMS 0x0000000081f00000, 0x0000000081f00000| Untracked 
|  32|0x0000000082000000, 0x0000000082000000, 0x0000000082100000|  0%| F|  |TAMS 0x0000000082000000, 0x0000000082000000| Untracked 
|  33|0x0000000082100000, 0x0000000082100000, 0x0000000082200000|  0%| F|  |TAMS 0x0000000082100000, 0x0000000082100000| Untracked 
|  34|0x0000000082200000, 0x0000000082200000, 0x0000000082300000|  0%| F|  |TAMS 0x0000000082200000, 0x0000000082200000| Untracked 
|  35|0x0000000082300000, 0x0000000082300000, 0x0000000082400000|  0%| F|  |TAMS 0x0000000082300000, 0x0000000082300000| Untracked 
|  36|0x0000000082400000, 0x0000000082400000, 0x0000000082500000|  0%| F|  |TAMS 0x0000000082400000, 0x0000000082400000| Untracked 
|  37|0x0000000082500000, 0x0000000082500000, 0x0000000082600000|  0%| F|  |TAMS 0x0000000082500000, 0x0000000082500000| Untracked 
|  38|0x0000000082600000, 0x0000000082600000, 0x0000000082700000|  0%| F|  |TAMS 0x0000000082600000, 0x0000000082600000| Untracked 
|  39|0x0000000082700000, 0x0000000082700000, 0x0000000082800000|  0%| F|  |TAMS 0x0000000082700000, 0x0000000082700000| Untracked 
|  40|0x0000000082800000, 0x0000000082800000, 0x0000000082900000|  0%| F|  |TAMS 0x0000000082800000, 0x0000000082800000| Untracked 
|  41|0x0000000082900000, 0x0000000082900000, 0x0000000082a00000|  0%| F|  |TAMS 0x0000000082900000, 0x0000000082900000| Untracked 
|  42|0x0000000082a00000, 0x0000000082a00000, 0x0000000082b00000|  0%| F|  |TAMS 0x0000000082a00000, 0x0000000082a00000| Untracked 
|  43|0x0000000082b00000, 0x0000000082b00000, 0x0000000082c00000|  0%| F|  |TAMS 0x0000000082b00000, 0x0000000082b00000| Untracked 
|  44|0x0000000082c00000, 0x0000000082c00000, 0x0000000082d00000|  0%| F|  |TAMS 0x0000000082c00000, 0x0000000082c00000| Untracked 
|  45|0x0000000082d00000, 0x0000000082d00000, 0x0000000082e00000|  0%| F|  |TAMS 0x0000000082d00000, 0x0000000082d00000| Untracked 
|  46|0x0000000082e00000, 0x0000000082e00000, 0x0000000082f00000|  0%| F|  |TAMS 0x0000000082e00000, 0x0000000082e00000| Untracked 
|  47|0x0000000082f00000, 0x0000000082f00000, 0x0000000083000000|  0%| F|  |TAMS 0x0000000082f00000, 0x0000000082f00000| Untracked 
|  48|0x0000000083000000, 0x0000000083000000, 0x0000000083100000|  0%| F|  |TAMS 0x0000000083000000, 0x0000000083000000| Untracked 
|  49|0x0000000083100000, 0x0000000083100000, 0x0000000083200000|  0%| F|  |TAMS 0x0000000083100000, 0x0000000083100000| Untracked 
|  50|0x0000000083200000, 0x0000000083200000, 0x0000000083300000|  0%| F|  |TAMS 0x0000000083200000, 0x0000000083200000| Untracked 
|  51|0x0000000083300000, 0x0000000083300000, 0x0000000083400000|  0%| F|  |TAMS 0x0000000083300000, 0x0000000083300000| Untracked 
|  52|0x0000000083400000, 0x0000000083400000, 0x0000000083500000|  0%| F|  |TAMS 0x0000000083400000, 0x0000000083400000| Untracked 
|  53|0x0000000083500000, 0x0000000083500000, 0x0000000083600000|  0%| F|  |TAMS 0x0000000083500000, 0x0000000083500000| Untracked 
|  54|0x0000000083600000, 0x0000000083600000, 0x0000000083700000|  0%| F|  |TAMS 0x0000000083600000, 0x0000000083600000| Untracked 
|  55|0x0000000083700000, 0x0000000083700000, 0x0000000083800000|  0%| F|  |TAMS 0x0000000083700000, 0x0000000083700000| Untracked 
|  56|0x0000000083800000, 0x0000000083800000, 0x0000000083900000|  0%| F|  |TAMS 0x0000000083800000, 0x0000000083800000| Untracked 
|  57|0x0000000083900000, 0x0000000083900000, 0x0000000083a00000|  0%| F|  |TAMS 0x0000000083900000, 0x0000000083900000| Untracked 
|  58|0x0000000083a00000, 0x0000000083a00000, 0x0000000083b00000|  0%| F|  |TAMS 0x0000000083a00000, 0x0000000083a00000| Untracked 
|  59|0x0000000083b00000, 0x0000000083b00000, 0x0000000083c00000|  0%| F|  |TAMS 0x0000000083b00000, 0x0000000083b00000| Untracked 
|  60|0x0000000083c00000, 0x0000000083c00000, 0x0000000083d00000|  0%| F|  |TAMS 0x0000000083c00000, 0x0000000083c00000| Untracked 
|  61|0x0000000083d00000, 0x0000000083d00000, 0x0000000083e00000|  0%| F|  |TAMS 0x0000000083d00000, 0x0000000083d00000| Untracked 
|  62|0x0000000083e00000, 0x0000000083e00000, 0x0000000083f00000|  0%| F|  |TAMS 0x0000000083e00000, 0x0000000083e00000| Untracked 
|  63|0x0000000083f00000, 0x0000000083f00000, 0x0000000084000000|  0%| F|  |TAMS 0x0000000083f00000, 0x0000000083f00000| Untracked 
|  64|0x0000000084000000, 0x0000000084000000, 0x0000000084100000|  0%| F|  |TAMS 0x0000000084000000, 0x0000000084000000| Untracked 
|  65|0x0000000084100000, 0x0000000084100000, 0x0000000084200000|  0%| F|  |TAMS 0x0000000084100000, 0x0000000084100000| Untracked 
|  66|0x0000000084200000, 0x0000000084200000, 0x0000000084300000|  0%| F|  |TAMS 0x0000000084200000, 0x0000000084200000| Untracked 
|  67|0x0000000084300000, 0x0000000084300000, 0x0000000084400000|  0%| F|  |TAMS 0x0000000084300000, 0x0000000084300000| Untracked 
|  68|0x0000000084400000, 0x0000000084400000, 0x0000000084500000|  0%| F|  |TAMS 0x0000000084400000, 0x0000000084400000| Untracked 
|  69|0x0000000084500000, 0x0000000084500000, 0x0000000084600000|  0%| F|  |TAMS 0x0000000084500000, 0x0000000084500000| Untracked 
|  70|0x0000000084600000, 0x0000000084600000, 0x0000000084700000|  0%| F|  |TAMS 0x0000000084600000, 0x0000000084600000| Untracked 
|  71|0x0000000084700000, 0x0000000084700000, 0x0000000084800000|  0%| F|  |TAMS 0x0000000084700000, 0x0000000084700000| Untracked 
|  72|0x0000000084800000, 0x0000000084800000, 0x0000000084900000|  0%| F|  |TAMS 0x0000000084800000, 0x0000000084800000| Untracked 
|  73|0x0000000084900000, 0x0000000084900000, 0x0000000084a00000|  0%| F|  |TAMS 0x0000000084900000, 0x0000000084900000| Untracked 
|  74|0x0000000084a00000, 0x0000000084a00000, 0x0000000084b00000|  0%| F|  |TAMS 0x0000000084a00000, 0x0000000084a00000| Untracked 
|  75|0x0000000084b00000, 0x0000000084b00000, 0x0000000084c00000|  0%| F|  |TAMS 0x0000000084b00000, 0x0000000084b00000| Untracked 
|  76|0x0000000084c00000, 0x0000000084c00000, 0x0000000084d00000|  0%| F|  |TAMS 0x0000000084c00000, 0x0000000084c00000| Untracked 
|  77|0x0000000084d00000, 0x0000000084d00000, 0x0000000084e00000|  0%| F|  |TAMS 0x0000000084d00000, 0x0000000084d00000| Untracked 
|  78|0x0000000084e00000, 0x0000000084e00000, 0x0000000084f00000|  0%| F|  |TAMS 0x0000000084e00000, 0x0000000084e00000| Untracked 
|  79|0x0000000084f00000, 0x0000000084f00000, 0x0000000085000000|  0%| F|  |TAMS 0x0000000084f00000, 0x0000000084f00000| Untracked 
|  80|0x0000000085000000, 0x0000000085000000, 0x0000000085100000|  0%| F|  |TAMS 0x0000000085000000, 0x0000000085000000| Untracked 
|  81|0x0000000085100000, 0x0000000085100000, 0x0000000085200000|  0%| F|  |TAMS 0x0000000085100000, 0x0000000085100000| Untracked 
|  82|0x0000000085200000, 0x0000000085200000, 0x0000000085300000|  0%| F|  |TAMS 0x0000000085200000, 0x0000000085200000| Untracked 
|  83|0x0000000085300000, 0x0000000085300000, 0x0000000085400000|  0%| F|  |TAMS 0x0000000085300000, 0x0000000085300000| Untracked 
|  84|0x0000000085400000, 0x0000000085400000, 0x0000000085500000|  0%| F|  |TAMS 0x0000000085400000, 0x0000000085400000| Untracked 
|  85|0x0000000085500000, 0x0000000085500000, 0x0000000085600000|  0%| F|  |TAMS 0x0000000085500000, 0x0000000085500000| Untracked 
|  86|0x0000000085600000, 0x0000000085600000, 0x0000000085700000|  0%| F|  |TAMS 0x0000000085600000, 0x0000000085600000| Untracked 
|  87|0x0000000085700000, 0x0000000085740860, 0x0000000085800000| 25%| S|CS|TAMS 0x0000000085700000, 0x0000000085700000| Complete 
|  88|0x0000000085800000, 0x0000000085900000, 0x0000000085900000|100%| S|CS|TAMS 0x0000000085800000, 0x0000000085800000| Complete 
|  89|0x0000000085900000, 0x0000000085900000, 0x0000000085a00000|  0%| F|  |TAMS 0x0000000085900000, 0x0000000085900000| Untracked 
|  90|0x0000000085a00000, 0x0000000085a00000, 0x0000000085b00000|  0%| F|  |TAMS 0x0000000085a00000, 0x0000000085a00000| Untracked 
|  91|0x0000000085b00000, 0x0000000085b00000, 0x0000000085c00000|  0%| F|  |TAMS 0x0000000085b00000, 0x0000000085b00000| Untracked 
|  92|0x0000000085c00000, 0x0000000085c00000, 0x0000000085d00000|  0%| F|  |TAMS 0x0000000085c00000, 0x0000000085c00000| Untracked 
|  93|0x0000000085d00000, 0x0000000085d00000, 0x0000000085e00000|  0%| F|  |TAMS 0x0000000085d00000, 0x0000000085d00000| Untracked 
|  94|0x0000000085e00000, 0x0000000085e00000, 0x0000000085f00000|  0%| F|  |TAMS 0x0000000085e00000, 0x0000000085e00000| Untracked 
|  95|0x0000000085f00000, 0x0000000085f00000, 0x0000000086000000|  0%| F|  |TAMS 0x0000000085f00000, 0x0000000085f00000| Untracked 
|  96|0x0000000086000000, 0x0000000086000000, 0x0000000086100000|  0%| F|  |TAMS 0x0000000086000000, 0x0000000086000000| Untracked 
|  97|0x0000000086100000, 0x0000000086100000, 0x0000000086200000|  0%| F|  |TAMS 0x0000000086100000, 0x0000000086100000| Untracked 
|  98|0x0000000086200000, 0x0000000086200000, 0x0000000086300000|  0%| F|  |TAMS 0x0000000086200000, 0x0000000086200000| Untracked 
|  99|0x0000000086300000, 0x0000000086300000, 0x0000000086400000|  0%| F|  |TAMS 0x0000000086300000, 0x0000000086300000| Untracked 
| 100|0x0000000086400000, 0x0000000086400000, 0x0000000086500000|  0%| F|  |TAMS 0x0000000086400000, 0x0000000086400000| Untracked 
| 101|0x0000000086500000, 0x0000000086500000, 0x0000000086600000|  0%| F|  |TAMS 0x0000000086500000, 0x0000000086500000| Untracked 
| 102|0x0000000086600000, 0x0000000086600000, 0x0000000086700000|  0%| F|  |TAMS 0x0000000086600000, 0x0000000086600000| Untracked 
| 103|0x0000000086700000, 0x0000000086700000, 0x0000000086800000|  0%| F|  |TAMS 0x0000000086700000, 0x0000000086700000| Untracked 
| 104|0x0000000086800000, 0x0000000086800000, 0x0000000086900000|  0%| F|  |TAMS 0x0000000086800000, 0x0000000086800000| Untracked 
| 105|0x0000000086900000, 0x0000000086900000, 0x0000000086a00000|  0%| F|  |TAMS 0x0000000086900000, 0x0000000086900000| Untracked 
| 106|0x0000000086a00000, 0x0000000086a00000, 0x0000000086b00000|  0%| F|  |TAMS 0x0000000086a00000, 0x0000000086a00000| Untracked 
| 107|0x0000000086b00000, 0x0000000086b00000, 0x0000000086c00000|  0%| F|  |TAMS 0x0000000086b00000, 0x0000000086b00000| Untracked 
| 108|0x0000000086c00000, 0x0000000086c00000, 0x0000000086d00000|  0%| F|  |TAMS 0x0000000086c00000, 0x0000000086c00000| Untracked 
| 109|0x0000000086d00000, 0x0000000086d00000, 0x0000000086e00000|  0%| F|  |TAMS 0x0000000086d00000, 0x0000000086d00000| Untracked 
| 110|0x0000000086e00000, 0x0000000086ee0a48, 0x0000000086f00000| 87%| E|  |TAMS 0x0000000086e00000, 0x0000000086e00000| Complete 
| 111|0x0000000086f00000, 0x0000000087000000, 0x0000000087000000|100%| E|CS|TAMS 0x0000000086f00000, 0x0000000086f00000| Complete 
| 112|0x0000000087000000, 0x0000000087100000, 0x0000000087100000|100%| E|CS|TAMS 0x0000000087000000, 0x0000000087000000| Complete 
| 113|0x0000000087100000, 0x0000000087200000, 0x0000000087200000|100%| E|CS|TAMS 0x0000000087100000, 0x0000000087100000| Complete 
| 114|0x0000000087200000, 0x0000000087300000, 0x0000000087300000|100%| E|CS|TAMS 0x0000000087200000, 0x0000000087200000| Complete 
| 115|0x0000000087300000, 0x0000000087400000, 0x0000000087400000|100%| E|CS|TAMS 0x0000000087300000, 0x0000000087300000| Complete 
| 116|0x0000000087400000, 0x0000000087500000, 0x0000000087500000|100%| E|CS|TAMS 0x0000000087400000, 0x0000000087400000| Complete 
| 117|0x0000000087500000, 0x0000000087600000, 0x0000000087600000|100%| E|CS|TAMS 0x0000000087500000, 0x0000000087500000| Complete 

Card table byte_map: [0x0000020bf2dc0000,0x0000020bf31c0000] _byte_map_base: 0x0000020bf29c0000

Marking Bits (Prev, Next): (CMBitMap*) 0x0000020bddab0eb0, (CMBitMap*) 0x0000020bddab0e78
 Prev Bits: [0x0000020bf55c0000, 0x0000020bf75c0000)
 Next Bits: [0x0000020bf35c0000, 0x0000020bf55c0000)

Polling page: 0x0000020bddb50000

Metaspace:

Usage:
  Non-class:     18.94 MB capacity,    18.49 MB ( 98%) used,   416.16 KB (  2%) free+waste,    42.13 KB ( <1%) overhead. 
      Class:      2.82 MB capacity,     2.64 MB ( 94%) used,   162.64 KB (  6%) free+waste,    21.19 KB ( <1%) overhead. 
       Both:     21.75 MB capacity,    21.12 MB ( 97%) used,   578.80 KB (  3%) free+waste,    63.31 KB ( <1%) overhead. 

Virtual space:
  Non-class space:       20.00 MB reserved,      19.12 MB ( 96%) committed 
      Class space:        1.00 GB reserved,       2.88 MB ( <1%) committed 
             Both:        1.02 GB reserved,      22.00 MB (  2%) committed 

Chunk freelists:
   Non-Class:  1.00 KB
       Class:  0 bytes
        Both:  1.00 KB

MaxMetaspaceSize: 17179869184.00 GB
CompressedClassSpaceSize: 1.00 GB

CodeHeap 'non-profiled nmethods': size=120000Kb used=867Kb max_used=867Kb free=119132Kb
 bounds [0x0000020bea810000, 0x0000020beaa80000, 0x0000020bf1d40000]
CodeHeap 'profiled nmethods': size=120000Kb used=4168Kb max_used=4168Kb free=115831Kb
 bounds [0x0000020be32e0000, 0x0000020be3700000, 0x0000020bea810000]
CodeHeap 'non-nmethods': size=5760Kb used=1136Kb max_used=1150Kb free=4624Kb
 bounds [0x0000020be2d40000, 0x0000020be2fb0000, 0x0000020be32e0000]
 total_blobs=2462 nmethods=1986 adapters=388
 compilation: enabled
              stopped_count=0, restarted_count=0
 full_count=0

Compilation events (20 events):
Event: 3.414 Thread 0x0000020bfab53000 1977       3       java.util.HashMap::get (23 bytes)
Event: 3.415 Thread 0x0000020bfab53000 nmethod 1977 0x0000020be36e9c10 code [0x0000020be36e9e00, 0x0000020be36ea138]
Event: 3.415 Thread 0x0000020bfab53000 1978       3       java.lang.reflect.ProxyGenerator$ConstantPool::getMethodRef (33 bytes)
Event: 3.415 Thread 0x0000020bfab52000 nmethod 1979 0x0000020bea8e7b10 code [0x0000020bea8e7ca0, 0x0000020bea8e7d58]
Event: 3.415 Thread 0x0000020bfab53000 nmethod 1978 0x0000020be36ea290 code [0x0000020be36ea560, 0x0000020be36eb1c8]
Event: 3.415 Thread 0x0000020bfab53000 1980       3       java.lang.reflect.Constructor::newInstance (76 bytes)
Event: 3.415 Thread 0x0000020bfab53000 nmethod 1980 0x0000020be36eb710 code [0x0000020be36eb920, 0x0000020be36ebd58]
Event: 3.416 Thread 0x0000020bfab53000 1981       3       java.util.regex.Pattern$BmpCharPropertyGreedy::match (89 bytes)
Event: 3.416 Thread 0x0000020bfab53000 nmethod 1981 0x0000020be36ebf10 code [0x0000020be36ec120, 0x0000020be36ec748]
Event: 3.416 Thread 0x0000020bfab53000 1983       3       java.util.regex.Matcher::matches (10 bytes)
Event: 3.416 Thread 0x0000020bfab52000 1986       4       java.util.Arrays::copyOf (40 bytes)
Event: 3.416 Thread 0x0000020bfab53000 nmethod 1983 0x0000020be36ec990 code [0x0000020be36ecb40, 0x0000020be36ecc88]
Event: 3.416 Thread 0x0000020bfab53000 1982       3       org.gradle.util.GradleVersion::compareTo (244 bytes)
Event: 3.417 Thread 0x0000020bfab53000 nmethod 1982 0x0000020be36ecd10 code [0x0000020be36ecfe0, 0x0000020be36ede18]
Event: 3.417 Thread 0x0000020bfab53000 1984       3       java.util.regex.CharPredicates$$Lambda$5/0x0000000100065040::is (5 bytes)
Event: 3.417 Thread 0x0000020bfab53000 nmethod 1984 0x0000020be36ee390 code [0x0000020be36ee560, 0x0000020be36ee818]
Event: 3.417 Thread 0x0000020bfab53000 1985       3       java.util.regex.CharPredicates::lambda$ASCII_DIGIT$15 (20 bytes)
Event: 3.417 Thread 0x0000020bfab53000 nmethod 1985 0x0000020be36ee910 code [0x0000020be36eeac0, 0x0000020be36eecf8]
Event: 3.419 Thread 0x0000020bfab52000 nmethod 1986 0x0000020bea8e7e10 code [0x0000020bea8e7fc0, 0x0000020bea8e8478]
Event: 3.426 Thread 0x0000020bfab52000 1987   !   4       java.lang.ClassLoader::loadClass (122 bytes)

GC Heap History (6 events):
Event: 1.197 GC heap before
{Heap before GC invocations=0 (full 0):
 garbage-first heap   total 120832K, used 29696K [0x0000000080000000, 0x0000000100000000)
  region size 1024K, 24 young (24576K), 0 survivors (0K)
 Metaspace       used 10199K, capacity 10429K, committed 10624K, reserved 1058816K
  class space    used 1064K, capacity 1139K, committed 1152K, reserved 1048576K
}
Event: 1.205 GC heap after
{Heap after GC invocations=1 (full 0):
 garbage-first heap   total 120832K, used 9185K [0x0000000080000000, 0x0000000100000000)
  region size 1024K, 3 young (3072K), 3 survivors (3072K)
 Metaspace       used 10199K, capacity 10429K, committed 10624K, reserved 1058816K
  class space    used 1064K, capacity 1139K, committed 1152K, reserved 1048576K
}
Event: 2.949 GC heap before
{Heap before GC invocations=1 (full 0):
 garbage-first heap   total 120832K, used 77793K [0x0000000080000000, 0x0000000100000000)
  region size 1024K, 70 young (71680K), 3 survivors (3072K)
 Metaspace       used 17417K, capacity 17888K, committed 18176K, reserved 1064960K
  class space    used 2020K, capacity 2180K, committed 2304K, reserved 1048576K
}
Event: 2.956 GC heap after
{Heap after GC invocations=2 (full 0):
 garbage-first heap   total 120832K, used 15733K [0x0000000080000000, 0x0000000100000000)
  region size 1024K, 9 young (9216K), 9 survivors (9216K)
 Metaspace       used 17417K, capacity 17888K, committed 18176K, reserved 1064960K
  class space    used 2020K, capacity 2180K, committed 2304K, reserved 1048576K
}
Event: 3.330 GC heap before
{Heap before GC invocations=2 (full 0):
 garbage-first heap   total 120832K, used 44405K [0x0000000080000000, 0x0000000100000000)
  region size 1024K, 38 young (38912K), 9 survivors (9216K)
 Metaspace       used 20577K, capacity 21127K, committed 21296K, reserved 1069056K
  class space    used 2509K, capacity 2669K, committed 2688K, reserved 1048576K
}
Event: 3.338 GC heap after
{Heap after GC invocations=3 (full 0):
 garbage-first heap   total 120832K, used 16746K [0x0000000080000000, 0x0000000100000000)
  region size 1024K, 2 young (2048K), 2 survivors (2048K)
 Metaspace       used 20577K, capacity 21127K, committed 21296K, reserved 1069056K
  class space    used 2509K, capacity 2669K, committed 2688K, reserved 1048576K
}

Deoptimization events (20 events):
Event: 3.414 Thread 0x0000020bfc5d6800 Uncommon trap: trap_request=0xffffffcc fr.pc=0x0000020bea8de868 relative=0x0000000000000328
Event: 3.414 Thread 0x0000020bfc5d6800 Uncommon trap: reason=intrinsic_or_type_checked_inlining action=make_not_entrant pc=0x0000020bea8de868 method=java.util.Arrays.copyOf([Ljava/lang/Object;ILjava/lang/Class;)[Ljava/lang/Object; @ 35 c2
Event: 3.414 Thread 0x0000020bfc5d6800 DEOPT PACKING pc=0x0000020bea8de868 sp=0x000000674bffc7d0
Event: 3.414 Thread 0x0000020bfc5d6800 DEOPT UNPACKING pc=0x0000020be2d678af sp=0x000000674bffc760 mode 2
Event: 3.414 Thread 0x0000020bfc5d6800 Uncommon trap: trap_request=0xffffff4d fr.pc=0x0000020bea860008 relative=0x0000000000000148
Event: 3.414 Thread 0x0000020bfc5d6800 Uncommon trap: reason=unstable_if action=reinterpret pc=0x0000020bea860008 method=java.util.HashMap.getNode(ILjava/lang/Object;)Ljava/util/HashMap$Node; @ 129 c2
Event: 3.414 Thread 0x0000020bfc5d6800 DEOPT PACKING pc=0x0000020bea860008 sp=0x000000674bffc0c0
Event: 3.414 Thread 0x0000020bfc5d6800 DEOPT UNPACKING pc=0x0000020be2d678af sp=0x000000674bffbfc0 mode 2
Event: 3.414 Thread 0x0000020bfc5d6800 Uncommon trap: trap_request=0xffffffc6 fr.pc=0x0000020bea8c61c0 relative=0x0000000000001880
Event: 3.414 Thread 0x0000020bfc5d6800 Uncommon trap: reason=bimorphic_or_optimized_type_check action=maybe_recompile pc=0x0000020bea8c61c0 method=java.util.HashMap.putVal(ILjava/lang/Object;Ljava/lang/Object;ZZ)Ljava/lang/Object; @ 203 c2
Event: 3.414 Thread 0x0000020bfc5d6800 DEOPT PACKING pc=0x0000020bea8c61c0 sp=0x000000674bffc020
Event: 3.414 Thread 0x0000020bfc5d6800 DEOPT UNPACKING pc=0x0000020be2d678af sp=0x000000674bffbfc0 mode 2
Event: 3.414 Thread 0x0000020bfc5d6800 Uncommon trap: trap_request=0xffffff4d fr.pc=0x0000020bea85faa8 relative=0x00000000000001e8
Event: 3.414 Thread 0x0000020bfc5d6800 Uncommon trap: reason=unstable_if action=reinterpret pc=0x0000020bea85faa8 method=java.util.HashMap.getNode(ILjava/lang/Object;)Ljava/util/HashMap$Node; @ 129 c2
Event: 3.414 Thread 0x0000020bfc5d6800 DEOPT PACKING pc=0x0000020bea85faa8 sp=0x000000674bffc020
Event: 3.414 Thread 0x0000020bfc5d6800 DEOPT UNPACKING pc=0x0000020be2d678af sp=0x000000674bffbfa8 mode 2
Event: 3.424 Thread 0x0000020bfc5d6800 Uncommon trap: trap_request=0xffffff4d fr.pc=0x0000020bea875538 relative=0x0000000000000b98
Event: 3.424 Thread 0x0000020bfc5d6800 Uncommon trap: reason=unstable_if action=reinterpret pc=0x0000020bea875538 method=java.util.Properties$LineReader.readLine()I @ 249 c2
Event: 3.424 Thread 0x0000020bfc5d6800 DEOPT PACKING pc=0x0000020bea875538 sp=0x000000674bffc030
Event: 3.424 Thread 0x0000020bfc5d6800 DEOPT UNPACKING pc=0x0000020be2d678af sp=0x000000674bffbfc0 mode 2

Classes redefined (0 events):
No events

Internal exceptions (20 events):
Event: 2.839 Thread 0x0000020bfc1b8000 Exception <a 'java/lang/NoSuchMethodError'{0x0000000083432290}: <clinit>> (0x0000000083432290) thrown at [./src/hotspot/share/prims/jni.cpp, line 1362]
Event: 2.857 Thread 0x0000020bfc1b8000 Exception <a 'java/lang/NoSuchMethodError'{0x0000000083497200}: <clinit>> (0x0000000083497200) thrown at [./src/hotspot/share/prims/jni.cpp, line 1362]
Event: 2.862 Thread 0x0000020bfc1b8000 Exception <a 'java/lang/NoSuchMethodError'{0x00000000834c6db8}: <clinit>> (0x00000000834c6db8) thrown at [./src/hotspot/share/prims/jni.cpp, line 1362]
Event: 2.867 Thread 0x0000020bfc1b8000 Exception <a 'java/lang/NoSuchMethodError'{0x00000000834efa38}: <clinit>> (0x00000000834efa38) thrown at [./src/hotspot/share/prims/jni.cpp, line 1362]
Event: 2.940 Thread 0x0000020bfc5d6800 Exception <a 'java/lang/NoSuchMethodError'{0x0000000083095ef0}: 'void java.lang.invoke.DirectMethodHandle$Holder.invokeVirtual(java.lang.Object, java.lang.Object, java.lang.Object, java.lang.Object)'> (0x0000000083095ef0) thrown at [./src/hotspot/share/interpreter/linkResolver.cpp, line 773]
Event: 2.941 Thread 0x0000020bfc5d6800 Exception <a 'java/lang/NoSuchMethodError'{0x00000000830a2958}: 'void java.lang.invoke.DelegatingMethodHandle$Holder.reinvoke_L(java.lang.Object, java.lang.Object, java.lang.Object, java.lang.Object)'> (0x00000000830a2958) thrown at [./src/hotspot/share/interpreter/linkResolver.cpp, line 773]
Event: 2.946 Thread 0x0000020bfc5d6800 Exception <a 'java/lang/NoSuchMethodError'{0x00000000830d3308}: 'long java.lang.invoke.DirectMethodHandle$Holder.invokeInterface(java.lang.Object, java.lang.Object)'> (0x00000000830d3308) thrown at [./src/hotspot/share/interpreter/linkResolver.cpp, line 773]
Event: 2.948 Thread 0x0000020bfc5d6800 Exception <a 'java/lang/NoSuchMethodError'{0x00000000830f60a0}: 'void java.lang.invoke.DelegatingMethodHandle$Holder.reinvoke_L(java.lang.Object, java.lang.Object, java.lang.Object, java.lang.Object, java.lang.Object, java.lang.Object, java.lang.Object)'> (0x00000000830f60a0) thrown at [./src/hotspot/share/interpreter/linkResolver.cpp, line 773]
Event: 3.144 Thread 0x0000020bfc5d6800 Exception <a 'java/lang/NoSuchMethodError'{0x00000000865c3550}: 'java.lang.Object java.lang.invoke.DirectMethodHandle$Holder.invokeVirtual(java.lang.Object, java.lang.Object, java.lang.Object)'> (0x00000000865c3550) thrown at [./src/hotspot/share/interpreter/linkResolver.cpp, line 773]
Event: 3.178 Thread 0x0000020bfc5d6800 Exception <a 'java/lang/NoSuchMethodError'{0x000000008616b5d0}: 'void java.lang.invoke.DirectMethodHandle$Holder.invokeInterface(java.lang.Object, java.lang.Object)'> (0x000000008616b5d0) thrown at [./src/hotspot/share/interpreter/linkResolver.cpp, line 773]
Event: 3.179 Thread 0x0000020bfc5d6800 Exception <a 'java/lang/IncompatibleClassChangeError'{0x000000008616e780}: Found class java.lang.Object, but interface was expected> (0x000000008616e780) thrown at [./src/hotspot/share/interpreter/linkResolver.cpp, line 839]
Event: 3.193 Thread 0x0000020bfc5d6800 Exception <a 'java/lang/NoSuchMethodError'{0x00000000860e4328}: 'void java.lang.invoke.DirectMethodHandle$Holder.invokeStaticInit(java.lang.Object)'> (0x00000000860e4328) thrown at [./src/hotspot/share/interpreter/linkResolver.cpp, line 773]
Event: 3.234 Thread 0x0000020bfc5d6800 Exception <a 'java/lang/NoSuchMethodError'{0x0000000085d573e0}: 'java.lang.Object java.lang.invoke.DirectMethodHandle$Holder.invokeStatic(java.lang.Object, java.lang.Object, java.lang.Object, int)'> (0x0000000085d573e0) thrown at [./src/hotspot/share/interpreter/linkResolver.cpp, line 773]
Event: 3.234 Thread 0x0000020bfc5d6800 Exception <a 'java/lang/NoSuchMethodError'{0x0000000085d5b5a8}: 'java.lang.Object java.lang.invoke.DirectMethodHandle$Holder.invokeSpecial(java.lang.Object, java.lang.Object, java.lang.Object, java.lang.Object, int)'> (0x0000000085d5b5a8) thrown at [./src/hotspot/share/interpreter/linkResolver.cpp, line 773]
Event: 3.234 Thread 0x0000020bfc5d6800 Exception <a 'java/lang/NoSuchMethodError'{0x0000000085d5ef90}: 'java.lang.Object java.lang.invoke.Invokers$Holder.linkToTargetMethod(java.lang.Object, java.lang.Object, int, java.lang.Object)'> (0x0000000085d5ef90) thrown at [./src/hotspot/share/interpreter/linkResolver.cpp, line 773]
Event: 3.357 Thread 0x0000020bfc5d6800 Exception <a 'java/lang/NoSuchMethodError'{0x00000000875c9960}: 'int java.lang.invoke.DirectMethodHandle$Holder.invokeSpecialIFC(java.lang.Object, java.lang.Object, java.lang.Object, java.lang.Object)'> (0x00000000875c9960) thrown at [./src/hotspot/share/interpreter/linkResolver.cpp, line 773]
Event: 3.359 Thread 0x0000020bfc5d6800 Exception <a 'java/lang/NoSuchMethodError'{0x00000000875d7720}: 'java.lang.Object java.lang.invoke.DirectMethodHandle$Holder.invokeInterface(java.lang.Object, java.lang.Object, java.lang.Object)'> (0x00000000875d7720) thrown at [./src/hotspot/share/interpreter/linkResolver.cpp, line 773]
Event: 3.360 Thread 0x0000020bfc5d6800 Exception <a 'java/lang/IncompatibleClassChangeError'{0x00000000875dabf8}: Found class java.lang.Object, but interface was expected> (0x00000000875dabf8) thrown at [./src/hotspot/share/interpreter/linkResolver.cpp, line 839]
Event: 3.370 Thread 0x0000020bfc5d6800 Exception <a 'java/lang/NoSuchMethodError'{0x0000000087497e98}: 'void java.lang.invoke.DirectMethodHandle$Holder.invokeStatic(java.lang.Object, java.lang.Object, java.lang.Object, java.lang.Object, java.lang.Object)'> (0x0000000087497e98) thrown at [./src/hotspot/share/interpreter/linkResolver.cpp, line 773]
Event: 3.443 Thread 0x0000020bfc5d6800 Exception <a 'java/lang/NoSuchMethodError'{0x0000000086f36050}: 'void java.lang.invoke.DirectMethodHandle$Holder.invokeSpecial(java.lang.Object, java.lang.Object)'> (0x0000000086f36050) thrown at [./src/hotspot/share/interpreter/linkResolver.cpp, line 773]

Events (20 events):
Event: 3.443 loading class org/gradle/api/invocation/Gradle
Event: 3.443 loading class org/gradle/api/invocation/Gradle done
Event: 3.443 loading class org/gradle/api/plugins/PluginAware
Event: 3.443 loading class org/gradle/api/plugins/PluginAware done
Event: 3.444 loading class org/gradle/initialization/DefaultGradleLauncherFactory
Event: 3.444 loading class org/gradle/initialization/DefaultGradleLauncherFactory done
Event: 3.444 loading class org/gradle/api/internal/GradleInternal
Event: 3.444 loading class org/gradle/api/internal/GradleInternal done
Event: 3.444 loading class org/gradle/api/internal/GradleInternal
Event: 3.444 loading class org/gradle/api/internal/GradleInternal done
Event: 3.444 loading class org/gradle/api/internal/plugins/PluginAwareInternal
Event: 3.444 loading class org/gradle/api/internal/plugins/PluginAwareInternal done
Event: 3.445 loading class org/gradle/internal/service/scopes/BuildScopeServices
Event: 3.445 loading class org/gradle/internal/service/scopes/BuildScopeServices done
Event: 3.446 loading class org/gradle/api/internal/GradleInternal
Event: 3.446 loading class org/gradle/api/internal/GradleInternal done
Event: 3.446 loading class org/gradle/initialization/DefaultGradleLauncherFactory
Event: 3.446 loading class org/gradle/initialization/DefaultGradleLauncherFactory done
Event: 3.446 loading class org/gradle/initialization/DefaultGradleLauncherFactory$GradleLauncherInstantiator
Event: 3.446 loading class org/gradle/initialization/DefaultGradleLauncherFactory$GradleLauncherInstantiator done


Dynamic libraries:
0x00007ff77b7b0000 - 0x00007ff77b7ba000 	C:\soft\AStudio\jre\bin\java.exe
0x00007ff815f10000 - 0x00007ff816108000 	C:\windows\SYSTEM32\ntdll.dll
0x00007ff8142e0000 - 0x00007ff81439f000 	C:\windows\System32\KERNEL32.DLL
0x00007ff813c50000 - 0x00007ff813f22000 	C:\windows\System32\KERNELBASE.dll
0x00007ff8136b0000 - 0x00007ff8137b0000 	C:\windows\System32\ucrtbase.dll
0x00007ff80cac0000 - 0x00007ff80cad7000 	C:\soft\AStudio\jre\bin\VCRUNTIME140.dll
0x00007ff80c8d0000 - 0x00007ff80c8e9000 	C:\soft\AStudio\jre\bin\jli.dll
0x00007ff814fc0000 - 0x00007ff815161000 	C:\windows\System32\USER32.dll
0x00007ffff3710000 - 0x00007ffff39aa000 	C:\windows\WinSxS\amd64_microsoft.windows.common-controls_6595b64144ccf1df_6.0.19041.1110_none_60b5254171f9507e\COMCTL32.dll
0x00007ff813a10000 - 0x00007ff813a32000 	C:\windows\System32\win32u.dll
0x00007ff813f60000 - 0x00007ff813ffe000 	C:\windows\System32\msvcrt.dll
0x00007ff8152a0000 - 0x00007ff8152cb000 	C:\windows\System32\GDI32.dll
0x00007ff813a40000 - 0x00007ff813b4f000 	C:\windows\System32\gdi32full.dll
0x00007ff813610000 - 0x00007ff8136ad000 	C:\windows\System32\msvcp_win.dll
0x00007ff815270000 - 0x00007ff8152a0000 	C:\windows\System32\IMM32.DLL
0x00007fffe5960000 - 0x00007fffe59fd000 	C:\soft\AStudio\jre\bin\msvcp140.dll
0x00007fff5f440000 - 0x00007fff5ff0f000 	C:\soft\AStudio\jre\bin\server\jvm.dll
0x00007ff814080000 - 0x00007ff81412e000 	C:\windows\System32\ADVAPI32.dll
0x00007ff815e30000 - 0x00007ff815ecc000 	C:\windows\System32\sechost.dll
0x00007ff815a80000 - 0x00007ff815ba4000 	C:\windows\System32\RPCRT4.dll
0x00007ff815170000 - 0x00007ff815178000 	C:\windows\System32\PSAPI.DLL
0x00007ff8096a0000 - 0x00007ff8096aa000 	C:\windows\SYSTEM32\VERSION.dll
0x00007ff8097f0000 - 0x00007ff809817000 	C:\windows\SYSTEM32\WINMM.dll
0x00007ffff0100000 - 0x00007ffff0109000 	C:\windows\SYSTEM32\WSOCK32.dll
0x00007ff8154d0000 - 0x00007ff81553b000 	C:\windows\System32\WS2_32.dll
0x00007ff8113d0000 - 0x00007ff8113e2000 	C:\windows\SYSTEM32\kernel.appcore.dll
0x00007ff80eeb0000 - 0x00007ff80eec1000 	C:\soft\AStudio\jre\bin\verify.dll
0x00007ff8000a0000 - 0x00007ff800284000 	C:\windows\SYSTEM32\DBGHELP.DLL
0x00007ffffc840000 - 0x00007ffffc875000 	C:\windows\SYSTEM32\dbgcore.DLL
0x00007ff813b50000 - 0x00007ff813bd2000 	C:\windows\System32\bcryptPrimitives.dll
0x00007ff80c8f0000 - 0x00007ff80c919000 	C:\soft\AStudio\jre\bin\java.dll
0x00007ff810240000 - 0x00007ff81024b000 	C:\soft\AStudio\jre\bin\jimage.dll
0x00007ff80cca0000 - 0x00007ff80ccb8000 	C:\soft\AStudio\jre\bin\zip.dll
0x00007ff8143a0000 - 0x00007ff814ae5000 	C:\windows\System32\SHELL32.dll
0x00007ff8116d0000 - 0x00007ff811e62000 	C:\windows\SYSTEM32\windows.storage.dll
0x00007ff815540000 - 0x00007ff815895000 	C:\windows\System32\combase.dll
0x00007ff813070000 - 0x00007ff8130a0000 	C:\windows\SYSTEM32\Wldp.dll
0x00007ff8152f0000 - 0x00007ff81539d000 	C:\windows\System32\SHCORE.dll
0x00007ff815400000 - 0x00007ff815455000 	C:\windows\System32\shlwapi.dll
0x00007ff813550000 - 0x00007ff81356f000 	C:\windows\SYSTEM32\profapi.dll
0x00007ff80c930000 - 0x00007ff80c94a000 	C:\soft\AStudio\jre\bin\net.dll
0x00007ff80e0a0000 - 0x00007ff80e1aa000 	C:\windows\SYSTEM32\WINHTTP.dll
0x00007ff812dd0000 - 0x00007ff812e3a000 	C:\windows\system32\mswsock.dll
0x00007ff80c450000 - 0x00007ff80c464000 	C:\soft\AStudio\jre\bin\nio.dll
0x00007ff809ea0000 - 0x00007ff809ec7000 	C:\Users\Eduard\.gradle\native\8bec1ad78214c89d9ad589b4d07fe93259594b29d510b10fafb7a158f7737e5d\windows-amd64\native-platform.dll
0x00007fffd8690000 - 0x00007fffd87cd000 	C:\Users\Eduard\.gradle\native\53dbd7edfb1c66fb8903c78663c9afc45aea4f116125fa6feffd364cf09443e8\windows-amd64\native-platform-file-events.dll
0x00007ff80cc20000 - 0x00007ff80cc2a000 	C:\soft\AStudio\jre\bin\management.dll
0x00007ff80c320000 - 0x00007ff80c32c000 	C:\soft\AStudio\jre\bin\management_ext.dll
0x00007ff812fc0000 - 0x00007ff812fd8000 	C:\windows\SYSTEM32\CRYPTSP.dll
0x00007ff812680000 - 0x00007ff8126b4000 	C:\windows\system32\rsaenh.dll
0x00007ff813f30000 - 0x00007ff813f57000 	C:\windows\System32\bcrypt.dll
0x00007ff8134d0000 - 0x00007ff8134fe000 	C:\windows\SYSTEM32\USERENV.dll
0x00007ff812fe0000 - 0x00007ff812fec000 	C:\windows\SYSTEM32\CRYPTBASE.dll
0x00007ff812a70000 - 0x00007ff812aab000 	C:\windows\SYSTEM32\IPHLPAPI.DLL
0x00007ff815460000 - 0x00007ff815468000 	C:\windows\System32\NSI.dll
0x00007ff80b5d0000 - 0x00007ff80b5e7000 	C:\windows\SYSTEM32\dhcpcsvc6.DLL
0x00007ff80b3f0000 - 0x00007ff80b40d000 	C:\windows\SYSTEM32\dhcpcsvc.DLL
0x00007ff812ac0000 - 0x00007ff812b8b000 	C:\windows\SYSTEM32\DNSAPI.dll

dbghelp: loaded successfully - version: 4.0.5 - missing functions: none
symbol engine: initialized successfully - sym options: 0x614 - pdb path: .;C:\soft\AStudio\jre\bin;C:\windows\SYSTEM32;C:\windows\WinSxS\amd64_microsoft.windows.common-controls_6595b64144ccf1df_6.0.19041.1110_none_60b5254171f9507e;C:\soft\AStudio\jre\bin\server;C:\Users\Eduard\.gradle\native\8bec1ad78214c89d9ad589b4d07fe93259594b29d510b10fafb7a158f7737e5d\windows-amd64;C:\Users\Eduard\.gradle\native\53dbd7edfb1c66fb8903c78663c9afc45aea4f116125fa6feffd364cf09443e8\windows-amd64

VM Arguments:
jvm_args: --add-opens=java.base/java.util=ALL-UNNAMED --add-opens=java.base/java.lang=ALL-UNNAMED --add-opens=java.base/java.lang.invoke=ALL-UNNAMED --add-opens=java.base/java.util=ALL-UNNAMED --add-opens=java.prefs/java.util.prefs=ALL-UNNAMED --add-opens=java.prefs/java.util.prefs=ALL-UNNAMED --add-opens=java.base/java.nio.charset=ALL-UNNAMED --add-opens=java.base/java.net=ALL-UNNAMED --add-opens=java.base/java.util.concurrent.atomic=ALL-UNNAMED -Xmx2048m -Dfile.encoding=UTF-8 -Duser.country=RU -Duser.language=ru -Duser.variant 
java_command: org.gradle.launcher.daemon.bootstrap.GradleDaemon 7.0.2
java_class_path (initial): C:\Users\Eduard\.gradle\wrapper\dists\gradle-7.0.2-bin\857tjihv64xamwrf0h14cai3r\gradle-7.0.2\lib\gradle-launcher-7.0.2.jar
Launcher Type: SUN_STANDARD

[Global flags]
     intx CICompilerCount                          = 4                                         {product} {ergonomic}
     uint ConcGCThreads                            = 3                                         {product} {ergonomic}
     uint G1ConcRefinementThreads                  = 10                                        {product} {ergonomic}
   size_t G1HeapRegionSize                         = 1048576                                   {product} {ergonomic}
    uintx GCDrainStackTargetSize                   = 64                                        {product} {ergonomic}
   size_t InitialHeapSize                          = 123731968                                 {product} {ergonomic}
   size_t MarkStackSize                            = 4194304                                   {product} {ergonomic}
   size_t MaxHeapSize                              = 2147483648                                {product} {command line}
   size_t MaxNewSize                               = 1287651328                                {product} {ergonomic}
   size_t MinHeapDeltaBytes                        = 1048576                                   {product} {ergonomic}
    uintx NonNMethodCodeHeapSize                   = 5836300                                {pd product} {ergonomic}
    uintx NonProfiledCodeHeapSize                  = 122910970                              {pd product} {ergonomic}
    uintx ProfiledCodeHeapSize                     = 122910970                              {pd product} {ergonomic}
    uintx ReservedCodeCacheSize                    = 251658240                              {pd product} {ergonomic}
     bool SegmentedCodeCache                       = true                                      {product} {ergonomic}
     bool UseCompressedClassPointers               = true                                 {lp64_product} {ergonomic}
     bool UseCompressedOops                        = true                                 {lp64_product} {ergonomic}
     bool UseG1GC                                  = true                                      {product} {ergonomic}
     bool UseLargePagesIndividualAllocation        = false                                  {pd product} {ergonomic}

Logging:
Log output configuration:
 #0: stdout all=warning uptime,level,tags
 #1: stderr all=off uptime,level,tags

Environment Variables:
PATH=C:\Program Files (x86)\Common Files\Oracle\Java\javapath;C:\windows\system32;C:\windows;C:\windows\System32\Wbem;C:\windows\System32\WindowsPowerShell\v1.0\;C:\windows\System32\OpenSSH\;C:\Program Files\Microsoft SQL Server\Client SDK\ODBC\170\Tools\Binn\;C:\Program Files (x86)\Microsoft SQL Server\150\Tools\Binn\;C:\Program Files\Microsoft SQL Server\150\Tools\Binn\;C:\Program Files\Microsoft SQL Server\150\DTS\Binn\;C:\Program Files (x86)\Microsoft SQL Server\150\DTS\Binn\;C:\Program Files\Azure Data Studio\bin;C:\Program Files\Git\cmd;C:\Program Files\nodejs\;C:\ProgramData\chocolatey\bin;C:\Program Files\dotnet\;C:\soft\Python\Scripts\;C:\soft\Python\;C:\Users\Eduard\AppData\Local\Microsoft\WindowsApps;C:\Program Files\Azure Data Studio\bin;C:\Users\Eduard\AppData\Roaming\npm;C:\soft\Microsoft VS Code\bin;C:\soft\sqlite3;C:\Users\Eduard\.dotnet\tools
USERNAME=Eduard
OS=Windows_NT
PROCESSOR_IDENTIFIER=AMD64 Family 23 Model 104 Stepping 1, AuthenticAMD



---------------  S Y S T E M  ---------------

OS: Windows 10 , 64 bit Build 19041 (10.0.19041.2546)
OS uptime: 2 days 1:21 hours

CPU:total 12 (initial active 12) (12 cores per cpu, 2 threads per core) family 23 model 104 stepping 1 microcode 0x0, cmov, cx8, fxsr, mmx, sse, sse2, sse3, ssse3, sse4.1, sse4.2, popcnt, avx, avx2, aes, clmul, mmxext, 3dnowpref, lzcnt, sse4a, ht, tsc, tscinvbit, tscinv, bmi1, bmi2, adx,

Memory: 4k page, system-wide physical 7521M (252M free)
TotalPageFile size 15713M (AvailPageFile size 0M)
current process WorkingSet (physical memory assigned to process): 181M, peak: 181M
current process commit charge ("private bytes"): 250M, peak: 250M

vm_info: OpenJDK 64-Bit Server VM (11.0.10+0-b96-7249189) for windows-amd64 JRE (11.0.10+0-b96-7249189), built on Mar 31 2021 21:44:00 by "builder" with MS VC++ 14.0 (VS2015)

END.
