#
# There is insufficient memory for the Java Runtime Environment to continue.
# Native memory allocation (malloc) failed to allocate 1070416 bytes for Chunk::new
# Possible reasons:
#   The system is out of physical RAM or swap space
#   The process is running with CompressedOops enabled, and the Java Heap may be blocking the growth of the native heap
# Possible solutions:
#   Reduce memory load on the system
#   Increase physical memory or swap space
#   Check if swap backing store is full
#   Decrease Java heap size (-Xmx/-Xms)
#   Decrease number of Java threads
#   Decrease Java thread stack sizes (-Xss)
#   Set larger code cache with -XX:ReservedCodeCacheSize=
#   JVM is running with Unscaled Compressed Oops mode in which the Java heap is
#     placed in the first 4GB address space. The Java Heap base address is the
#     maximum limit for the native heap growth. Please use -XX:HeapBaseMinAddress
#     to set the Java Heap base and to place the Java Heap above 4GB virtual address.
# This output file may be truncated or incomplete.
#
#  Out of Memory Error (./src/hotspot/share/memory/arena.cpp:197), pid=13068, tid=4804
#
# JRE version: OpenJDK Runtime Environment (11.0.10) (build 11.0.10+0-b96-7249189)
# Java VM: OpenJDK 64-Bit Server VM (11.0.10+0-b96-7249189, mixed mode, tiered, compressed oops, g1 gc, windows-amd64)
# No core dump will be written. Minidumps are not enabled by default on client versions of Windows
#

---------------  S U M M A R Y ------------

Command Line: --add-opens=java.base/java.util=ALL-UNNAMED --add-opens=java.base/java.lang=ALL-UNNAMED --add-opens=java.base/java.lang.invoke=ALL-UNNAMED --add-opens=java.base/java.util=ALL-UNNAMED --add-opens=java.prefs/java.util.prefs=ALL-UNNAMED --add-opens=java.prefs/java.util.prefs=ALL-UNNAMED --add-opens=java.base/java.nio.charset=ALL-UNNAMED --add-opens=java.base/java.net=ALL-UNNAMED --add-opens=java.base/java.util.concurrent.atomic=ALL-UNNAMED -Xmx2048m -Dfile.encoding=UTF-8 -Duser.country=RU -Duser.language=ru -Duser.variant org.gradle.launcher.daemon.bootstrap.GradleDaemon 7.0.2

Host: AMD Ryzen 5 5500U with Radeon Graphics         , 12 cores, 7G,  Windows 10 , 64 bit Build 19041 (10.0.19041.2546)
Time: Wed Mar 22 22:15:54 2023 RTZ 2 (зима) elapsed time: 13.596586 seconds (0d 0h 0m 13s)

---------------  T H R E A D  ---------------

Current thread (0x00000236b3a4b000):  JavaThread "C2 CompilerThread1" daemon [_thread_in_native, id=4804, stack(0x0000005c2b600000,0x0000005c2b700000)]


Current CompileTask:
C2:  13596 8979       4       org.gradle.internal.serialize.kryo.StringDeduplicatingKryoBackedEncoder::writeNullableString (114 bytes)

Stack: [0x0000005c2b600000,0x0000005c2b700000]
Native frames: (J=compiled Java code, j=interpreted, Vv=VM code, C=native code)
V  [jvm.dll+0x5ecfaa]
V  [jvm.dll+0x722bd5]
V  [jvm.dll+0x72412d]
V  [jvm.dll+0x7247e3]
V  [jvm.dll+0x242928]
V  [jvm.dll+0xbc4fc]
V  [jvm.dll+0xbca0c]
V  [jvm.dll+0x352d7d]
V  [jvm.dll+0x320ad3]
V  [jvm.dll+0x31ffca]
V  [jvm.dll+0x1fb602]
V  [jvm.dll+0x1fa7f4]
V  [jvm.dll+0x18354c]
V  [jvm.dll+0x208ee7]
V  [jvm.dll+0x207731]
V  [jvm.dll+0x6eb1cf]
V  [jvm.dll+0x6e3d45]
V  [jvm.dll+0x5ebe96]
C  [ucrtbase.dll+0x21bb2]
C  [KERNEL32.DLL+0x17614]
C  [ntdll.dll+0x526a1]


---------------  P R O C E S S  ---------------

Threads class SMR info:
_java_thread_list=0x00000236b6e800e0, length=59, elements={
0x00000236966bb800, 0x00000236b0ffd000, 0x00000236b1006800, 0x00000236b1018800,
0x00000236b101c000, 0x00000236b101d000, 0x00000236b1022000, 0x00000236b1023000,
0x00000236b1028000, 0x00000236b1b02000, 0x00000236b34eb800, 0x00000236b40fc000,
0x00000236b3a4b000, 0x00000236b4caf000, 0x00000236b1c24000, 0x00000236b4613800,
0x00000236b3a46000, 0x00000236b2c02800, 0x00000236b3fe3000, 0x00000236b3a41000,
0x00000236b3a9f000, 0x00000236b3aa1800, 0x00000236b3aa0000, 0x00000236b3aa2800,
0x00000236b3aa1000, 0x00000236b3a9e800, 0x00000236b3a9d000, 0x00000236b3aa3800,
0x00000236b3a9d800, 0x00000236b3f39000, 0x00000236b3f3a800, 0x00000236b3f3b000,
0x00000236b3f36800, 0x00000236b3f35800, 0x00000236b3f3d000, 0x00000236b3f3c000,
0x00000236b3f37000, 0x00000236b3f38000, 0x00000236b3f3e800, 0x00000236b3f3d800,
0x00000236b3f3f800, 0x00000236b3f39800, 0x00000236b3f40000, 0x00000236b3f42800,
0x00000236b545f800, 0x00000236b5460000, 0x00000236b5461000, 0x00000236b545b000,
0x00000236b5462000, 0x00000236b545c000, 0x00000236b545d000, 0x00000236b545d800,
0x00000236b545e800, 0x00000236b3fb4800, 0x00000236b3fb6800, 0x00000236b3fb7000,
0x00000236b3fb8000, 0x00000236b3fb3000, 0x00000236b3fb9000
}

Java Threads: ( => current thread )
  0x00000236966bb800 JavaThread "main" [_thread_blocked, id=15612, stack(0x0000005c2a200000,0x0000005c2a300000)]
  0x00000236b0ffd000 JavaThread "Reference Handler" daemon [_thread_blocked, id=15252, stack(0x0000005c2a900000,0x0000005c2aa00000)]
  0x00000236b1006800 JavaThread "Finalizer" daemon [_thread_blocked, id=18224, stack(0x0000005c2aa00000,0x0000005c2ab00000)]
  0x00000236b1018800 JavaThread "Signal Dispatcher" daemon [_thread_blocked, id=14736, stack(0x0000005c2ab00000,0x0000005c2ac00000)]
  0x00000236b101c000 JavaThread "Attach Listener" daemon [_thread_blocked, id=19336, stack(0x0000005c2ac00000,0x0000005c2ad00000)]
  0x00000236b101d000 JavaThread "Service Thread" daemon [_thread_blocked, id=2912, stack(0x0000005c2ad00000,0x0000005c2ae00000)]
  0x00000236b1022000 JavaThread "C2 CompilerThread0" daemon [_thread_in_native, id=11480, stack(0x0000005c2ae00000,0x0000005c2af00000)]
  0x00000236b1023000 JavaThread "C1 CompilerThread0" daemon [_thread_blocked, id=11148, stack(0x0000005c2af00000,0x0000005c2b000000)]
  0x00000236b1028000 JavaThread "Sweeper thread" daemon [_thread_blocked, id=17672, stack(0x0000005c2b000000,0x0000005c2b100000)]
  0x00000236b1b02000 JavaThread "Common-Cleaner" daemon [_thread_blocked, id=12280, stack(0x0000005c2b100000,0x0000005c2b200000)]
  0x00000236b34eb800 JavaThread "Daemon health stats" [_thread_blocked, id=2760, stack(0x0000005c2b500000,0x0000005c2b600000)]
  0x00000236b40fc000 JavaThread "Incoming local TCP Connector on port 60612" [_thread_in_native, id=18512, stack(0x0000005c2b300000,0x0000005c2b400000)]
=>0x00000236b3a4b000 JavaThread "C2 CompilerThread1" daemon [_thread_in_native, id=4804, stack(0x0000005c2b600000,0x0000005c2b700000)]
  0x00000236b4caf000 JavaThread "Daemon periodic checks" [_thread_blocked, id=13580, stack(0x0000005c2b700000,0x0000005c2b800000)]
  0x00000236b1c24000 JavaThread "Daemon" [_thread_blocked, id=10056, stack(0x0000005c2b800000,0x0000005c2b900000)]
  0x00000236b4613800 JavaThread "Handler for socket connection from /127.0.0.1:60612 to /127.0.0.1:60613" [_thread_in_native, id=18960, stack(0x0000005c2b900000,0x0000005c2ba00000)]
  0x00000236b3a46000 JavaThread "Cancel handler" [_thread_blocked, id=2876, stack(0x0000005c2ba00000,0x0000005c2bb00000)]
  0x00000236b2c02800 JavaThread "Daemon worker" [_thread_in_vm, id=10272, stack(0x0000005c2bb00000,0x0000005c2bc00000)]
  0x00000236b3fe3000 JavaThread "Asynchronous log dispatcher for DefaultDaemonConnection: socket connection from /127.0.0.1:60612 to /127.0.0.1:60613" [_thread_blocked, id=18656, stack(0x0000005c2bc00000,0x0000005c2bd00000)]
  0x00000236b3a41000 JavaThread "Stdin handler" [_thread_blocked, id=2244, stack(0x0000005c2bd00000,0x0000005c2be00000)]
  0x00000236b3a9f000 JavaThread "Daemon client event forwarder" [_thread_blocked, id=19540, stack(0x0000005c2be00000,0x0000005c2bf00000)]
  0x00000236b3aa1800 JavaThread "Cache worker for file hash cache (C:\Users\Eduard\.gradle\caches\7.0.2\fileHashes)" [_thread_blocked, id=19036, stack(0x0000005c2c900000,0x0000005c2ca00000)]
  0x00000236b3aa0000 JavaThread "File lock request listener" [_thread_in_native, id=8072, stack(0x0000005c2ca00000,0x0000005c2cb00000)]
  0x00000236b3aa2800 JavaThread "Cache worker for journal cache (C:\Users\Eduard\.gradle\caches\journal-1)" [_thread_blocked, id=984, stack(0x0000005c2cd00000,0x0000005c2ce00000)]
  0x00000236b3aa1000 JavaThread "Cache worker for file hash cache (C:\Users\Eduard\AndroidStudioProjects\Practice2023_PcComponents\.gradle\7.0.2\fileHashes)" [_thread_blocked, id=10824, stack(0x0000005c2ce00000,0x0000005c2cf00000)]
  0x00000236b3a9e800 JavaThread "File watcher server" daemon [_thread_in_native, id=3160, stack(0x0000005c2cf00000,0x0000005c2d000000)]
  0x00000236b3a9d000 JavaThread "File watcher consumer" daemon [_thread_blocked, id=17272, stack(0x0000005c2d000000,0x0000005c2d100000)]
  0x00000236b3aa3800 JavaThread "jar transforms" [_thread_blocked, id=14832, stack(0x0000005c2d100000,0x0000005c2d200000)]
  0x00000236b3a9d800 JavaThread "jar transforms Thread 2" [_thread_blocked, id=5536, stack(0x0000005c2d200000,0x0000005c2d300000)]
  0x00000236b3f39000 JavaThread "jar transforms Thread 3" [_thread_blocked, id=14864, stack(0x0000005c2d300000,0x0000005c2d400000)]
  0x00000236b3f3a800 JavaThread "jar transforms Thread 4" [_thread_blocked, id=16984, stack(0x0000005c2d400000,0x0000005c2d500000)]
  0x00000236b3f3b000 JavaThread "jar transforms Thread 5" [_thread_blocked, id=17424, stack(0x0000005c2d500000,0x0000005c2d600000)]
  0x00000236b3f36800 JavaThread "jar transforms Thread 6" [_thread_blocked, id=10080, stack(0x0000005c2d600000,0x0000005c2d700000)]
  0x00000236b3f35800 JavaThread "jar transforms Thread 7" [_thread_blocked, id=9364, stack(0x0000005c2d700000,0x0000005c2d800000)]
  0x00000236b3f3d000 JavaThread "jar transforms Thread 8" [_thread_blocked, id=19460, stack(0x0000005c2d800000,0x0000005c2d900000)]
  0x00000236b3f3c000 JavaThread "jar transforms Thread 9" [_thread_blocked, id=12308, stack(0x0000005c2d900000,0x0000005c2da00000)]
  0x00000236b3f37000 JavaThread "jar transforms Thread 10" [_thread_blocked, id=14468, stack(0x0000005c2da00000,0x0000005c2db00000)]
  0x00000236b3f38000 JavaThread "jar transforms Thread 11" [_thread_blocked, id=6804, stack(0x0000005c2db00000,0x0000005c2dc00000)]
  0x00000236b3f3e800 JavaThread "jar transforms Thread 12" [_thread_blocked, id=756, stack(0x0000005c2dc00000,0x0000005c2dd00000)]
  0x00000236b3f3d800 JavaThread "Cache worker for checksums cache (C:\Users\Eduard\AndroidStudioProjects\Practice2023_PcComponents\.gradle\checksums)" [_thread_blocked, id=3028, stack(0x0000005c2dd00000,0x0000005c2de00000)]
  0x00000236b3f3f800 JavaThread "Cache worker for cache directory md-supplier (C:\Users\Eduard\.gradle\caches\7.0.2\md-supplier)" [_thread_blocked, id=1752, stack(0x0000005c2de00000,0x0000005c2df00000)]
  0x00000236b3f39800 JavaThread "Cache worker for cache directory md-rule (C:\Users\Eduard\.gradle\caches\7.0.2\md-rule)" [_thread_blocked, id=9700, stack(0x0000005c2df00000,0x0000005c2e000000)]
  0x00000236b3f40000 JavaThread "Cache worker for execution history cache (C:\Users\Eduard\.gradle\caches\7.0.2\executionHistory)" [_thread_blocked, id=14012, stack(0x0000005c2e000000,0x0000005c2e100000)]
  0x00000236b3f42800 JavaThread "Cache worker for file content cache (C:\Users\Eduard\.gradle\caches\7.0.2\fileContent)" [_thread_blocked, id=5628, stack(0x0000005c2e100000,0x0000005c2e200000)]
  0x00000236b545f800 JavaThread "Cache worker for dependencies-accessors (C:\Users\Eduard\AndroidStudioProjects\Practice2023_PcComponents\.gradle\7.0.2\dependencies-accessors)" [_thread_blocked, id=12480, stack(0x0000005c2e200000,0x0000005c2e300000)]
  0x00000236b5460000 JavaThread "Cache worker for Build Output Cleanup Cache (C:\Users\Eduard\AndroidStudioProjects\Practice2023_PcComponents\.gradle\buildOutputCleanup)" [_thread_blocked, id=16024, stack(0x0000005c2e300000,0x0000005c2e400000)]
  0x00000236b5461000 JavaThread "Build operations" [_thread_blocked, id=19532, stack(0x0000005c2e400000,0x0000005c2e500000)]
  0x00000236b545b000 JavaThread "Build operations Thread 2" [_thread_blocked, id=3568, stack(0x0000005c2e500000,0x0000005c2e600000)]
  0x00000236b5462000 JavaThread "Build operations Thread 3" [_thread_blocked, id=1180, stack(0x0000005c2e600000,0x0000005c2e700000)]
  0x00000236b545c000 JavaThread "Build operations Thread 4" [_thread_blocked, id=17744, stack(0x0000005c2e700000,0x0000005c2e800000)]
  0x00000236b545d000 JavaThread "Build operations Thread 5" [_thread_blocked, id=18988, stack(0x0000005c2e800000,0x0000005c2e900000)]
  0x00000236b545d800 JavaThread "Build operations Thread 6" [_thread_blocked, id=2176, stack(0x0000005c2e900000,0x0000005c2ea00000)]
  0x00000236b545e800 JavaThread "Build operations Thread 7" [_thread_blocked, id=11528, stack(0x0000005c2ea00000,0x0000005c2eb00000)]
  0x00000236b3fb4800 JavaThread "Build operations Thread 8" [_thread_blocked, id=19764, stack(0x0000005c2eb00000,0x0000005c2ec00000)]
  0x00000236b3fb6800 JavaThread "Build operations Thread 9" [_thread_blocked, id=15868, stack(0x0000005c2ec00000,0x0000005c2ed00000)]
  0x00000236b3fb7000 JavaThread "Build operations Thread 10" [_thread_blocked, id=7428, stack(0x0000005c2ed00000,0x0000005c2ee00000)]
  0x00000236b3fb8000 JavaThread "Build operations Thread 11" [_thread_blocked, id=5124, stack(0x0000005c2ee00000,0x0000005c2ef00000)]
  0x00000236b3fb3000 JavaThread "Build operations Thread 12" [_thread_blocked, id=13804, stack(0x0000005c2ef00000,0x0000005c2f000000)]
  0x00000236b3fb9000 JavaThread "Memory manager" [_thread_blocked, id=11272, stack(0x0000005c2f000000,0x0000005c2f100000)]

Other Threads:
  0x00000236b0ff7800 VMThread "VM Thread" [stack: 0x0000005c2a800000,0x0000005c2a900000] [id=12384]
  0x00000236b1b0b000 WatcherThread [stack: 0x0000005c2b200000,0x0000005c2b300000] [id=8524]
  0x00000236966d5000 GCTaskThread "GC Thread#0" [stack: 0x0000005c2a300000,0x0000005c2a400000] [id=8100]
  0x00000236b1d14800 GCTaskThread "GC Thread#1" [stack: 0x0000005c2b400000,0x0000005c2b500000] [id=3400]
  0x00000236b28e3000 GCTaskThread "GC Thread#2" [stack: 0x0000005c2bf00000,0x0000005c2c000000] [id=19300]
  0x00000236b2a3f000 GCTaskThread "GC Thread#3" [stack: 0x0000005c2c000000,0x0000005c2c100000] [id=3784]
  0x00000236b3ce7800 GCTaskThread "GC Thread#4" [stack: 0x0000005c2c100000,0x0000005c2c200000] [id=17764]
  0x00000236b3a3c000 GCTaskThread "GC Thread#5" [stack: 0x0000005c2c200000,0x0000005c2c300000] [id=10108]
  0x00000236b3a00000 GCTaskThread "GC Thread#6" [stack: 0x0000005c2c300000,0x0000005c2c400000] [id=7220]
  0x00000236b389a800 GCTaskThread "GC Thread#7" [stack: 0x0000005c2c400000,0x0000005c2c500000] [id=4852]
  0x00000236b3272800 GCTaskThread "GC Thread#8" [stack: 0x0000005c2c500000,0x0000005c2c600000] [id=5112]
  0x00000236b2c6f000 GCTaskThread "GC Thread#9" [stack: 0x0000005c2c600000,0x0000005c2c700000] [id=10508]
  0x0000023696709000 ConcurrentGCThread "G1 Main Marker" [stack: 0x0000005c2a400000,0x0000005c2a500000] [id=1664]
  0x000002369670a800 ConcurrentGCThread "G1 Conc#0" [stack: 0x0000005c2a500000,0x0000005c2a600000] [id=9348]
  0x00000236b3fd4800 ConcurrentGCThread "G1 Conc#1" [stack: 0x0000005c2cb00000,0x0000005c2cc00000] [id=15024]
  0x00000236b3fd7800 ConcurrentGCThread "G1 Conc#2" [stack: 0x0000005c2cc00000,0x0000005c2cd00000] [id=2324]
  0x000002369679d800 ConcurrentGCThread "G1 Refine#0" [stack: 0x0000005c2a600000,0x0000005c2a700000] [id=20236]
  0x00000236b2745800 ConcurrentGCThread "G1 Refine#1" [stack: 0x0000005c2c700000,0x0000005c2c800000] [id=9116]
  0x00000236b3d69000 ConcurrentGCThread "G1 Refine#2" [stack: 0x0000005c2c800000,0x0000005c2c900000] [id=6152]
  0x00000236b0e42800 ConcurrentGCThread "G1 Young RemSet Sampling" [stack: 0x0000005c2a700000,0x0000005c2a800000] [id=18444]

Threads with active compile tasks:
C2 CompilerThread0  13620 9019   !   4       org.gradle.internal.serialize.kryo.StringDeduplicatingKryoBackedDecoder::readNullableString (110 bytes)
C2 CompilerThread1  13620 8979       4       org.gradle.internal.serialize.kryo.StringDeduplicatingKryoBackedEncoder::writeNullableString (114 bytes)

VM state:not at safepoint (normal execution)

VM Mutex/Monitor currently owned by a thread: None

Heap address: 0x0000000080000000, size: 2048 MB, Compressed Oops mode: 32-bit
Narrow klass base: 0x0000000000000000, Narrow klass shift: 3
Compressed class space size: 1073741824 Address: 0x0000000100000000

Heap:
 garbage-first heap   total 175104K, used 124160K [0x0000000080000000, 0x0000000100000000)
  region size 1024K, 36 young (36864K), 4 survivors (4096K)
 Metaspace       used 92061K, capacity 94382K, committed 94464K, reserved 1130496K
  class space    used 11909K, capacity 12721K, committed 12800K, reserved 1048576K
Heap Regions: E=young(eden), S=young(survivor), O=old, HS=humongous(starts), HC=humongous(continues), CS=collection set, F=free, A=archive, TAMS=top-at-mark-start (previous, next)
|   0|0x0000000080000000, 0x0000000080100000, 0x0000000080100000|100%| O|  |TAMS 0x0000000080100000, 0x0000000080000000| Untracked 
|   1|0x0000000080100000, 0x0000000080200000, 0x0000000080200000|100%| O|  |TAMS 0x0000000080200000, 0x0000000080100000| Untracked 
|   2|0x0000000080200000, 0x0000000080300000, 0x0000000080300000|100%| O|  |TAMS 0x0000000080300000, 0x0000000080200000| Untracked 
|   3|0x0000000080300000, 0x0000000080400000, 0x0000000080400000|100%|HS|  |TAMS 0x0000000080400000, 0x0000000080300000| Complete 
|   4|0x0000000080400000, 0x0000000080500000, 0x0000000080500000|100%|HC|  |TAMS 0x0000000080500000, 0x0000000080400000| Complete 
|   5|0x0000000080500000, 0x0000000080600000, 0x0000000080600000|100%|HC|  |TAMS 0x0000000080600000, 0x0000000080500000| Complete 
|   6|0x0000000080600000, 0x0000000080700000, 0x0000000080700000|100%| O|  |TAMS 0x0000000080700000, 0x0000000080600000| Untracked 
|   7|0x0000000080700000, 0x0000000080800000, 0x0000000080800000|100%| O|  |TAMS 0x0000000080800000, 0x0000000080700000| Untracked 
|   8|0x0000000080800000, 0x0000000080900000, 0x0000000080900000|100%| O|  |TAMS 0x0000000080900000, 0x0000000080800000| Untracked 
|   9|0x0000000080900000, 0x0000000080a00000, 0x0000000080a00000|100%| O|  |TAMS 0x0000000080a00000, 0x0000000080900000| Untracked 
|  10|0x0000000080a00000, 0x0000000080b00000, 0x0000000080b00000|100%| O|  |TAMS 0x0000000080b00000, 0x0000000080a00000| Untracked 
|  11|0x0000000080b00000, 0x0000000080c00000, 0x0000000080c00000|100%| O|  |TAMS 0x0000000080c00000, 0x0000000080b00000| Untracked 
|  12|0x0000000080c00000, 0x0000000080d00000, 0x0000000080d00000|100%| O|  |TAMS 0x0000000080d00000, 0x0000000080c00000| Untracked 
|  13|0x0000000080d00000, 0x0000000080e00000, 0x0000000080e00000|100%| O|  |TAMS 0x0000000080e00000, 0x0000000080d00000| Untracked 
|  14|0x0000000080e00000, 0x0000000080f00000, 0x0000000080f00000|100%| O|  |TAMS 0x0000000080f00000, 0x0000000080e00000| Untracked 
|  15|0x0000000080f00000, 0x0000000081000000, 0x0000000081000000|100%| O|  |TAMS 0x0000000081000000, 0x0000000080f00000| Untracked 
|  16|0x0000000081000000, 0x0000000081100000, 0x0000000081100000|100%|HS|  |TAMS 0x0000000081100000, 0x0000000081000000| Complete 
|  17|0x0000000081100000, 0x0000000081200000, 0x0000000081200000|100%|HC|  |TAMS 0x0000000081200000, 0x0000000081100000| Complete 
|  18|0x0000000081200000, 0x0000000081300000, 0x0000000081300000|100%|HS|  |TAMS 0x0000000081300000, 0x0000000081200000| Complete 
|  19|0x0000000081300000, 0x0000000081400000, 0x0000000081400000|100%|HC|  |TAMS 0x0000000081400000, 0x0000000081300000| Complete 
|  20|0x0000000081400000, 0x0000000081500000, 0x0000000081500000|100%|HC|  |TAMS 0x0000000081500000, 0x0000000081400000| Complete 
|  21|0x0000000081500000, 0x0000000081600000, 0x0000000081600000|100%|HS|  |TAMS 0x0000000081600000, 0x0000000081500000| Complete 
|  22|0x0000000081600000, 0x0000000081700000, 0x0000000081700000|100%|HC|  |TAMS 0x0000000081700000, 0x0000000081600000| Complete 
|  23|0x0000000081700000, 0x0000000081800000, 0x0000000081800000|100%|HC|  |TAMS 0x0000000081800000, 0x0000000081700000| Complete 
|  24|0x0000000081800000, 0x0000000081900000, 0x0000000081900000|100%|HC|  |TAMS 0x0000000081900000, 0x0000000081800000| Complete 
|  25|0x0000000081900000, 0x0000000081a00000, 0x0000000081a00000|100%|HC|  |TAMS 0x0000000081a00000, 0x0000000081900000| Complete 
|  26|0x0000000081a00000, 0x0000000081b00000, 0x0000000081b00000|100%| O|  |TAMS 0x0000000081b00000, 0x0000000081a00000| Untracked 
|  27|0x0000000081b00000, 0x0000000081c00000, 0x0000000081c00000|100%| O|  |TAMS 0x0000000081c00000, 0x0000000081b00000| Untracked 
|  28|0x0000000081c00000, 0x0000000081d00000, 0x0000000081d00000|100%| O|  |TAMS 0x0000000081d00000, 0x0000000081c00000| Untracked 
|  29|0x0000000081d00000, 0x0000000081e00000, 0x0000000081e00000|100%| O|  |TAMS 0x0000000081e00000, 0x0000000081d00000| Untracked 
|  30|0x0000000081e00000, 0x0000000081f00000, 0x0000000081f00000|100%| O|  |TAMS 0x0000000081f00000, 0x0000000081e00000| Untracked 
|  31|0x0000000081f00000, 0x0000000082000000, 0x0000000082000000|100%| O|  |TAMS 0x0000000082000000, 0x0000000081f00000| Untracked 
|  32|0x0000000082000000, 0x0000000082100000, 0x0000000082100000|100%| O|  |TAMS 0x0000000082100000, 0x0000000082000000| Untracked 
|  33|0x0000000082100000, 0x0000000082200000, 0x0000000082200000|100%|HS|  |TAMS 0x0000000082200000, 0x0000000082100000| Complete 
|  34|0x0000000082200000, 0x0000000082300000, 0x0000000082300000|100%|HC|  |TAMS 0x0000000082300000, 0x0000000082200000| Complete 
|  35|0x0000000082300000, 0x0000000082400000, 0x0000000082400000|100%|HC|  |TAMS 0x0000000082400000, 0x0000000082300000| Complete 
|  36|0x0000000082400000, 0x0000000082500000, 0x0000000082500000|100%|HC|  |TAMS 0x0000000082500000, 0x0000000082400000| Complete 
|  37|0x0000000082500000, 0x0000000082600000, 0x0000000082600000|100%|HC|  |TAMS 0x0000000082600000, 0x0000000082500000| Complete 
|  38|0x0000000082600000, 0x0000000082700000, 0x0000000082700000|100%|HS|  |TAMS 0x0000000082700000, 0x0000000082600000| Complete 
|  39|0x0000000082700000, 0x0000000082800000, 0x0000000082800000|100%|HC|  |TAMS 0x0000000082800000, 0x0000000082700000| Complete 
|  40|0x0000000082800000, 0x0000000082900000, 0x0000000082900000|100%|HC|  |TAMS 0x0000000082900000, 0x0000000082800000| Complete 
|  41|0x0000000082900000, 0x0000000082a00000, 0x0000000082a00000|100%| O|  |TAMS 0x0000000082a00000, 0x0000000082900000| Untracked 
|  42|0x0000000082a00000, 0x0000000082b00000, 0x0000000082b00000|100%| O|  |TAMS 0x0000000082b00000, 0x0000000082a00000| Untracked 
|  43|0x0000000082b00000, 0x0000000082c00000, 0x0000000082c00000|100%| O|  |TAMS 0x0000000082c00000, 0x0000000082b00000| Untracked 
|  44|0x0000000082c00000, 0x0000000082d00000, 0x0000000082d00000|100%| O|  |TAMS 0x0000000082d00000, 0x0000000082c00000| Untracked 
|  45|0x0000000082d00000, 0x0000000082e00000, 0x0000000082e00000|100%| O|  |TAMS 0x0000000082e00000, 0x0000000082d00000| Untracked 
|  46|0x0000000082e00000, 0x0000000082f00000, 0x0000000082f00000|100%| O|  |TAMS 0x0000000082f00000, 0x0000000082e00000| Untracked 
|  47|0x0000000082f00000, 0x0000000083000000, 0x0000000083000000|100%| O|  |TAMS 0x0000000083000000, 0x0000000082f00000| Untracked 
|  48|0x0000000083000000, 0x0000000083100000, 0x0000000083100000|100%| O|  |TAMS 0x0000000083100000, 0x0000000083000000| Untracked 
|  49|0x0000000083100000, 0x0000000083200000, 0x0000000083200000|100%| O|  |TAMS 0x0000000083200000, 0x0000000083100000| Untracked 
|  50|0x0000000083200000, 0x0000000083300000, 0x0000000083300000|100%| O|  |TAMS 0x0000000083300000, 0x0000000083200000| Untracked 
|  51|0x0000000083300000, 0x0000000083400000, 0x0000000083400000|100%| O|  |TAMS 0x0000000083400000, 0x0000000083300000| Untracked 
|  52|0x0000000083400000, 0x0000000083500000, 0x0000000083500000|100%| O|  |TAMS 0x0000000083500000, 0x0000000083400000| Untracked 
|  53|0x0000000083500000, 0x0000000083600000, 0x0000000083600000|100%| O|  |TAMS 0x0000000083600000, 0x0000000083500000| Untracked 
|  54|0x0000000083600000, 0x0000000083700000, 0x0000000083700000|100%| O|  |TAMS 0x0000000083700000, 0x0000000083600000| Untracked 
|  55|0x0000000083700000, 0x0000000083800000, 0x0000000083800000|100%|HS|  |TAMS 0x0000000083800000, 0x0000000083700000| Complete 
|  56|0x0000000083800000, 0x0000000083900000, 0x0000000083900000|100%|HS|  |TAMS 0x0000000083900000, 0x0000000083800000| Complete 
|  57|0x0000000083900000, 0x0000000083a00000, 0x0000000083a00000|100%| O|  |TAMS 0x0000000083a00000, 0x0000000083900000| Untracked 
|  58|0x0000000083a00000, 0x0000000083b00000, 0x0000000083b00000|100%| O|  |TAMS 0x0000000083b00000, 0x0000000083a00000| Untracked 
|  59|0x0000000083b00000, 0x0000000083c00000, 0x0000000083c00000|100%|HS|  |TAMS 0x0000000083c00000, 0x0000000083b00000| Complete 
|  60|0x0000000083c00000, 0x0000000083d00000, 0x0000000083d00000|100%|HC|  |TAMS 0x0000000083d00000, 0x0000000083c00000| Complete 
|  61|0x0000000083d00000, 0x0000000083e00000, 0x0000000083e00000|100%| O|  |TAMS 0x0000000083e00000, 0x0000000083d00000| Untracked 
|  62|0x0000000083e00000, 0x0000000083f00000, 0x0000000083f00000|100%| O|  |TAMS 0x0000000083f00000, 0x0000000083e00000| Untracked 
|  63|0x0000000083f00000, 0x0000000084000000, 0x0000000084000000|100%| O|  |TAMS 0x0000000084000000, 0x0000000083f00000| Untracked 
|  64|0x0000000084000000, 0x0000000084100000, 0x0000000084100000|100%| O|  |TAMS 0x0000000084100000, 0x0000000084000000| Untracked 
|  65|0x0000000084100000, 0x0000000084200000, 0x0000000084200000|100%| O|  |TAMS 0x0000000084200000, 0x0000000084100000| Untracked 
|  66|0x0000000084200000, 0x0000000084300000, 0x0000000084300000|100%| O|  |TAMS 0x0000000084300000, 0x0000000084200000| Untracked 
|  67|0x0000000084300000, 0x0000000084400000, 0x0000000084400000|100%| O|  |TAMS 0x0000000084400000, 0x0000000084300000| Untracked 
|  68|0x0000000084400000, 0x0000000084500000, 0x0000000084500000|100%| O|  |TAMS 0x0000000084500000, 0x0000000084400000| Untracked 
|  69|0x0000000084500000, 0x0000000084600000, 0x0000000084600000|100%| O|  |TAMS 0x0000000084600000, 0x0000000084500000| Untracked 
|  70|0x0000000084600000, 0x0000000084700000, 0x0000000084700000|100%| O|  |TAMS 0x0000000084700000, 0x0000000084600000| Untracked 
|  71|0x0000000084700000, 0x0000000084800000, 0x0000000084800000|100%| O|  |TAMS 0x0000000084800000, 0x0000000084700000| Untracked 
|  72|0x0000000084800000, 0x0000000084900000, 0x0000000084900000|100%| O|  |TAMS 0x0000000084900000, 0x0000000084800000| Untracked 
|  73|0x0000000084900000, 0x0000000084a00000, 0x0000000084a00000|100%| O|  |TAMS 0x0000000084a00000, 0x0000000084900000| Untracked 
|  74|0x0000000084a00000, 0x0000000084b00000, 0x0000000084b00000|100%| O|  |TAMS 0x0000000084b00000, 0x0000000084a00000| Untracked 
|  75|0x0000000084b00000, 0x0000000084c00000, 0x0000000084c00000|100%| O|  |TAMS 0x0000000084c00000, 0x0000000084b00000| Untracked 
|  76|0x0000000084c00000, 0x0000000084d00000, 0x0000000084d00000|100%| O|  |TAMS 0x0000000084d00000, 0x0000000084c00000| Untracked 
|  77|0x0000000084d00000, 0x0000000084e00000, 0x0000000084e00000|100%| O|  |TAMS 0x0000000084e00000, 0x0000000084d00000| Untracked 
|  78|0x0000000084e00000, 0x0000000084f00000, 0x0000000084f00000|100%| O|  |TAMS 0x0000000084f00000, 0x0000000084e00000| Untracked 
|  79|0x0000000084f00000, 0x0000000085000000, 0x0000000085000000|100%| O|  |TAMS 0x0000000085000000, 0x0000000084f00000| Untracked 
|  80|0x0000000085000000, 0x0000000085100000, 0x0000000085100000|100%| O|  |TAMS 0x0000000085100000, 0x0000000085000000| Untracked 
|  81|0x0000000085100000, 0x0000000085200000, 0x0000000085200000|100%| O|  |TAMS 0x0000000085200000, 0x0000000085100000| Untracked 
|  82|0x0000000085200000, 0x0000000085300000, 0x0000000085300000|100%| O|  |TAMS 0x0000000085300000, 0x0000000085200000| Untracked 
|  83|0x0000000085300000, 0x0000000085400000, 0x0000000085400000|100%| O|  |TAMS 0x0000000085387c00, 0x0000000085300000| Untracked 
|  84|0x0000000085400000, 0x0000000085400000, 0x0000000085500000|  0%| F|  |TAMS 0x0000000085400000, 0x0000000085400000| Untracked 
|  85|0x0000000085500000, 0x0000000085600000, 0x0000000085600000|100%| O|  |TAMS 0x0000000085500000, 0x0000000085500000| Untracked 
|  86|0x0000000085600000, 0x0000000085700000, 0x0000000085700000|100%| O|  |TAMS 0x0000000085600000, 0x0000000085600000| Untracked 
|  87|0x0000000085700000, 0x00000000857dac00, 0x0000000085800000| 85%| O|  |TAMS 0x0000000085700000, 0x0000000085700000| Untracked 
|  88|0x0000000085800000, 0x0000000085800000, 0x0000000085900000|  0%| F|  |TAMS 0x0000000085800000, 0x0000000085800000| Untracked 
|  89|0x0000000085900000, 0x0000000085900000, 0x0000000085a00000|  0%| F|  |TAMS 0x0000000085900000, 0x0000000085900000| Untracked 
|  90|0x0000000085a00000, 0x0000000085a00000, 0x0000000085b00000|  0%| F|  |TAMS 0x0000000085a00000, 0x0000000085a00000| Untracked 
|  91|0x0000000085b00000, 0x0000000085b00000, 0x0000000085c00000|  0%| F|  |TAMS 0x0000000085b00000, 0x0000000085b00000| Untracked 
|  92|0x0000000085c00000, 0x0000000085c00000, 0x0000000085d00000|  0%| F|  |TAMS 0x0000000085c00000, 0x0000000085c00000| Untracked 
|  93|0x0000000085d00000, 0x0000000085d00000, 0x0000000085e00000|  0%| F|  |TAMS 0x0000000085d00000, 0x0000000085d00000| Untracked 
|  94|0x0000000085e00000, 0x0000000085e00000, 0x0000000085f00000|  0%| F|  |TAMS 0x0000000085e00000, 0x0000000085e00000| Untracked 
|  95|0x0000000085f00000, 0x0000000085f00000, 0x0000000086000000|  0%| F|  |TAMS 0x0000000085f00000, 0x0000000085f00000| Untracked 
|  96|0x0000000086000000, 0x0000000086000000, 0x0000000086100000|  0%| F|  |TAMS 0x0000000086000000, 0x0000000086000000| Untracked 
|  97|0x0000000086100000, 0x0000000086100000, 0x0000000086200000|  0%| F|  |TAMS 0x0000000086100000, 0x0000000086100000| Untracked 
|  98|0x0000000086200000, 0x0000000086200000, 0x0000000086300000|  0%| F|  |TAMS 0x0000000086200000, 0x0000000086200000| Untracked 
|  99|0x0000000086300000, 0x0000000086300000, 0x0000000086400000|  0%| F|  |TAMS 0x0000000086300000, 0x0000000086300000| Untracked 
| 100|0x0000000086400000, 0x0000000086400000, 0x0000000086500000|  0%| F|  |TAMS 0x0000000086400000, 0x0000000086400000| Untracked 
| 101|0x0000000086500000, 0x0000000086500000, 0x0000000086600000|  0%| F|  |TAMS 0x0000000086500000, 0x0000000086500000| Untracked 
| 102|0x0000000086600000, 0x0000000086600000, 0x0000000086700000|  0%| F|  |TAMS 0x0000000086600000, 0x0000000086600000| Untracked 
| 103|0x0000000086700000, 0x0000000086700000, 0x0000000086800000|  0%| F|  |TAMS 0x0000000086700000, 0x0000000086700000| Untracked 
| 104|0x0000000086800000, 0x0000000086800000, 0x0000000086900000|  0%| F|  |TAMS 0x0000000086800000, 0x0000000086800000| Untracked 
| 105|0x0000000086900000, 0x0000000086900000, 0x0000000086a00000|  0%| F|  |TAMS 0x0000000086900000, 0x0000000086900000| Untracked 
| 106|0x0000000086a00000, 0x0000000086a00000, 0x0000000086b00000|  0%| F|  |TAMS 0x0000000086a00000, 0x0000000086a00000| Untracked 
| 107|0x0000000086b00000, 0x0000000086b00000, 0x0000000086c00000|  0%| F|  |TAMS 0x0000000086b00000, 0x0000000086b00000| Untracked 
| 108|0x0000000086c00000, 0x0000000086c00000, 0x0000000086d00000|  0%| F|  |TAMS 0x0000000086c00000, 0x0000000086c00000| Untracked 
| 109|0x0000000086d00000, 0x0000000086d00000, 0x0000000086e00000|  0%| F|  |TAMS 0x0000000086d00000, 0x0000000086d00000| Untracked 
| 110|0x0000000086e00000, 0x0000000086e00000, 0x0000000086f00000|  0%| F|  |TAMS 0x0000000086e00000, 0x0000000086e00000| Untracked 
| 111|0x0000000086f00000, 0x0000000086f00000, 0x0000000087000000|  0%| F|  |TAMS 0x0000000086f00000, 0x0000000086f00000| Untracked 
| 112|0x0000000087000000, 0x0000000087000000, 0x0000000087100000|  0%| F|  |TAMS 0x0000000087000000, 0x0000000087000000| Untracked 
| 113|0x0000000087100000, 0x0000000087100000, 0x0000000087200000|  0%| F|  |TAMS 0x0000000087100000, 0x0000000087100000| Untracked 
| 114|0x0000000087200000, 0x0000000087200000, 0x0000000087300000|  0%| F|  |TAMS 0x0000000087200000, 0x0000000087200000| Untracked 
| 115|0x0000000087300000, 0x0000000087300000, 0x0000000087400000|  0%| F|  |TAMS 0x0000000087300000, 0x0000000087300000| Untracked 
| 116|0x0000000087400000, 0x0000000087400000, 0x0000000087500000|  0%| F|  |TAMS 0x0000000087400000, 0x0000000087400000| Untracked 
| 117|0x0000000087500000, 0x0000000087500000, 0x0000000087600000|  0%| F|  |TAMS 0x0000000087500000, 0x0000000087500000| Untracked 
| 118|0x0000000087600000, 0x00000000876655f0, 0x0000000087700000| 39%| S|CS|TAMS 0x0000000087600000, 0x0000000087600000| Complete 
| 119|0x0000000087700000, 0x0000000087800000, 0x0000000087800000|100%| S|CS|TAMS 0x0000000087700000, 0x0000000087700000| Complete 
| 120|0x0000000087800000, 0x0000000087900000, 0x0000000087900000|100%| S|CS|TAMS 0x0000000087800000, 0x0000000087800000| Complete 
| 121|0x0000000087900000, 0x0000000087a00000, 0x0000000087a00000|100%| S|CS|TAMS 0x0000000087900000, 0x0000000087900000| Complete 
| 122|0x0000000087a00000, 0x0000000087a00000, 0x0000000087b00000|  0%| F|  |TAMS 0x0000000087a00000, 0x0000000087a00000| Untracked 
| 123|0x0000000087b00000, 0x0000000087b00000, 0x0000000087c00000|  0%| F|  |TAMS 0x0000000087b00000, 0x0000000087b00000| Untracked 
| 124|0x0000000087c00000, 0x0000000087c00000, 0x0000000087d00000|  0%| F|  |TAMS 0x0000000087c00000, 0x0000000087c00000| Untracked 
| 125|0x0000000087d00000, 0x0000000087d00000, 0x0000000087e00000|  0%| F|  |TAMS 0x0000000087d00000, 0x0000000087d00000| Untracked 
| 126|0x0000000087e00000, 0x0000000087e00000, 0x0000000087f00000|  0%| F|  |TAMS 0x0000000087e00000, 0x0000000087e00000| Untracked 
| 127|0x0000000087f00000, 0x0000000087f00000, 0x0000000088000000|  0%| F|  |TAMS 0x0000000087f00000, 0x0000000087f00000| Untracked 
| 128|0x0000000088000000, 0x0000000088000000, 0x0000000088100000|  0%| F|  |TAMS 0x0000000088000000, 0x0000000088000000| Untracked 
| 129|0x0000000088100000, 0x0000000088100000, 0x0000000088200000|  0%| F|  |TAMS 0x0000000088100000, 0x0000000088100000| Untracked 
| 130|0x0000000088200000, 0x0000000088200000, 0x0000000088300000|  0%| F|  |TAMS 0x0000000088200000, 0x0000000088200000| Untracked 
| 131|0x0000000088300000, 0x0000000088300000, 0x0000000088400000|  0%| F|  |TAMS 0x0000000088300000, 0x0000000088300000| Untracked 
| 132|0x0000000088400000, 0x0000000088400000, 0x0000000088500000|  0%| F|  |TAMS 0x0000000088400000, 0x0000000088400000| Untracked 
| 133|0x0000000088500000, 0x0000000088500000, 0x0000000088600000|  0%| F|  |TAMS 0x0000000088500000, 0x0000000088500000| Untracked 
| 134|0x0000000088600000, 0x0000000088600000, 0x0000000088700000|  0%| F|  |TAMS 0x0000000088600000, 0x0000000088600000| Untracked 
| 135|0x0000000088700000, 0x0000000088700000, 0x0000000088800000|  0%| F|  |TAMS 0x0000000088700000, 0x0000000088700000| Untracked 
| 136|0x0000000088800000, 0x0000000088800000, 0x0000000088900000|  0%| F|  |TAMS 0x0000000088800000, 0x0000000088800000| Untracked 
| 137|0x0000000088900000, 0x0000000088900000, 0x0000000088a00000|  0%| F|  |TAMS 0x0000000088900000, 0x0000000088900000| Untracked 
| 138|0x0000000088a00000, 0x0000000088a00000, 0x0000000088b00000|  0%| F|  |TAMS 0x0000000088a00000, 0x0000000088a00000| Untracked 
| 139|0x0000000088b00000, 0x0000000088b81c10, 0x0000000088c00000| 50%| E|  |TAMS 0x0000000088b00000, 0x0000000088b00000| Complete 
| 140|0x0000000088c00000, 0x0000000088d00000, 0x0000000088d00000|100%| E|CS|TAMS 0x0000000088c00000, 0x0000000088c00000| Complete 
| 141|0x0000000088d00000, 0x0000000088e00000, 0x0000000088e00000|100%| E|CS|TAMS 0x0000000088d00000, 0x0000000088d00000| Complete 
| 142|0x0000000088e00000, 0x0000000088f00000, 0x0000000088f00000|100%| E|CS|TAMS 0x0000000088e00000, 0x0000000088e00000| Complete 
| 143|0x0000000088f00000, 0x0000000089000000, 0x0000000089000000|100%| E|CS|TAMS 0x0000000088f00000, 0x0000000088f00000| Complete 
| 144|0x0000000089000000, 0x0000000089100000, 0x0000000089100000|100%| E|CS|TAMS 0x0000000089000000, 0x0000000089000000| Complete 
| 145|0x0000000089100000, 0x0000000089200000, 0x0000000089200000|100%| E|CS|TAMS 0x0000000089100000, 0x0000000089100000| Complete 
| 146|0x0000000089200000, 0x0000000089300000, 0x0000000089300000|100%| E|CS|TAMS 0x0000000089200000, 0x0000000089200000| Complete 
| 147|0x0000000089300000, 0x0000000089400000, 0x0000000089400000|100%| E|CS|TAMS 0x0000000089300000, 0x0000000089300000| Complete 
| 148|0x0000000089400000, 0x0000000089500000, 0x0000000089500000|100%| E|CS|TAMS 0x0000000089400000, 0x0000000089400000| Complete 
| 149|0x0000000089500000, 0x0000000089600000, 0x0000000089600000|100%| E|CS|TAMS 0x0000000089500000, 0x0000000089500000| Complete 
| 150|0x0000000089600000, 0x0000000089700000, 0x0000000089700000|100%| E|CS|TAMS 0x0000000089600000, 0x0000000089600000| Complete 
| 151|0x0000000089700000, 0x0000000089800000, 0x0000000089800000|100%| E|CS|TAMS 0x0000000089700000, 0x0000000089700000| Complete 
| 152|0x0000000089800000, 0x0000000089900000, 0x0000000089900000|100%| E|CS|TAMS 0x0000000089800000, 0x0000000089800000| Complete 
| 153|0x0000000089900000, 0x0000000089a00000, 0x0000000089a00000|100%| E|CS|TAMS 0x0000000089900000, 0x0000000089900000| Complete 
| 154|0x0000000089a00000, 0x0000000089b00000, 0x0000000089b00000|100%| E|CS|TAMS 0x0000000089a00000, 0x0000000089a00000| Complete 
| 155|0x0000000089b00000, 0x0000000089c00000, 0x0000000089c00000|100%| E|CS|TAMS 0x0000000089b00000, 0x0000000089b00000| Complete 
| 156|0x0000000089c00000, 0x0000000089d00000, 0x0000000089d00000|100%| E|CS|TAMS 0x0000000089c00000, 0x0000000089c00000| Complete 
| 157|0x0000000089d00000, 0x0000000089e00000, 0x0000000089e00000|100%| E|CS|TAMS 0x0000000089d00000, 0x0000000089d00000| Complete 
| 158|0x0000000089e00000, 0x0000000089f00000, 0x0000000089f00000|100%| E|CS|TAMS 0x0000000089e00000, 0x0000000089e00000| Complete 
| 159|0x0000000089f00000, 0x000000008a000000, 0x000000008a000000|100%| E|CS|TAMS 0x0000000089f00000, 0x0000000089f00000| Complete 
| 160|0x000000008a000000, 0x000000008a100000, 0x000000008a100000|100%| E|CS|TAMS 0x000000008a000000, 0x000000008a000000| Complete 
| 161|0x000000008a100000, 0x000000008a200000, 0x000000008a200000|100%| E|CS|TAMS 0x000000008a100000, 0x000000008a100000| Complete 
| 162|0x000000008a200000, 0x000000008a300000, 0x000000008a300000|100%| E|CS|TAMS 0x000000008a200000, 0x000000008a200000| Complete 
| 163|0x000000008a300000, 0x000000008a400000, 0x000000008a400000|100%| E|CS|TAMS 0x000000008a300000, 0x000000008a300000| Complete 
| 164|0x000000008a400000, 0x000000008a500000, 0x000000008a500000|100%| E|CS|TAMS 0x000000008a400000, 0x000000008a400000| Complete 
| 165|0x000000008a500000, 0x000000008a600000, 0x000000008a600000|100%| E|CS|TAMS 0x000000008a500000, 0x000000008a500000| Complete 
| 166|0x000000008a600000, 0x000000008a700000, 0x000000008a700000|100%| E|CS|TAMS 0x000000008a600000, 0x000000008a600000| Complete 
| 167|0x000000008a700000, 0x000000008a800000, 0x000000008a800000|100%| E|CS|TAMS 0x000000008a700000, 0x000000008a700000| Complete 
| 168|0x000000008a800000, 0x000000008a900000, 0x000000008a900000|100%| E|CS|TAMS 0x000000008a800000, 0x000000008a800000| Complete 
| 169|0x000000008a900000, 0x000000008aa00000, 0x000000008aa00000|100%| E|CS|TAMS 0x000000008a900000, 0x000000008a900000| Complete 
| 170|0x000000008aa00000, 0x000000008ab00000, 0x000000008ab00000|100%| E|CS|TAMS 0x000000008aa00000, 0x000000008aa00000| Complete 

Card table byte_map: [0x00000236a9b10000,0x00000236a9f10000] _byte_map_base: 0x00000236a9710000

Marking Bits (Prev, Next): (CMBitMap*) 0x0000023696700238, (CMBitMap*) 0x0000023696700270
 Prev Bits: [0x00000236aa310000, 0x00000236ac310000)
 Next Bits: [0x00000236ac310000, 0x00000236ae310000)

Polling page: 0x0000023695ea0000

Metaspace:

Usage:
  Non-class:     79.75 MB capacity,    78.29 MB ( 98%) used,     1.22 MB (  2%) free+waste,   238.94 KB ( <1%) overhead. 
      Class:     12.45 MB capacity,    11.64 MB ( 93%) used,   727.38 KB (  6%) free+waste,   110.63 KB ( <1%) overhead. 
       Both:     92.20 MB capacity,    89.93 MB ( 98%) used,     1.93 MB (  2%) free+waste,   349.56 KB ( <1%) overhead. 

Virtual space:
  Non-class space:       80.00 MB reserved,      79.75 MB (>99%) committed 
      Class space:        1.00 GB reserved,      12.50 MB (  1%) committed 
             Both:        1.08 GB reserved,      92.25 MB (  8%) committed 

Chunk freelists:
   Non-Class:  3.00 KB
       Class:  15.00 KB
        Both:  18.00 KB

MaxMetaspaceSize: 17179869184.00 GB
CompressedClassSpaceSize: 1.00 GB

CodeHeap 'non-profiled nmethods': size=120000Kb used=5684Kb max_used=5684Kb free=114315Kb
 bounds [0x00000236a1c80000, 0x00000236a2210000, 0x00000236a91b0000]
CodeHeap 'profiled nmethods': size=120000Kb used=19663Kb max_used=19663Kb free=100336Kb
 bounds [0x000002369a750000, 0x000002369ba90000, 0x00000236a1c80000]
CodeHeap 'non-nmethods': size=5760Kb used=2295Kb max_used=2339Kb free=3464Kb
 bounds [0x000002369a1b0000, 0x000002369a420000, 0x000002369a750000]
 total_blobs=9995 nmethods=9094 adapters=812
 compilation: enabled
              stopped_count=0, restarted_count=0
 full_count=0

Compilation events (20 events):
Event: 13.590 Thread 0x00000236b1023000 9143       3       org.gradle.api.internal.artifacts.repositories.resolver.DirectDependencyMetadataAdapter::<init> (8 bytes)
Event: 13.590 Thread 0x00000236b1023000 nmethod 9143 0x000002369ba70210 code [0x000002369ba703e0, 0x000002369ba70658]
Event: 13.590 Thread 0x00000236b1023000 9148       3       org.gradle.api.internal.artifacts.ivyservice.resolveengine.strict.StrictVersionConstraints$1::union (2 bytes)
Event: 13.590 Thread 0x00000236b1023000 nmethod 9148 0x000002369ba70790 code [0x000002369ba70940, 0x000002369ba70a38]
Event: 13.590 Thread 0x00000236b1023000 9149       1       org.gradle.internal.component.model.LocalComponentDependencyMetadata::isForce (5 bytes)
Event: 13.590 Thread 0x00000236b1023000 nmethod 9149 0x00000236a220af10 code [0x00000236a220b0c0, 0x00000236a220b178]
Event: 13.590 Thread 0x00000236b1023000 9150   !   3       jdk.internal.reflect.GeneratedConstructorAccessor62::newInstance (143 bytes)
Event: 13.591 Thread 0x00000236b1023000 nmethod 9150 0x000002369ba70b10 code [0x000002369ba70e40, 0x000002369ba72668]
Event: 13.591 Thread 0x00000236b1023000 9151       3       java.util.Comparator$$Lambda$266/0x000000010044e440::compare (14 bytes)
Event: 13.591 Thread 0x00000236b1023000 nmethod 9151 0x000002369ba72e90 code [0x000002369ba73080, 0x000002369ba73448]
Event: 13.591 Thread 0x00000236b1023000 9152       3       java.util.Comparator::lambda$comparing$ea9a8b3a$1 (21 bytes)
Event: 13.592 Thread 0x00000236b1023000 nmethod 9152 0x000002369ba73590 code [0x000002369ba73760, 0x000002369ba73aa8]
Event: 13.592 Thread 0x00000236b1023000 9153       3       org.gradle.api.internal.artifacts.ivyservice.resolveengine.graph.builder.NodeState::versionProvidedByAncestors (34 bytes)
Event: 13.592 Thread 0x00000236b1023000 nmethod 9153 0x000002369ba73c10 code [0x000002369ba73e20, 0x000002369ba74358]
Event: 13.592 Thread 0x00000236b1023000 9154       3       org.gradle.api.internal.artifacts.ivyservice.resolveengine.graph.builder.ResolveState::getSelector (53 bytes)
Event: 13.592 Thread 0x00000236b1023000 nmethod 9154 0x000002369ba74510 code [0x000002369ba74760, 0x000002369ba75138]
Event: 13.592 Thread 0x00000236b1023000 9155       3       org.gradle.api.internal.artifacts.ivyservice.resolveengine.graph.builder.ResolveState$SelectorCacheKey::<init> (8 bytes)
Event: 13.592 Thread 0x00000236b1023000 nmethod 9155 0x000002369ba75510 code [0x000002369ba756c0, 0x000002369ba758f8]
Event: 13.592 Thread 0x00000236b1023000 9156       3       org.gradle.api.internal.artifacts.ivyservice.resolveengine.graph.builder.ResolveState$SelectorCacheKey::<init> (20 bytes)
Event: 13.593 Thread 0x00000236b1023000 nmethod 9156 0x000002369ba75a10 code [0x000002369ba75bc0, 0x000002369ba75d98]

GC Heap History (20 events):
Event: 8.133 GC heap before
{Heap before GC invocations=21 (full 0):
 garbage-first heap   total 145408K, used 103197K [0x0000000080000000, 0x0000000100000000)
  region size 1024K, 33 young (33792K), 2 survivors (2048K)
 Metaspace       used 60824K, capacity 62599K, committed 62720K, reserved 1103872K
  class space    used 7811K, capacity 8398K, committed 8448K, reserved 1048576K
}
Event: 8.136 GC heap after
{Heap after GC invocations=22 (full 0):
 garbage-first heap   total 145408K, used 72536K [0x0000000080000000, 0x0000000100000000)
  region size 1024K, 4 young (4096K), 4 survivors (4096K)
 Metaspace       used 60824K, capacity 62599K, committed 62720K, reserved 1103872K
  class space    used 7811K, capacity 8398K, committed 8448K, reserved 1048576K
}
Event: 8.662 GC heap before
{Heap before GC invocations=23 (full 0):
 garbage-first heap   total 145408K, used 104280K [0x0000000080000000, 0x0000000100000000)
  region size 1024K, 36 young (36864K), 4 survivors (4096K)
 Metaspace       used 65568K, capacity 67469K, committed 67712K, reserved 1107968K
  class space    used 8418K, capacity 9060K, committed 9088K, reserved 1048576K
}
Event: 8.668 GC heap after
{Heap after GC invocations=24 (full 0):
 garbage-first heap   total 145408K, used 75947K [0x0000000080000000, 0x0000000100000000)
  region size 1024K, 5 young (5120K), 5 survivors (5120K)
 Metaspace       used 65568K, capacity 67469K, committed 67712K, reserved 1107968K
  class space    used 8418K, capacity 9060K, committed 9088K, reserved 1048576K
}
Event: 9.143 GC heap before
{Heap before GC invocations=24 (full 0):
 garbage-first heap   total 145408K, used 107691K [0x0000000080000000, 0x0000000100000000)
  region size 1024K, 37 young (37888K), 5 survivors (5120K)
 Metaspace       used 68496K, capacity 70292K, committed 70400K, reserved 1110016K
  class space    used 8795K, capacity 9396K, committed 9472K, reserved 1048576K
}
Event: 9.152 GC heap after
{Heap after GC invocations=25 (full 0):
 garbage-first heap   total 145408K, used 77609K [0x0000000080000000, 0x0000000100000000)
  region size 1024K, 3 young (3072K), 3 survivors (3072K)
 Metaspace       used 68496K, capacity 70292K, committed 70400K, reserved 1110016K
  class space    used 8795K, capacity 9396K, committed 9472K, reserved 1048576K
}
Event: 9.728 GC heap before
{Heap before GC invocations=26 (full 0):
 garbage-first heap   total 145408K, used 111401K [0x0000000080000000, 0x0000000100000000)
  region size 1024K, 35 young (35840K), 3 survivors (3072K)
 Metaspace       used 69807K, capacity 71822K, committed 71936K, reserved 1112064K
  class space    used 8973K, capacity 9643K, committed 9728K, reserved 1048576K
}
Event: 9.732 GC heap after
{Heap after GC invocations=27 (full 0):
 garbage-first heap   total 145408K, used 80149K [0x0000000080000000, 0x0000000100000000)
  region size 1024K, 5 young (5120K), 5 survivors (5120K)
 Metaspace       used 69807K, capacity 71822K, committed 71936K, reserved 1112064K
  class space    used 8973K, capacity 9643K, committed 9728K, reserved 1048576K
}
Event: 10.367 GC heap before
{Heap before GC invocations=27 (full 0):
 garbage-first heap   total 145408K, used 112917K [0x0000000080000000, 0x0000000100000000)
  region size 1024K, 37 young (37888K), 5 survivors (5120K)
 Metaspace       used 73902K, capacity 75901K, committed 76160K, reserved 1116160K
  class space    used 9633K, capacity 10298K, committed 10368K, reserved 1048576K
}
Event: 10.372 GC heap after
{Heap after GC invocations=28 (full 0):
 garbage-first heap   total 145408K, used 82352K [0x0000000080000000, 0x0000000100000000)
  region size 1024K, 5 young (5120K), 5 survivors (5120K)
 Metaspace       used 73902K, capacity 75901K, committed 76160K, reserved 1116160K
  class space    used 9633K, capacity 10298K, committed 10368K, reserved 1048576K
}
Event: 10.840 GC heap before
{Heap before GC invocations=29 (full 0):
 garbage-first heap   total 145408K, used 115120K [0x0000000080000000, 0x0000000100000000)
  region size 1024K, 37 young (37888K), 5 survivors (5120K)
 Metaspace       used 76363K, capacity 78308K, committed 78592K, reserved 1118208K
  class space    used 9982K, capacity 10670K, committed 10752K, reserved 1048576K
}
Event: 10.846 GC heap after
{Heap after GC invocations=30 (full 0):
 garbage-first heap   total 145408K, used 83952K [0x0000000080000000, 0x0000000100000000)
  region size 1024K, 4 young (4096K), 4 survivors (4096K)
 Metaspace       used 76363K, capacity 78308K, committed 78592K, reserved 1118208K
  class space    used 9982K, capacity 10670K, committed 10752K, reserved 1048576K
}
Event: 11.517 GC heap before
{Heap before GC invocations=30 (full 0):
 garbage-first heap   total 145408K, used 116720K [0x0000000080000000, 0x0000000100000000)
  region size 1024K, 36 young (36864K), 4 survivors (4096K)
 Metaspace       used 79020K, capacity 81208K, committed 81536K, reserved 1120256K
  class space    used 10327K, capacity 11054K, committed 11136K, reserved 1048576K
}
Event: 11.524 GC heap after
{Heap after GC invocations=31 (full 0):
 garbage-first heap   total 175104K, used 85946K [0x0000000080000000, 0x0000000100000000)
  region size 1024K, 4 young (4096K), 4 survivors (4096K)
 Metaspace       used 79020K, capacity 81208K, committed 81536K, reserved 1120256K
  class space    used 10327K, capacity 11054K, committed 11136K, reserved 1048576K
}
Event: 11.978 GC heap before
{Heap before GC invocations=32 (full 0):
 garbage-first heap   total 175104K, used 132026K [0x0000000080000000, 0x0000000100000000)
  region size 1024K, 49 young (50176K), 4 survivors (4096K)
 Metaspace       used 81109K, capacity 83327K, committed 83584K, reserved 1122304K
  class space    used 10613K, capacity 11350K, committed 11392K, reserved 1048576K
}
Event: 11.985 GC heap after
{Heap after GC invocations=33 (full 0):
 garbage-first heap   total 175104K, used 89052K [0x0000000080000000, 0x0000000100000000)
  region size 1024K, 7 young (7168K), 7 survivors (7168K)
 Metaspace       used 81109K, capacity 83327K, committed 83584K, reserved 1122304K
  class space    used 10613K, capacity 11350K, committed 11392K, reserved 1048576K
}
Event: 12.325 GC heap before
{Heap before GC invocations=33 (full 0):
 garbage-first heap   total 175104K, used 107484K [0x0000000080000000, 0x0000000100000000)
  region size 1024K, 26 young (26624K), 7 survivors (7168K)
 Metaspace       used 83253K, capacity 85419K, committed 85632K, reserved 1124352K
  class space    used 10869K, capacity 11578K, committed 11648K, reserved 1048576K
}
Event: 12.331 GC heap after
{Heap after GC invocations=34 (full 0):
 garbage-first heap   total 175104K, used 91210K [0x0000000080000000, 0x0000000100000000)
  region size 1024K, 6 young (6144K), 6 survivors (6144K)
 Metaspace       used 83253K, capacity 85419K, committed 85632K, reserved 1124352K
  class space    used 10869K, capacity 11578K, committed 11648K, reserved 1048576K
}
Event: 12.984 GC heap before
{Heap before GC invocations=35 (full 0):
 garbage-first heap   total 175104K, used 136266K [0x0000000080000000, 0x0000000100000000)
  region size 1024K, 49 young (50176K), 6 survivors (6144K)
 Metaspace       used 89692K, capacity 91809K, committed 92032K, reserved 1128448K
  class space    used 11633K, capacity 12393K, committed 12416K, reserved 1048576K
}
Event: 12.991 GC heap after
{Heap after GC invocations=36 (full 0):
 garbage-first heap   total 175104K, used 92416K [0x0000000080000000, 0x0000000100000000)
  region size 1024K, 4 young (4096K), 4 survivors (4096K)
 Metaspace       used 89692K, capacity 91809K, committed 92032K, reserved 1128448K
  class space    used 11633K, capacity 12393K, committed 12416K, reserved 1048576K
}

Deoptimization events (20 events):
Event: 13.122 Thread 0x00000236b2c02800 DEOPT PACKING pc=0x000002369afbeacc sp=0x0000005c2bbf4770
Event: 13.122 Thread 0x00000236b2c02800 DEOPT UNPACKING pc=0x000002369a1d76ce sp=0x0000005c2bbf3c10 mode 0
Event: 13.122 Thread 0x00000236b2c02800 DEOPT PACKING pc=0x000002369b23bb7c sp=0x0000005c2bbf47e0
Event: 13.122 Thread 0x00000236b2c02800 DEOPT UNPACKING pc=0x000002369a1d76ce sp=0x0000005c2bbf3be0 mode 0
Event: 13.123 Thread 0x00000236b2c02800 Uncommon trap: trap_request=0xfffffff4 fr.pc=0x00000236a21a36cc relative=0x00000000000022cc
Event: 13.123 Thread 0x00000236b2c02800 Uncommon trap: reason=null_check action=make_not_entrant pc=0x00000236a21a36cc method=sun.reflect.generics.visitor.Reifier.reifyTypeArguments([Lsun/reflect/generics/tree/TypeArgument;)[Ljava/lang/reflect/Type; @ 29 c2
Event: 13.123 Thread 0x00000236b2c02800 DEOPT PACKING pc=0x00000236a21a36cc sp=0x0000005c2bbf4860
Event: 13.123 Thread 0x00000236b2c02800 DEOPT UNPACKING pc=0x000002369a1d78af sp=0x0000005c2bbf47a8 mode 2
Event: 13.185 Thread 0x00000236b2c02800 DEOPT PACKING pc=0x000002369b4d82a7 sp=0x0000005c2bbf3f30
Event: 13.185 Thread 0x00000236b2c02800 DEOPT UNPACKING pc=0x000002369a1d76ce sp=0x0000005c2bbf33e0 mode 0
Event: 13.262 Thread 0x00000236b2c02800 DEOPT PACKING pc=0x000002369b578ab2 sp=0x0000005c2bbf4d10
Event: 13.262 Thread 0x00000236b2c02800 DEOPT UNPACKING pc=0x000002369a1d76ce sp=0x0000005c2bbf4270 mode 0
Event: 13.542 Thread 0x00000236b2c02800 Uncommon trap: trap_request=0xffffff4d fr.pc=0x00000236a1f099b4 relative=0x0000000000000e14
Event: 13.542 Thread 0x00000236b2c02800 Uncommon trap: reason=unstable_if action=reinterpret pc=0x00000236a1f099b4 method=com.esotericsoftware.kryo.io.Input.readString()Ljava/lang/String; @ 38 c2
Event: 13.542 Thread 0x00000236b2c02800 DEOPT PACKING pc=0x00000236a1f099b4 sp=0x0000005c2bbf6050
Event: 13.542 Thread 0x00000236b2c02800 DEOPT UNPACKING pc=0x000002369a1d78af sp=0x0000005c2bbf5fb8 mode 2
Event: 13.555 Thread 0x00000236b2c02800 Uncommon trap: trap_request=0xffffff4d fr.pc=0x00000236a21f7ad8 relative=0x0000000000000318
Event: 13.555 Thread 0x00000236b2c02800 Uncommon trap: reason=unstable_if action=reinterpret pc=0x00000236a21f7ad8 method=com.google.common.base.Objects.equal(Ljava/lang/Object;Ljava/lang/Object;)Z @ 14 c2
Event: 13.555 Thread 0x00000236b2c02800 DEOPT PACKING pc=0x00000236a21f7ad8 sp=0x0000005c2bbf7a00
Event: 13.555 Thread 0x00000236b2c02800 DEOPT UNPACKING pc=0x000002369a1d78af sp=0x0000005c2bbf7930 mode 2

Classes redefined (0 events):
No events

Internal exceptions (20 events):
Event: 12.009 Thread 0x00000236b2c02800 Exception <a 'java/lang/ClassNotFoundException'{0x000000008a6369a8}: java/util/LinkedHashMapCustomizer> (0x000000008a6369a8) thrown at [./src/hotspot/share/classfile/systemDictionary.cpp, line 231]
Event: 12.014 Thread 0x00000236b2c02800 Exception <a 'java/lang/ClassNotFoundException'{0x000000008a6a3230}: org/gradle/api/plugins/internal/DefaultJavaPluginConventionBeanInfo> (0x000000008a6a3230) thrown at [./src/hotspot/share/classfile/systemDictionary.cpp, line 231]
Event: 12.014 Thread 0x00000236b2c02800 Exception <a 'java/lang/ClassNotFoundException'{0x000000008a6c3bb8}: org/gradle/api/plugins/JavaPluginConventionBeanInfo> (0x000000008a6c3bb8) thrown at [./src/hotspot/share/classfile/systemDictionary.cpp, line 231]
Event: 12.014 Thread 0x00000236b2c02800 Exception <a 'java/lang/ClassNotFoundException'{0x000000008a6e4638}: org/gradle/api/plugins/JavaPluginConventionCustomizer> (0x000000008a6e4638) thrown at [./src/hotspot/share/classfile/systemDictionary.cpp, line 231]
Event: 12.016 Thread 0x00000236b2c02800 Exception <a 'java/lang/ClassNotFoundException'{0x000000008a51d298}: org/gradle/api/plugins/internal/DefaultJavaPluginConventionCustomizer> (0x000000008a51d298) thrown at [./src/hotspot/share/classfile/systemDictionary.cpp, line 231]
Event: 12.019 Thread 0x00000236b2c02800 Exception <a 'java/lang/ClassNotFoundException'{0x000000008a5908d8}: org/gradle/api/plugins/internal/DefaultBasePluginConventionBeanInfo> (0x000000008a5908d8) thrown at [./src/hotspot/share/classfile/systemDictionary.cpp, line 231]
Event: 12.020 Thread 0x00000236b2c02800 Exception <a 'java/lang/ClassNotFoundException'{0x000000008a5b1260}: org/gradle/api/plugins/BasePluginConventionBeanInfo> (0x000000008a5b1260) thrown at [./src/hotspot/share/classfile/systemDictionary.cpp, line 231]
Event: 12.020 Thread 0x00000236b2c02800 Exception <a 'java/lang/ClassNotFoundException'{0x000000008a5d1ce0}: org/gradle/api/plugins/BasePluginConventionCustomizer> (0x000000008a5d1ce0) thrown at [./src/hotspot/share/classfile/systemDictionary.cpp, line 231]
Event: 12.021 Thread 0x00000236b2c02800 Exception <a 'java/lang/ClassNotFoundException'{0x000000008a400d48}: org/gradle/api/plugins/internal/DefaultBasePluginConventionCustomizer> (0x000000008a400d48) thrown at [./src/hotspot/share/classfile/systemDictionary.cpp, line 231]
Event: 12.433 Thread 0x00000236b2c02800 Exception <a 'sun/nio/fs/WindowsException'{0x000000008a57cc60}> (0x000000008a57cc60) thrown at [./src/hotspot/share/prims/jni.cpp, line 615]
Event: 12.433 Thread 0x00000236b2c02800 Exception <a 'sun/nio/fs/WindowsException'{0x000000008a57d228}> (0x000000008a57d228) thrown at [./src/hotspot/share/prims/jni.cpp, line 615]
Event: 12.558 Thread 0x00000236b2c02800 Exception <a 'java/lang/NullPointerException'{0x0000000089c4e098}> (0x0000000089c4e098) thrown at [./src/hotspot/share/interpreter/linkResolver.cpp, line 1440]
Event: 12.632 Thread 0x00000236b2c02800 Implicit null exception at 0x00000236a2159e0d to 0x00000236a215a4bc
Event: 12.738 Thread 0x00000236b2c02800 Exception <a 'java/lang/NoSuchMethodError'{0x0000000088763790}: 'int java.lang.invoke.DirectMethodHandle$Holder.invokeStatic(java.lang.Object, java.lang.Object, int, java.lang.Object)'> (0x0000000088763790) thrown at [./src/hotspot/share/interpreter/linkResolver.cpp, line 773]
Event: 12.790 Thread 0x00000236b2c02800 Exception <a 'sun/nio/fs/WindowsException'{0x0000000088697470}> (0x0000000088697470) thrown at [./src/hotspot/share/prims/jni.cpp, line 615]
Event: 12.790 Thread 0x00000236b2c02800 Exception <a 'sun/nio/fs/WindowsException'{0x00000000886987f8}> (0x00000000886987f8) thrown at [./src/hotspot/share/prims/jni.cpp, line 615]
Event: 12.790 Thread 0x00000236b2c02800 Exception <a 'sun/nio/fs/WindowsException'{0x0000000088699bd0}> (0x0000000088699bd0) thrown at [./src/hotspot/share/prims/jni.cpp, line 615]
Event: 12.790 Thread 0x00000236b2c02800 Exception <a 'sun/nio/fs/WindowsException'{0x000000008869afa8}> (0x000000008869afa8) thrown at [./src/hotspot/share/prims/jni.cpp, line 615]
Event: 13.048 Thread 0x00000236b2c02800 Exception <a 'java/lang/reflect/InvocationTargetException'{0x000000008a759760}> (0x000000008a759760) thrown at [./src/hotspot/share/runtime/reflection.cpp, line 1247]
Event: 13.123 Thread 0x00000236b2c02800 Implicit null exception at 0x00000236a21a1fe5 to 0x00000236a21a36a8

Events (20 events):
Event: 13.542 loading class org/gradle/internal/component/model/ConfigurationMetadata
Event: 13.542 loading class org/gradle/internal/component/model/ConfigurationMetadata done
Event: 13.543 loading class org/gradle/api/internal/artifacts/ivyservice/resolveengine/artifact/DefaultArtifactSet$SingleArtifactVariantIdentifier
Event: 13.543 loading class org/gradle/api/internal/artifacts/ivyservice/resolveengine/artifact/DefaultArtifactSet$SingleArtifactVariantIdentifier done
Event: 13.557 loading class org/gradle/api/artifacts/result/DependencyResult
Event: 13.557 loading class org/gradle/api/artifacts/result/DependencyResult done
Event: 13.557 loading class org/gradle/api/artifacts/result/ResolvedDependencyResult
Event: 13.557 loading class org/gradle/api/artifacts/result/ResolvedDependencyResult done
Event: 13.557 loading class com/android/build/gradle/internal/dependency/ConstraintHandler$execute$1$1
Event: 13.557 loading class com/android/build/gradle/internal/dependency/ConstraintHandler$execute$1$1 done
Event: 13.558 loading class org/gradle/api/artifacts/dsl/DependencyConstraintHandler
Event: 13.558 loading class org/gradle/api/artifacts/dsl/DependencyConstraintHandler done
Event: 13.560 loading class org/gradle/api/artifacts/DependencyConstraint
Event: 13.560 loading class org/gradle/api/artifacts/DependencyConstraint done
Event: 13.560 loading class com/android/build/gradle/internal/dependency/ConstraintHandler$execute$1$1$1
Event: 13.560 loading class com/android/build/gradle/internal/dependency/ConstraintHandler$execute$1$1$1 done
Event: 13.560 loading class org/gradle/api/artifacts/MutableVersionConstraint
Event: 13.561 loading class org/gradle/api/artifacts/MutableVersionConstraint done
Event: 13.572 loading class org/gradle/api/internal/artifacts/ivyservice/ivyresolve/strategy/InverseVersionSelector
Event: 13.572 loading class org/gradle/api/internal/artifacts/ivyservice/ivyresolve/strategy/InverseVersionSelector done


Dynamic libraries:
0x00007ff77b7b0000 - 0x00007ff77b7ba000 	C:\soft\AStudio\jre\bin\java.exe
0x00007ff815f10000 - 0x00007ff816108000 	C:\windows\SYSTEM32\ntdll.dll
0x00007ff8142e0000 - 0x00007ff81439f000 	C:\windows\System32\KERNEL32.DLL
0x00007ff813c50000 - 0x00007ff813f22000 	C:\windows\System32\KERNELBASE.dll
0x00007ff8136b0000 - 0x00007ff8137b0000 	C:\windows\System32\ucrtbase.dll
0x00007ff80cac0000 - 0x00007ff80cad9000 	C:\soft\AStudio\jre\bin\jli.dll
0x00007ff80c8d0000 - 0x00007ff80c8e7000 	C:\soft\AStudio\jre\bin\VCRUNTIME140.dll
0x00007ff814fc0000 - 0x00007ff815161000 	C:\windows\System32\USER32.dll
0x00007ffff3710000 - 0x00007ffff39aa000 	C:\windows\WinSxS\amd64_microsoft.windows.common-controls_6595b64144ccf1df_6.0.19041.1110_none_60b5254171f9507e\COMCTL32.dll
0x00007ff813a10000 - 0x00007ff813a32000 	C:\windows\System32\win32u.dll
0x00007ff813f60000 - 0x00007ff813ffe000 	C:\windows\System32\msvcrt.dll
0x00007ff8152a0000 - 0x00007ff8152cb000 	C:\windows\System32\GDI32.dll
0x00007ff813a40000 - 0x00007ff813b4f000 	C:\windows\System32\gdi32full.dll
0x00007ff813610000 - 0x00007ff8136ad000 	C:\windows\System32\msvcp_win.dll
0x00007ff815270000 - 0x00007ff8152a0000 	C:\windows\System32\IMM32.DLL
0x00007fffe5960000 - 0x00007fffe59fd000 	C:\soft\AStudio\jre\bin\msvcp140.dll
0x00007fff5f440000 - 0x00007fff5ff0f000 	C:\soft\AStudio\jre\bin\server\jvm.dll
0x00007ff814080000 - 0x00007ff81412e000 	C:\windows\System32\ADVAPI32.dll
0x00007ff815e30000 - 0x00007ff815ecc000 	C:\windows\System32\sechost.dll
0x00007ff815a80000 - 0x00007ff815ba4000 	C:\windows\System32\RPCRT4.dll
0x00007ff815170000 - 0x00007ff815178000 	C:\windows\System32\PSAPI.DLL
0x00007ff8097f0000 - 0x00007ff809817000 	C:\windows\SYSTEM32\WINMM.dll
0x00007ff8096a0000 - 0x00007ff8096aa000 	C:\windows\SYSTEM32\VERSION.dll
0x00007ffff0100000 - 0x00007ffff0109000 	C:\windows\SYSTEM32\WSOCK32.dll
0x00007ff8154d0000 - 0x00007ff81553b000 	C:\windows\System32\WS2_32.dll
0x00007ff8113d0000 - 0x00007ff8113e2000 	C:\windows\SYSTEM32\kernel.appcore.dll
0x00007ff80eeb0000 - 0x00007ff80eec1000 	C:\soft\AStudio\jre\bin\verify.dll
0x00007ff8000a0000 - 0x00007ff800284000 	C:\windows\SYSTEM32\DBGHELP.DLL
0x00007ffffc840000 - 0x00007ffffc875000 	C:\windows\SYSTEM32\dbgcore.DLL
0x00007ff813b50000 - 0x00007ff813bd2000 	C:\windows\System32\bcryptPrimitives.dll
0x00007ff80c8f0000 - 0x00007ff80c919000 	C:\soft\AStudio\jre\bin\java.dll
0x00007ff810240000 - 0x00007ff81024b000 	C:\soft\AStudio\jre\bin\jimage.dll
0x00007ff80cca0000 - 0x00007ff80ccb8000 	C:\soft\AStudio\jre\bin\zip.dll
0x00007ff8143a0000 - 0x00007ff814ae5000 	C:\windows\System32\SHELL32.dll
0x00007ff8116d0000 - 0x00007ff811e62000 	C:\windows\SYSTEM32\windows.storage.dll
0x00007ff815540000 - 0x00007ff815895000 	C:\windows\System32\combase.dll
0x00007ff813070000 - 0x00007ff8130a0000 	C:\windows\SYSTEM32\Wldp.dll
0x00007ff8152f0000 - 0x00007ff81539d000 	C:\windows\System32\SHCORE.dll
0x00007ff815400000 - 0x00007ff815455000 	C:\windows\System32\shlwapi.dll
0x00007ff813550000 - 0x00007ff81356f000 	C:\windows\SYSTEM32\profapi.dll
0x00007ff80c930000 - 0x00007ff80c94a000 	C:\soft\AStudio\jre\bin\net.dll
0x00007ff80e0a0000 - 0x00007ff80e1aa000 	C:\windows\SYSTEM32\WINHTTP.dll
0x00007ff812dd0000 - 0x00007ff812e3a000 	C:\windows\system32\mswsock.dll
0x00007ff80c450000 - 0x00007ff80c464000 	C:\soft\AStudio\jre\bin\nio.dll
0x00007ff809ea0000 - 0x00007ff809ec7000 	C:\Users\Eduard\.gradle\native\8bec1ad78214c89d9ad589b4d07fe93259594b29d510b10fafb7a158f7737e5d\windows-amd64\native-platform.dll
0x00007fffd8690000 - 0x00007fffd87cd000 	C:\Users\Eduard\.gradle\native\53dbd7edfb1c66fb8903c78663c9afc45aea4f116125fa6feffd364cf09443e8\windows-amd64\native-platform-file-events.dll
0x00007ff80cc20000 - 0x00007ff80cc2a000 	C:\soft\AStudio\jre\bin\management.dll
0x00007ff80c320000 - 0x00007ff80c32c000 	C:\soft\AStudio\jre\bin\management_ext.dll
0x00007ff812fc0000 - 0x00007ff812fd8000 	C:\windows\SYSTEM32\CRYPTSP.dll
0x00007ff812680000 - 0x00007ff8126b4000 	C:\windows\system32\rsaenh.dll
0x00007ff813f30000 - 0x00007ff813f57000 	C:\windows\System32\bcrypt.dll
0x00007ff8134d0000 - 0x00007ff8134fe000 	C:\windows\SYSTEM32\USERENV.dll
0x00007ff812fe0000 - 0x00007ff812fec000 	C:\windows\SYSTEM32\CRYPTBASE.dll
0x00007ff812a70000 - 0x00007ff812aab000 	C:\windows\SYSTEM32\IPHLPAPI.DLL
0x00007ff815460000 - 0x00007ff815468000 	C:\windows\System32\NSI.dll
0x00007ff80b5d0000 - 0x00007ff80b5e7000 	C:\windows\SYSTEM32\dhcpcsvc6.DLL
0x00007ff80b3f0000 - 0x00007ff80b40d000 	C:\windows\SYSTEM32\dhcpcsvc.DLL
0x00007ff812ac0000 - 0x00007ff812b8b000 	C:\windows\SYSTEM32\DNSAPI.dll

dbghelp: loaded successfully - version: 4.0.5 - missing functions: none
symbol engine: initialized successfully - sym options: 0x614 - pdb path: .;C:\soft\AStudio\jre\bin;C:\windows\SYSTEM32;C:\windows\WinSxS\amd64_microsoft.windows.common-controls_6595b64144ccf1df_6.0.19041.1110_none_60b5254171f9507e;C:\soft\AStudio\jre\bin\server;C:\Users\Eduard\.gradle\native\8bec1ad78214c89d9ad589b4d07fe93259594b29d510b10fafb7a158f7737e5d\windows-amd64;C:\Users\Eduard\.gradle\native\53dbd7edfb1c66fb8903c78663c9afc45aea4f116125fa6feffd364cf09443e8\windows-amd64

VM Arguments:
jvm_args: --add-opens=java.base/java.util=ALL-UNNAMED --add-opens=java.base/java.lang=ALL-UNNAMED --add-opens=java.base/java.lang.invoke=ALL-UNNAMED --add-opens=java.base/java.util=ALL-UNNAMED --add-opens=java.prefs/java.util.prefs=ALL-UNNAMED --add-opens=java.prefs/java.util.prefs=ALL-UNNAMED --add-opens=java.base/java.nio.charset=ALL-UNNAMED --add-opens=java.base/java.net=ALL-UNNAMED --add-opens=java.base/java.util.concurrent.atomic=ALL-UNNAMED -Xmx2048m -Dfile.encoding=UTF-8 -Duser.country=RU -Duser.language=ru -Duser.variant 
java_command: org.gradle.launcher.daemon.bootstrap.GradleDaemon 7.0.2
java_class_path (initial): C:\Users\Eduard\.gradle\wrapper\dists\gradle-7.0.2-bin\857tjihv64xamwrf0h14cai3r\gradle-7.0.2\lib\gradle-launcher-7.0.2.jar
Launcher Type: SUN_STANDARD

[Global flags]
     intx CICompilerCount                          = 4                                         {product} {ergonomic}
     uint ConcGCThreads                            = 3                                         {product} {ergonomic}
     uint G1ConcRefinementThreads                  = 10                                        {product} {ergonomic}
   size_t G1HeapRegionSize                         = 1048576                                   {product} {ergonomic}
    uintx GCDrainStackTargetSize                   = 64                                        {product} {ergonomic}
   size_t InitialHeapSize                          = 123731968                                 {product} {ergonomic}
   size_t MarkStackSize                            = 4194304                                   {product} {ergonomic}
   size_t MaxHeapSize                              = 2147483648                                {product} {command line}
   size_t MaxNewSize                               = 1287651328                                {product} {ergonomic}
   size_t MinHeapDeltaBytes                        = 1048576                                   {product} {ergonomic}
    uintx NonNMethodCodeHeapSize                   = 5836300                                {pd product} {ergonomic}
    uintx NonProfiledCodeHeapSize                  = 122910970                              {pd product} {ergonomic}
    uintx ProfiledCodeHeapSize                     = 122910970                              {pd product} {ergonomic}
    uintx ReservedCodeCacheSize                    = 251658240                              {pd product} {ergonomic}
     bool SegmentedCodeCache                       = true                                      {product} {ergonomic}
     bool UseCompressedClassPointers               = true                                 {lp64_product} {ergonomic}
     bool UseCompressedOops                        = true                                 {lp64_product} {ergonomic}
     bool UseG1GC                                  = true                                      {product} {ergonomic}
     bool UseLargePagesIndividualAllocation        = false                                  {pd product} {ergonomic}

Logging:
Log output configuration:
 #0: stdout all=warning uptime,level,tags
 #1: stderr all=off uptime,level,tags

Environment Variables:
PATH=C:\Program Files (x86)\Common Files\Oracle\Java\javapath;C:\windows\system32;C:\windows;C:\windows\System32\Wbem;C:\windows\System32\WindowsPowerShell\v1.0\;C:\windows\System32\OpenSSH\;C:\Program Files\Microsoft SQL Server\Client SDK\ODBC\170\Tools\Binn\;C:\Program Files (x86)\Microsoft SQL Server\150\Tools\Binn\;C:\Program Files\Microsoft SQL Server\150\Tools\Binn\;C:\Program Files\Microsoft SQL Server\150\DTS\Binn\;C:\Program Files (x86)\Microsoft SQL Server\150\DTS\Binn\;C:\Program Files\Azure Data Studio\bin;C:\Program Files\Git\cmd;C:\Program Files\nodejs\;C:\ProgramData\chocolatey\bin;C:\Program Files\dotnet\;C:\soft\Python\Scripts\;C:\soft\Python\;C:\Users\Eduard\AppData\Local\Microsoft\WindowsApps;C:\Program Files\Azure Data Studio\bin;C:\Users\Eduard\AppData\Roaming\npm;C:\soft\Microsoft VS Code\bin;C:\soft\sqlite3;C:\Users\Eduard\.dotnet\tools
USERNAME=Eduard
OS=Windows_NT
PROCESSOR_IDENTIFIER=AMD64 Family 23 Model 104 Stepping 1, AuthenticAMD



---------------  S Y S T E M  ---------------

OS: Windows 10 , 64 bit Build 19041 (10.0.19041.2546)
OS uptime: 2 days 1:22 hours

CPU:total 12 (initial active 12) (12 cores per cpu, 2 threads per core) family 23 model 104 stepping 1 microcode 0x0, cmov, cx8, fxsr, mmx, sse, sse2, sse3, ssse3, sse4.1, sse4.2, popcnt, avx, avx2, aes, clmul, mmxext, 3dnowpref, lzcnt, sse4a, ht, tsc, tscinvbit, tscinv, bmi1, bmi2, adx,

Memory: 4k page, system-wide physical 7521M (382M free)
TotalPageFile size 15713M (AvailPageFile size 4M)
current process WorkingSet (physical memory assigned to process): 369M, peak: 376M
current process commit charge ("private bytes"): 484M, peak: 489M

vm_info: OpenJDK 64-Bit Server VM (11.0.10+0-b96-7249189) for windows-amd64 JRE (11.0.10+0-b96-7249189), built on Mar 31 2021 21:44:00 by "builder" with MS VC++ 14.0 (VS2015)

END.
