#
# There is insufficient memory for the Java Runtime Environment to continue.
# Native memory allocation (malloc) failed to allocate 801616 bytes for Chunk::new
# Possible reasons:
#   The system is out of physical RAM or swap space
#   The process is running with CompressedOops enabled, and the Java Heap may be blocking the growth of the native heap
# Possible solutions:
#   Reduce memory load on the system
#   Increase physical memory or swap space
#   Check if swap backing store is full
#   Decrease Java heap size (-Xmx/-Xms)
#   Decrease number of Java threads
#   Decrease Java thread stack sizes (-Xss)
#   Set larger code cache with -XX:ReservedCodeCacheSize=
#   JVM is running with Unscaled Compressed Oops mode in which the Java heap is
#     placed in the first 4GB address space. The Java Heap base address is the
#     maximum limit for the native heap growth. Please use -XX:HeapBaseMinAddress
#     to set the Java Heap base and to place the Java Heap above 4GB virtual address.
# This output file may be truncated or incomplete.
#
#  Out of Memory Error (./src/hotspot/share/memory/arena.cpp:197), pid=3064, tid=12860
#
# JRE version: OpenJDK Runtime Environment (11.0.10) (build 11.0.10+0-b96-7249189)
# Java VM: OpenJDK 64-Bit Server VM (11.0.10+0-b96-7249189, mixed mode, tiered, compressed oops, g1 gc, windows-amd64)
# No core dump will be written. Minidumps are not enabled by default on client versions of Windows
#

---------------  S U M M A R Y ------------

Command Line: --add-opens=java.base/java.util=ALL-UNNAMED --add-opens=java.base/java.lang=ALL-UNNAMED --add-opens=java.base/java.lang.invoke=ALL-UNNAMED --add-opens=java.base/java.util=ALL-UNNAMED --add-opens=java.prefs/java.util.prefs=ALL-UNNAMED --add-opens=java.prefs/java.util.prefs=ALL-UNNAMED --add-opens=java.base/java.nio.charset=ALL-UNNAMED --add-opens=java.base/java.net=ALL-UNNAMED --add-opens=java.base/java.util.concurrent.atomic=ALL-UNNAMED -Xmx2048m -Dfile.encoding=UTF-8 -Duser.country=RU -Duser.language=ru -Duser.variant org.gradle.launcher.daemon.bootstrap.GradleDaemon 7.0.2

Host: AMD Ryzen 5 5500U with Radeon Graphics         , 12 cores, 7G,  Windows 10 , 64 bit Build 19041 (10.0.19041.2546)
Time: Wed Mar 22 22:16:33 2023 RTZ 2 (зима) elapsed time: 13.555043 seconds (0d 0h 0m 13s)

---------------  T H R E A D  ---------------

Current thread (0x0000023472cfa800):  JavaThread "C2 CompilerThread1" daemon [_thread_in_native, id=12860, stack(0x000000415da00000,0x000000415db00000)]


Current CompileTask:
C2:  13555 9801       4       org.gradle.internal.serialize.kryo.StringDeduplicatingKryoBackedEncoder::writeString (20 bytes)

Stack: [0x000000415da00000,0x000000415db00000]
Native frames: (J=compiled Java code, j=interpreted, Vv=VM code, C=native code)
V  [jvm.dll+0x5ecfaa]
V  [jvm.dll+0x722bd5]
V  [jvm.dll+0x72412d]
V  [jvm.dll+0x7247e3]
V  [jvm.dll+0x242928]
V  [jvm.dll+0xbc4fc]
V  [jvm.dll+0xbca0c]
V  [jvm.dll+0x352d3b]
V  [jvm.dll+0x320ad3]
V  [jvm.dll+0x31ffca]
V  [jvm.dll+0x1fb602]
V  [jvm.dll+0x1fa7f4]
V  [jvm.dll+0x18354c]
V  [jvm.dll+0x208ee7]
V  [jvm.dll+0x207731]
V  [jvm.dll+0x6eb1cf]
V  [jvm.dll+0x6e3d45]
V  [jvm.dll+0x5ebe96]
C  [ucrtbase.dll+0x21bb2]
C  [KERNEL32.DLL+0x17614]
C  [ntdll.dll+0x526a1]


---------------  P R O C E S S  ---------------

Threads class SMR info:
_java_thread_list=0x0000023474d4fb50, length=59, elements={
0x0000023456a5c000, 0x0000023471b51800, 0x0000023471b55000, 0x0000023471bab800,
0x0000023471bac800, 0x0000023471bb0000, 0x0000023471bb3000, 0x000002347133d000,
0x0000023471340000, 0x0000023471d12800, 0x0000023472aed000, 0x00000234749e4800,
0x0000023472cfa800, 0x000002347475a000, 0x00000234722b8000, 0x0000023471e7f800,
0x0000023473a8a800, 0x00000234748a6800, 0x0000023472cfa000, 0x0000023472cf7800,
0x0000023472cfe000, 0x0000023472cf8000, 0x0000023472cf9000, 0x0000023472cfb800,
0x0000023472cfc800, 0x0000023473f47000, 0x0000023473f44800, 0x0000023473f45800,
0x0000023473f41800, 0x0000023473f48000, 0x0000023473f44000, 0x0000023473f42800,
0x0000023473f46800, 0x0000023473f49000, 0x0000023473f43000, 0x0000023473f4c000,
0x0000023473f4d000, 0x0000023473f4b800, 0x0000023473f4e800, 0x0000023473f4f800,
0x0000023473f4a800, 0x0000023473f4d800, 0x0000023473f49800, 0x0000023475aac800,
0x0000023475aa8000, 0x0000023475aaa000, 0x0000023475aae800, 0x0000023475aaf800,
0x0000023475ab0800, 0x0000023475ab1000, 0x0000023475aab800, 0x0000023475ab5800,
0x0000023475ab6000, 0x0000023475ab7000, 0x0000023475ab3800, 0x0000023475ab2000,
0x0000023475ab4800, 0x0000023475ab3000, 0x0000023474697000
}

Java Threads: ( => current thread )
  0x0000023456a5c000 JavaThread "main" [_thread_blocked, id=20292, stack(0x000000415c800000,0x000000415c900000)]
  0x0000023471b51800 JavaThread "Reference Handler" daemon [_thread_blocked, id=18188, stack(0x000000415cf00000,0x000000415d000000)]
  0x0000023471b55000 JavaThread "Finalizer" daemon [_thread_blocked, id=16896, stack(0x000000415d000000,0x000000415d100000)]
  0x0000023471bab800 JavaThread "Signal Dispatcher" daemon [_thread_blocked, id=13652, stack(0x000000415d100000,0x000000415d200000)]
  0x0000023471bac800 JavaThread "Attach Listener" daemon [_thread_blocked, id=9744, stack(0x000000415d200000,0x000000415d300000)]
  0x0000023471bb0000 JavaThread "Service Thread" daemon [_thread_blocked, id=8236, stack(0x000000415d300000,0x000000415d400000)]
  0x0000023471bb3000 JavaThread "C2 CompilerThread0" daemon [_thread_in_native, id=18096, stack(0x000000415d400000,0x000000415d500000)]
  0x000002347133d000 JavaThread "C1 CompilerThread0" daemon [_thread_blocked, id=8708, stack(0x000000415d500000,0x000000415d600000)]
  0x0000023471340000 JavaThread "Sweeper thread" daemon [_thread_blocked, id=17708, stack(0x000000415d600000,0x000000415d700000)]
  0x0000023471d12800 JavaThread "Common-Cleaner" daemon [_thread_blocked, id=18648, stack(0x000000415d700000,0x000000415d800000)]
  0x0000023472aed000 JavaThread "Daemon health stats" [_thread_blocked, id=4424, stack(0x000000415dc00000,0x000000415dd00000)]
  0x00000234749e4800 JavaThread "Incoming local TCP Connector on port 60634" [_thread_in_native, id=20468, stack(0x000000415d900000,0x000000415da00000)]
=>0x0000023472cfa800 JavaThread "C2 CompilerThread1" daemon [_thread_in_native, id=12860, stack(0x000000415da00000,0x000000415db00000)]
  0x000002347475a000 JavaThread "Daemon periodic checks" [_thread_blocked, id=15248, stack(0x000000415dd00000,0x000000415de00000)]
  0x00000234722b8000 JavaThread "Daemon" [_thread_blocked, id=19276, stack(0x000000415de00000,0x000000415df00000)]
  0x0000023471e7f800 JavaThread "Handler for socket connection from /127.0.0.1:60634 to /127.0.0.1:60635" [_thread_in_native, id=7488, stack(0x000000415df00000,0x000000415e000000)]
  0x0000023473a8a800 JavaThread "Cancel handler" [_thread_blocked, id=7320, stack(0x000000415e000000,0x000000415e100000)]
  0x00000234748a6800 JavaThread "Daemon worker" [_thread_in_vm, id=7616, stack(0x000000415e100000,0x000000415e200000)]
  0x0000023472cfa000 JavaThread "Asynchronous log dispatcher for DefaultDaemonConnection: socket connection from /127.0.0.1:60634 to /127.0.0.1:60635" [_thread_blocked, id=12284, stack(0x000000415e200000,0x000000415e300000)]
  0x0000023472cf7800 JavaThread "Stdin handler" [_thread_blocked, id=4332, stack(0x000000415e300000,0x000000415e400000)]
  0x0000023472cfe000 JavaThread "Daemon client event forwarder" [_thread_blocked, id=14204, stack(0x000000415e400000,0x000000415e500000)]
  0x0000023472cf8000 JavaThread "Cache worker for file hash cache (C:\Users\Eduard\.gradle\caches\7.0.2\fileHashes)" [_thread_blocked, id=15728, stack(0x000000415ee00000,0x000000415ef00000)]
  0x0000023472cf9000 JavaThread "File lock request listener" [_thread_in_native, id=12276, stack(0x000000415ef00000,0x000000415f000000)]
  0x0000023472cfb800 JavaThread "Cache worker for journal cache (C:\Users\Eduard\.gradle\caches\journal-1)" [_thread_blocked, id=18396, stack(0x000000415f200000,0x000000415f300000)]
  0x0000023472cfc800 JavaThread "Cache worker for file hash cache (C:\Users\Eduard\AndroidStudioProjects\Practice2023_PcComponents\.gradle\7.0.2\fileHashes)" [_thread_blocked, id=2984, stack(0x000000415f300000,0x000000415f400000)]
  0x0000023473f47000 JavaThread "File watcher server" daemon [_thread_in_native, id=12884, stack(0x000000415f400000,0x000000415f500000)]
  0x0000023473f44800 JavaThread "File watcher consumer" daemon [_thread_blocked, id=19732, stack(0x000000415f500000,0x000000415f600000)]
  0x0000023473f45800 JavaThread "jar transforms" [_thread_blocked, id=15796, stack(0x000000415f600000,0x000000415f700000)]
  0x0000023473f41800 JavaThread "jar transforms Thread 2" [_thread_blocked, id=19892, stack(0x000000415f700000,0x000000415f800000)]
  0x0000023473f48000 JavaThread "jar transforms Thread 3" [_thread_blocked, id=18104, stack(0x000000415f800000,0x000000415f900000)]
  0x0000023473f44000 JavaThread "jar transforms Thread 4" [_thread_blocked, id=9668, stack(0x000000415f900000,0x000000415fa00000)]
  0x0000023473f42800 JavaThread "jar transforms Thread 5" [_thread_blocked, id=12388, stack(0x000000415fa00000,0x000000415fb00000)]
  0x0000023473f46800 JavaThread "jar transforms Thread 6" [_thread_blocked, id=9964, stack(0x000000415fb00000,0x000000415fc00000)]
  0x0000023473f49000 JavaThread "jar transforms Thread 7" [_thread_blocked, id=20356, stack(0x000000415fc00000,0x000000415fd00000)]
  0x0000023473f43000 JavaThread "jar transforms Thread 8" [_thread_blocked, id=2348, stack(0x000000415fd00000,0x000000415fe00000)]
  0x0000023473f4c000 JavaThread "jar transforms Thread 9" [_thread_blocked, id=13048, stack(0x000000415fe00000,0x000000415ff00000)]
  0x0000023473f4d000 JavaThread "jar transforms Thread 10" [_thread_blocked, id=10032, stack(0x000000415ff00000,0x0000004160000000)]
  0x0000023473f4b800 JavaThread "jar transforms Thread 11" [_thread_blocked, id=15744, stack(0x0000004160000000,0x0000004160100000)]
  0x0000023473f4e800 JavaThread "jar transforms Thread 12" [_thread_blocked, id=11288, stack(0x0000004160100000,0x0000004160200000)]
  0x0000023473f4f800 JavaThread "Cache worker for checksums cache (C:\Users\Eduard\AndroidStudioProjects\Practice2023_PcComponents\.gradle\checksums)" [_thread_blocked, id=9376, stack(0x0000004160200000,0x0000004160300000)]
  0x0000023473f4a800 JavaThread "Cache worker for cache directory md-supplier (C:\Users\Eduard\.gradle\caches\7.0.2\md-supplier)" [_thread_blocked, id=2516, stack(0x0000004160300000,0x0000004160400000)]
  0x0000023473f4d800 JavaThread "Cache worker for cache directory md-rule (C:\Users\Eduard\.gradle\caches\7.0.2\md-rule)" [_thread_blocked, id=11244, stack(0x0000004160400000,0x0000004160500000)]
  0x0000023473f49800 JavaThread "Cache worker for execution history cache (C:\Users\Eduard\.gradle\caches\7.0.2\executionHistory)" [_thread_blocked, id=19204, stack(0x0000004160500000,0x0000004160600000)]
  0x0000023475aac800 JavaThread "Cache worker for file content cache (C:\Users\Eduard\.gradle\caches\7.0.2\fileContent)" [_thread_blocked, id=6592, stack(0x0000004160600000,0x0000004160700000)]
  0x0000023475aa8000 JavaThread "Cache worker for dependencies-accessors (C:\Users\Eduard\AndroidStudioProjects\Practice2023_PcComponents\.gradle\7.0.2\dependencies-accessors)" [_thread_blocked, id=8088, stack(0x0000004160700000,0x0000004160800000)]
  0x0000023475aaa000 JavaThread "Cache worker for Build Output Cleanup Cache (C:\Users\Eduard\AndroidStudioProjects\Practice2023_PcComponents\.gradle\buildOutputCleanup)" [_thread_blocked, id=13852, stack(0x0000004160800000,0x0000004160900000)]
  0x0000023475aae800 JavaThread "Build operations" [_thread_blocked, id=6012, stack(0x0000004160900000,0x0000004160a00000)]
  0x0000023475aaf800 JavaThread "Build operations Thread 2" [_thread_blocked, id=20380, stack(0x0000004160a00000,0x0000004160b00000)]
  0x0000023475ab0800 JavaThread "Build operations Thread 3" [_thread_blocked, id=13328, stack(0x0000004160b00000,0x0000004160c00000)]
  0x0000023475ab1000 JavaThread "Build operations Thread 4" [_thread_blocked, id=14020, stack(0x0000004160c00000,0x0000004160d00000)]
  0x0000023475aab800 JavaThread "Build operations Thread 5" [_thread_blocked, id=12536, stack(0x0000004160d00000,0x0000004160e00000)]
  0x0000023475ab5800 JavaThread "Build operations Thread 6" [_thread_blocked, id=15084, stack(0x0000004160e00000,0x0000004160f00000)]
  0x0000023475ab6000 JavaThread "Build operations Thread 7" [_thread_blocked, id=2396, stack(0x0000004160f00000,0x0000004161000000)]
  0x0000023475ab7000 JavaThread "Build operations Thread 8" [_thread_blocked, id=3464, stack(0x0000004161000000,0x0000004161100000)]
  0x0000023475ab3800 JavaThread "Build operations Thread 9" [_thread_blocked, id=16808, stack(0x0000004161100000,0x0000004161200000)]
  0x0000023475ab2000 JavaThread "Build operations Thread 10" [_thread_blocked, id=15912, stack(0x0000004161200000,0x0000004161300000)]
  0x0000023475ab4800 JavaThread "Build operations Thread 11" [_thread_blocked, id=15984, stack(0x0000004161300000,0x0000004161400000)]
  0x0000023475ab3000 JavaThread "Build operations Thread 12" [_thread_blocked, id=14940, stack(0x0000004161400000,0x0000004161500000)]
  0x0000023474697000 JavaThread "Memory manager" [_thread_blocked, id=7216, stack(0x0000004161500000,0x0000004161600000)]

Other Threads:
  0x000002347132f000 VMThread "VM Thread" [stack: 0x000000415ce00000,0x000000415cf00000] [id=14188]
  0x0000023471d17800 WatcherThread [stack: 0x000000415d800000,0x000000415d900000] [id=9928]
  0x0000023456a75800 GCTaskThread "GC Thread#0" [stack: 0x000000415c900000,0x000000415ca00000] [id=2024]
  0x0000023472706000 GCTaskThread "GC Thread#1" [stack: 0x000000415db00000,0x000000415dc00000] [id=15336]
  0x0000023473145800 GCTaskThread "GC Thread#2" [stack: 0x000000415e500000,0x000000415e600000] [id=13016]
  0x0000023473146800 GCTaskThread "GC Thread#3" [stack: 0x000000415e600000,0x000000415e700000] [id=2476]
  0x0000023473b13800 GCTaskThread "GC Thread#4" [stack: 0x000000415e700000,0x000000415e800000] [id=19488]
  0x0000023473b14000 GCTaskThread "GC Thread#5" [stack: 0x000000415e800000,0x000000415e900000] [id=9652]
  0x0000023473c0e800 GCTaskThread "GC Thread#6" [stack: 0x000000415e900000,0x000000415ea00000] [id=13704]
  0x0000023473c0c000 GCTaskThread "GC Thread#7" [stack: 0x000000415ea00000,0x000000415eb00000] [id=16508]
  0x0000023473c0e000 GCTaskThread "GC Thread#8" [stack: 0x000000415eb00000,0x000000415ec00000] [id=14664]
  0x0000023473c09800 GCTaskThread "GC Thread#9" [stack: 0x000000415ec00000,0x000000415ed00000] [id=18676]
  0x0000023456aa8800 ConcurrentGCThread "G1 Main Marker" [stack: 0x000000415ca00000,0x000000415cb00000] [id=6884]
  0x0000023456aaa000 ConcurrentGCThread "G1 Conc#0" [stack: 0x000000415cb00000,0x000000415cc00000] [id=18204]
  0x0000023473c0c800 ConcurrentGCThread "G1 Conc#1" [stack: 0x000000415f000000,0x000000415f100000] [id=14308]
  0x0000023473c0f800 ConcurrentGCThread "G1 Conc#2" [stack: 0x000000415f100000,0x000000415f200000] [id=2980]
  0x0000023456b3e800 ConcurrentGCThread "G1 Refine#0" [stack: 0x000000415cc00000,0x000000415cd00000] [id=16956]
  0x0000023472e93800 ConcurrentGCThread "G1 Refine#1" [stack: 0x000000415ed00000,0x000000415ee00000] [id=18016]
  0x000002347117e800 ConcurrentGCThread "G1 Young RemSet Sampling" [stack: 0x000000415cd00000,0x000000415ce00000] [id=13720]

Threads with active compile tasks:
C2 CompilerThread0  13584 9799       4       org.gradle.internal.serialize.kryo.StringDeduplicatingKryoBackedEncoder::writeNullableString (114 bytes)
C2 CompilerThread1  13584 9801       4       org.gradle.internal.serialize.kryo.StringDeduplicatingKryoBackedEncoder::writeString (20 bytes)

VM state:not at safepoint (normal execution)

VM Mutex/Monitor currently owned by a thread: None

Heap address: 0x0000000080000000, size: 2048 MB, Compressed Oops mode: 32-bit
Narrow klass base: 0x0000000000000000, Narrow klass shift: 3
Compressed class space size: 1073741824 Address: 0x0000000100000000

Heap:
 garbage-first heap   total 175104K, used 132119K [0x0000000080000000, 0x0000000100000000)
  region size 1024K, 47 young (48128K), 7 survivors (7168K)
 Metaspace       used 88785K, capacity 91512K, committed 91648K, reserved 1128448K
  class space    used 11487K, capacity 12461K, committed 12544K, reserved 1048576K
Heap Regions: E=young(eden), S=young(survivor), O=old, HS=humongous(starts), HC=humongous(continues), CS=collection set, F=free, A=archive, TAMS=top-at-mark-start (previous, next)
|   0|0x0000000080000000, 0x0000000080100000, 0x0000000080100000|100%| O|  |TAMS 0x0000000080100000, 0x0000000080000000| Untracked 
|   1|0x0000000080100000, 0x0000000080200000, 0x0000000080200000|100%| O|  |TAMS 0x0000000080200000, 0x0000000080100000| Untracked 
|   2|0x0000000080200000, 0x0000000080300000, 0x0000000080300000|100%| O|  |TAMS 0x0000000080300000, 0x0000000080200000| Untracked 
|   3|0x0000000080300000, 0x0000000080400000, 0x0000000080400000|100%|HS|  |TAMS 0x0000000080400000, 0x0000000080300000| Complete 
|   4|0x0000000080400000, 0x0000000080500000, 0x0000000080500000|100%|HC|  |TAMS 0x0000000080500000, 0x0000000080400000| Complete 
|   5|0x0000000080500000, 0x0000000080600000, 0x0000000080600000|100%|HC|  |TAMS 0x0000000080600000, 0x0000000080500000| Complete 
|   6|0x0000000080600000, 0x0000000080700000, 0x0000000080700000|100%| O|  |TAMS 0x0000000080700000, 0x0000000080600000| Untracked 
|   7|0x0000000080700000, 0x0000000080800000, 0x0000000080800000|100%| O|  |TAMS 0x0000000080800000, 0x0000000080700000| Untracked 
|   8|0x0000000080800000, 0x0000000080900000, 0x0000000080900000|100%| O|  |TAMS 0x0000000080900000, 0x0000000080800000| Untracked 
|   9|0x0000000080900000, 0x0000000080a00000, 0x0000000080a00000|100%| O|  |TAMS 0x0000000080a00000, 0x0000000080900000| Untracked 
|  10|0x0000000080a00000, 0x0000000080b00000, 0x0000000080b00000|100%| O|  |TAMS 0x0000000080b00000, 0x0000000080a00000| Untracked 
|  11|0x0000000080b00000, 0x0000000080c00000, 0x0000000080c00000|100%| O|  |TAMS 0x0000000080c00000, 0x0000000080b00000| Untracked 
|  12|0x0000000080c00000, 0x0000000080d00000, 0x0000000080d00000|100%| O|  |TAMS 0x0000000080d00000, 0x0000000080c00000| Untracked 
|  13|0x0000000080d00000, 0x0000000080e00000, 0x0000000080e00000|100%| O|  |TAMS 0x0000000080e00000, 0x0000000080d00000| Untracked 
|  14|0x0000000080e00000, 0x0000000080f00000, 0x0000000080f00000|100%| O|  |TAMS 0x0000000080f00000, 0x0000000080e00000| Untracked 
|  15|0x0000000080f00000, 0x0000000081000000, 0x0000000081000000|100%| O|  |TAMS 0x0000000081000000, 0x0000000080f00000| Untracked 
|  16|0x0000000081000000, 0x0000000081100000, 0x0000000081100000|100%|HS|  |TAMS 0x0000000081100000, 0x0000000081000000| Complete 
|  17|0x0000000081100000, 0x0000000081200000, 0x0000000081200000|100%|HC|  |TAMS 0x0000000081200000, 0x0000000081100000| Complete 
|  18|0x0000000081200000, 0x0000000081300000, 0x0000000081300000|100%|HS|  |TAMS 0x0000000081300000, 0x0000000081200000| Complete 
|  19|0x0000000081300000, 0x0000000081400000, 0x0000000081400000|100%|HC|  |TAMS 0x0000000081400000, 0x0000000081300000| Complete 
|  20|0x0000000081400000, 0x0000000081500000, 0x0000000081500000|100%|HC|  |TAMS 0x0000000081500000, 0x0000000081400000| Complete 
|  21|0x0000000081500000, 0x0000000081600000, 0x0000000081600000|100%|HS|  |TAMS 0x0000000081600000, 0x0000000081500000| Complete 
|  22|0x0000000081600000, 0x0000000081700000, 0x0000000081700000|100%|HC|  |TAMS 0x0000000081700000, 0x0000000081600000| Complete 
|  23|0x0000000081700000, 0x0000000081800000, 0x0000000081800000|100%|HC|  |TAMS 0x0000000081800000, 0x0000000081700000| Complete 
|  24|0x0000000081800000, 0x0000000081900000, 0x0000000081900000|100%|HC|  |TAMS 0x0000000081900000, 0x0000000081800000| Complete 
|  25|0x0000000081900000, 0x0000000081a00000, 0x0000000081a00000|100%|HC|  |TAMS 0x0000000081a00000, 0x0000000081900000| Complete 
|  26|0x0000000081a00000, 0x0000000081b00000, 0x0000000081b00000|100%| O|  |TAMS 0x0000000081b00000, 0x0000000081a00000| Untracked 
|  27|0x0000000081b00000, 0x0000000081c00000, 0x0000000081c00000|100%| O|  |TAMS 0x0000000081c00000, 0x0000000081b00000| Untracked 
|  28|0x0000000081c00000, 0x0000000081d00000, 0x0000000081d00000|100%| O|  |TAMS 0x0000000081d00000, 0x0000000081c00000| Untracked 
|  29|0x0000000081d00000, 0x0000000081e00000, 0x0000000081e00000|100%| O|  |TAMS 0x0000000081e00000, 0x0000000081d00000| Untracked 
|  30|0x0000000081e00000, 0x0000000081f00000, 0x0000000081f00000|100%| O|  |TAMS 0x0000000081f00000, 0x0000000081e00000| Untracked 
|  31|0x0000000081f00000, 0x0000000082000000, 0x0000000082000000|100%| O|  |TAMS 0x0000000082000000, 0x0000000081f00000| Untracked 
|  32|0x0000000082000000, 0x0000000082100000, 0x0000000082100000|100%|HS|  |TAMS 0x0000000082100000, 0x0000000082000000| Complete 
|  33|0x0000000082100000, 0x0000000082200000, 0x0000000082200000|100%|HC|  |TAMS 0x0000000082200000, 0x0000000082100000| Complete 
|  34|0x0000000082200000, 0x0000000082300000, 0x0000000082300000|100%|HC|  |TAMS 0x0000000082300000, 0x0000000082200000| Complete 
|  35|0x0000000082300000, 0x0000000082400000, 0x0000000082400000|100%|HC|  |TAMS 0x0000000082400000, 0x0000000082300000| Complete 
|  36|0x0000000082400000, 0x0000000082500000, 0x0000000082500000|100%|HC|  |TAMS 0x0000000082500000, 0x0000000082400000| Complete 
|  37|0x0000000082500000, 0x0000000082600000, 0x0000000082600000|100%|HS|  |TAMS 0x0000000082600000, 0x0000000082500000| Complete 
|  38|0x0000000082600000, 0x0000000082700000, 0x0000000082700000|100%|HC|  |TAMS 0x0000000082700000, 0x0000000082600000| Complete 
|  39|0x0000000082700000, 0x0000000082800000, 0x0000000082800000|100%|HC|  |TAMS 0x0000000082800000, 0x0000000082700000| Complete 
|  40|0x0000000082800000, 0x0000000082900000, 0x0000000082900000|100%|HS|  |TAMS 0x0000000082900000, 0x0000000082800000| Complete 
|  41|0x0000000082900000, 0x0000000082a00000, 0x0000000082a00000|100%| O|  |TAMS 0x0000000082a00000, 0x0000000082900000| Untracked 
|  42|0x0000000082a00000, 0x0000000082b00000, 0x0000000082b00000|100%| O|  |TAMS 0x0000000082b00000, 0x0000000082a00000| Untracked 
|  43|0x0000000082b00000, 0x0000000082c00000, 0x0000000082c00000|100%| O|  |TAMS 0x0000000082c00000, 0x0000000082b00000| Untracked 
|  44|0x0000000082c00000, 0x0000000082d00000, 0x0000000082d00000|100%| O|  |TAMS 0x0000000082d00000, 0x0000000082c00000| Untracked 
|  45|0x0000000082d00000, 0x0000000082e00000, 0x0000000082e00000|100%| O|  |TAMS 0x0000000082e00000, 0x0000000082d00000| Untracked 
|  46|0x0000000082e00000, 0x0000000082f00000, 0x0000000082f00000|100%| O|  |TAMS 0x0000000082f00000, 0x0000000082e00000| Untracked 
|  47|0x0000000082f00000, 0x0000000083000000, 0x0000000083000000|100%| O|  |TAMS 0x0000000083000000, 0x0000000082f00000| Untracked 
|  48|0x0000000083000000, 0x0000000083100000, 0x0000000083100000|100%| O|  |TAMS 0x0000000083100000, 0x0000000083000000| Untracked 
|  49|0x0000000083100000, 0x0000000083200000, 0x0000000083200000|100%| O|  |TAMS 0x0000000083200000, 0x0000000083100000| Untracked 
|  50|0x0000000083200000, 0x0000000083300000, 0x0000000083300000|100%| O|  |TAMS 0x0000000083300000, 0x0000000083200000| Untracked 
|  51|0x0000000083300000, 0x0000000083400000, 0x0000000083400000|100%|HS|  |TAMS 0x0000000083400000, 0x0000000083300000| Complete 
|  52|0x0000000083400000, 0x0000000083500000, 0x0000000083500000|100%| O|  |TAMS 0x0000000083500000, 0x0000000083400000| Untracked 
|  53|0x0000000083500000, 0x0000000083600000, 0x0000000083600000|100%| O|  |TAMS 0x0000000083600000, 0x0000000083500000| Untracked 
|  54|0x0000000083600000, 0x0000000083700000, 0x0000000083700000|100%| O|  |TAMS 0x0000000083700000, 0x0000000083600000| Untracked 
|  55|0x0000000083700000, 0x0000000083800000, 0x0000000083800000|100%| O|  |TAMS 0x0000000083800000, 0x0000000083700000| Untracked 
|  56|0x0000000083800000, 0x0000000083900000, 0x0000000083900000|100%|HS|  |TAMS 0x0000000083900000, 0x0000000083800000| Complete 
|  57|0x0000000083900000, 0x0000000083a00000, 0x0000000083a00000|100%|HC|  |TAMS 0x0000000083a00000, 0x0000000083900000| Complete 
|  58|0x0000000083a00000, 0x0000000083b00000, 0x0000000083b00000|100%| O|  |TAMS 0x0000000083b00000, 0x0000000083a00000| Untracked 
|  59|0x0000000083b00000, 0x0000000083c00000, 0x0000000083c00000|100%| O|  |TAMS 0x0000000083c00000, 0x0000000083b00000| Untracked 
|  60|0x0000000083c00000, 0x0000000083d00000, 0x0000000083d00000|100%| O|  |TAMS 0x0000000083d00000, 0x0000000083c00000| Untracked 
|  61|0x0000000083d00000, 0x0000000083e00000, 0x0000000083e00000|100%| O|  |TAMS 0x0000000083e00000, 0x0000000083d00000| Untracked 
|  62|0x0000000083e00000, 0x0000000083f00000, 0x0000000083f00000|100%| O|  |TAMS 0x0000000083f00000, 0x0000000083e00000| Untracked 
|  63|0x0000000083f00000, 0x0000000084000000, 0x0000000084000000|100%| O|  |TAMS 0x0000000084000000, 0x0000000083f00000| Untracked 
|  64|0x0000000084000000, 0x0000000084100000, 0x0000000084100000|100%| O|  |TAMS 0x0000000084100000, 0x0000000084000000| Untracked 
|  65|0x0000000084100000, 0x0000000084200000, 0x0000000084200000|100%| O|  |TAMS 0x0000000084200000, 0x0000000084100000| Untracked 
|  66|0x0000000084200000, 0x0000000084300000, 0x0000000084300000|100%| O|  |TAMS 0x0000000084300000, 0x0000000084200000| Untracked 
|  67|0x0000000084300000, 0x0000000084400000, 0x0000000084400000|100%| O|  |TAMS 0x0000000084400000, 0x0000000084300000| Untracked 
|  68|0x0000000084400000, 0x0000000084500000, 0x0000000084500000|100%| O|  |TAMS 0x0000000084500000, 0x0000000084400000| Untracked 
|  69|0x0000000084500000, 0x0000000084600000, 0x0000000084600000|100%| O|  |TAMS 0x0000000084600000, 0x0000000084500000| Untracked 
|  70|0x0000000084600000, 0x0000000084700000, 0x0000000084700000|100%| O|  |TAMS 0x0000000084700000, 0x0000000084600000| Untracked 
|  71|0x0000000084700000, 0x0000000084800000, 0x0000000084800000|100%| O|  |TAMS 0x0000000084800000, 0x0000000084700000| Untracked 
|  72|0x0000000084800000, 0x0000000084900000, 0x0000000084900000|100%| O|  |TAMS 0x0000000084900000, 0x0000000084800000| Untracked 
|  73|0x0000000084900000, 0x0000000084a00000, 0x0000000084a00000|100%| O|  |TAMS 0x0000000084a00000, 0x0000000084900000| Untracked 
|  74|0x0000000084a00000, 0x0000000084b00000, 0x0000000084b00000|100%| O|  |TAMS 0x0000000084b00000, 0x0000000084a00000| Untracked 
|  75|0x0000000084b00000, 0x0000000084c00000, 0x0000000084c00000|100%| O|  |TAMS 0x0000000084c00000, 0x0000000084b00000| Untracked 
|  76|0x0000000084c00000, 0x0000000084d00000, 0x0000000084d00000|100%| O|  |TAMS 0x0000000084d00000, 0x0000000084c00000| Untracked 
|  77|0x0000000084d00000, 0x0000000084e00000, 0x0000000084e00000|100%| O|  |TAMS 0x0000000084e00000, 0x0000000084d00000| Untracked 
|  78|0x0000000084e00000, 0x0000000084f00000, 0x0000000084f00000|100%| O|  |TAMS 0x0000000084f00000, 0x0000000084e00000| Untracked 
|  79|0x0000000084f00000, 0x0000000085000000, 0x0000000085000000|100%| O|  |TAMS 0x0000000085000000, 0x0000000084f00000| Untracked 
|  80|0x0000000085000000, 0x0000000085100000, 0x0000000085100000|100%| O|  |TAMS 0x0000000085100000, 0x0000000085000000| Untracked 
|  81|0x0000000085100000, 0x0000000085200000, 0x0000000085200000|100%| O|  |TAMS 0x0000000085200000, 0x0000000085100000| Untracked 
|  82|0x0000000085200000, 0x0000000085300000, 0x0000000085300000|100%| O|  |TAMS 0x000000008526d800, 0x0000000085200000| Untracked 
|  83|0x0000000085300000, 0x0000000085300000, 0x0000000085400000|  0%| F|  |TAMS 0x0000000085300000, 0x0000000085300000| Untracked 
|  84|0x0000000085400000, 0x0000000085500000, 0x0000000085500000|100%| O|  |TAMS 0x0000000085400000, 0x0000000085400000| Untracked 
|  85|0x0000000085500000, 0x00000000855c4400, 0x0000000085600000| 76%| O|  |TAMS 0x0000000085500000, 0x0000000085500000| Untracked 
|  86|0x0000000085600000, 0x0000000085600000, 0x0000000085700000|  0%| F|  |TAMS 0x0000000085600000, 0x0000000085600000| Untracked 
|  87|0x0000000085700000, 0x0000000085700000, 0x0000000085800000|  0%| F|  |TAMS 0x0000000085700000, 0x0000000085700000| Untracked 
|  88|0x0000000085800000, 0x0000000085800000, 0x0000000085900000|  0%| F|  |TAMS 0x0000000085800000, 0x0000000085800000| Untracked 
|  89|0x0000000085900000, 0x0000000085900000, 0x0000000085a00000|  0%| F|  |TAMS 0x0000000085900000, 0x0000000085900000| Untracked 
|  90|0x0000000085a00000, 0x0000000085a00000, 0x0000000085b00000|  0%| F|  |TAMS 0x0000000085a00000, 0x0000000085a00000| Untracked 
|  91|0x0000000085b00000, 0x0000000085b00000, 0x0000000085c00000|  0%| F|  |TAMS 0x0000000085b00000, 0x0000000085b00000| Untracked 
|  92|0x0000000085c00000, 0x0000000085c00000, 0x0000000085d00000|  0%| F|  |TAMS 0x0000000085c00000, 0x0000000085c00000| Untracked 
|  93|0x0000000085d00000, 0x0000000085d00000, 0x0000000085e00000|  0%| F|  |TAMS 0x0000000085d00000, 0x0000000085d00000| Untracked 
|  94|0x0000000085e00000, 0x0000000085e00000, 0x0000000085f00000|  0%| F|  |TAMS 0x0000000085e00000, 0x0000000085e00000| Untracked 
|  95|0x0000000085f00000, 0x0000000085f00000, 0x0000000086000000|  0%| F|  |TAMS 0x0000000085f00000, 0x0000000085f00000| Untracked 
|  96|0x0000000086000000, 0x0000000086000000, 0x0000000086100000|  0%| F|  |TAMS 0x0000000086000000, 0x0000000086000000| Untracked 
|  97|0x0000000086100000, 0x0000000086100000, 0x0000000086200000|  0%| F|  |TAMS 0x0000000086100000, 0x0000000086100000| Untracked 
|  98|0x0000000086200000, 0x0000000086200000, 0x0000000086300000|  0%| F|  |TAMS 0x0000000086200000, 0x0000000086200000| Untracked 
|  99|0x0000000086300000, 0x0000000086300000, 0x0000000086400000|  0%| F|  |TAMS 0x0000000086300000, 0x0000000086300000| Untracked 
| 100|0x0000000086400000, 0x0000000086400000, 0x0000000086500000|  0%| F|  |TAMS 0x0000000086400000, 0x0000000086400000| Untracked 
| 101|0x0000000086500000, 0x0000000086500000, 0x0000000086600000|  0%| F|  |TAMS 0x0000000086500000, 0x0000000086500000| Untracked 
| 102|0x0000000086600000, 0x0000000086600000, 0x0000000086700000|  0%| F|  |TAMS 0x0000000086600000, 0x0000000086600000| Untracked 
| 103|0x0000000086700000, 0x0000000086700000, 0x0000000086800000|  0%| F|  |TAMS 0x0000000086700000, 0x0000000086700000| Untracked 
| 104|0x0000000086800000, 0x0000000086800000, 0x0000000086900000|  0%| F|  |TAMS 0x0000000086800000, 0x0000000086800000| Untracked 
| 105|0x0000000086900000, 0x0000000086900000, 0x0000000086a00000|  0%| F|  |TAMS 0x0000000086900000, 0x0000000086900000| Untracked 
| 106|0x0000000086a00000, 0x0000000086a00000, 0x0000000086b00000|  0%| F|  |TAMS 0x0000000086a00000, 0x0000000086a00000| Untracked 
| 107|0x0000000086b00000, 0x0000000086b00000, 0x0000000086c00000|  0%| F|  |TAMS 0x0000000086b00000, 0x0000000086b00000| Untracked 
| 108|0x0000000086c00000, 0x0000000086c00000, 0x0000000086d00000|  0%| F|  |TAMS 0x0000000086c00000, 0x0000000086c00000| Untracked 
| 109|0x0000000086d00000, 0x0000000086d00000, 0x0000000086e00000|  0%| F|  |TAMS 0x0000000086d00000, 0x0000000086d00000| Untracked 
| 110|0x0000000086e00000, 0x0000000086e41a78, 0x0000000086f00000| 25%| S|CS|TAMS 0x0000000086e00000, 0x0000000086e00000| Complete 
| 111|0x0000000086f00000, 0x0000000087000000, 0x0000000087000000|100%| S|CS|TAMS 0x0000000086f00000, 0x0000000086f00000| Complete 
| 112|0x0000000087000000, 0x0000000087100000, 0x0000000087100000|100%| S|CS|TAMS 0x0000000087000000, 0x0000000087000000| Complete 
| 113|0x0000000087100000, 0x0000000087200000, 0x0000000087200000|100%| S|CS|TAMS 0x0000000087100000, 0x0000000087100000| Complete 
| 114|0x0000000087200000, 0x0000000087300000, 0x0000000087300000|100%| S|CS|TAMS 0x0000000087200000, 0x0000000087200000| Complete 
| 115|0x0000000087300000, 0x0000000087400000, 0x0000000087400000|100%| S|CS|TAMS 0x0000000087300000, 0x0000000087300000| Complete 
| 116|0x0000000087400000, 0x0000000087500000, 0x0000000087500000|100%| S|CS|TAMS 0x0000000087400000, 0x0000000087400000| Complete 
| 117|0x0000000087500000, 0x0000000087500000, 0x0000000087600000|  0%| F|  |TAMS 0x0000000087500000, 0x0000000087500000| Untracked 
| 118|0x0000000087600000, 0x0000000087600000, 0x0000000087700000|  0%| F|  |TAMS 0x0000000087600000, 0x0000000087600000| Untracked 
| 119|0x0000000087700000, 0x0000000087700000, 0x0000000087800000|  0%| F|  |TAMS 0x0000000087700000, 0x0000000087700000| Untracked 
| 120|0x0000000087800000, 0x0000000087800000, 0x0000000087900000|  0%| F|  |TAMS 0x0000000087800000, 0x0000000087800000| Untracked 
| 121|0x0000000087900000, 0x0000000087900000, 0x0000000087a00000|  0%| F|  |TAMS 0x0000000087900000, 0x0000000087900000| Untracked 
| 122|0x0000000087a00000, 0x0000000087a00000, 0x0000000087b00000|  0%| F|  |TAMS 0x0000000087a00000, 0x0000000087a00000| Untracked 
| 123|0x0000000087b00000, 0x0000000087b00000, 0x0000000087c00000|  0%| F|  |TAMS 0x0000000087b00000, 0x0000000087b00000| Untracked 
| 124|0x0000000087c00000, 0x0000000087c00000, 0x0000000087d00000|  0%| F|  |TAMS 0x0000000087c00000, 0x0000000087c00000| Untracked 
| 125|0x0000000087d00000, 0x0000000087d00000, 0x0000000087e00000|  0%| F|  |TAMS 0x0000000087d00000, 0x0000000087d00000| Untracked 
| 126|0x0000000087e00000, 0x0000000087e00000, 0x0000000087f00000|  0%| F|  |TAMS 0x0000000087e00000, 0x0000000087e00000| Untracked 
| 127|0x0000000087f00000, 0x0000000087f00000, 0x0000000088000000|  0%| F|  |TAMS 0x0000000087f00000, 0x0000000087f00000| Untracked 
| 128|0x0000000088000000, 0x0000000088000000, 0x0000000088100000|  0%| F|  |TAMS 0x0000000088000000, 0x0000000088000000| Untracked 
| 129|0x0000000088100000, 0x0000000088100000, 0x0000000088200000|  0%| F|  |TAMS 0x0000000088100000, 0x0000000088100000| Untracked 
| 130|0x0000000088200000, 0x0000000088200000, 0x0000000088300000|  0%| F|  |TAMS 0x0000000088200000, 0x0000000088200000| Untracked 
| 131|0x0000000088300000, 0x0000000088400000, 0x0000000088400000|100%| E|  |TAMS 0x0000000088300000, 0x0000000088300000| Complete 
| 132|0x0000000088400000, 0x0000000088500000, 0x0000000088500000|100%| E|CS|TAMS 0x0000000088400000, 0x0000000088400000| Complete 
| 133|0x0000000088500000, 0x0000000088600000, 0x0000000088600000|100%| E|CS|TAMS 0x0000000088500000, 0x0000000088500000| Complete 
| 134|0x0000000088600000, 0x0000000088700000, 0x0000000088700000|100%| E|CS|TAMS 0x0000000088600000, 0x0000000088600000| Complete 
| 135|0x0000000088700000, 0x0000000088800000, 0x0000000088800000|100%| E|CS|TAMS 0x0000000088700000, 0x0000000088700000| Complete 
| 136|0x0000000088800000, 0x0000000088900000, 0x0000000088900000|100%| E|CS|TAMS 0x0000000088800000, 0x0000000088800000| Complete 
| 137|0x0000000088900000, 0x0000000088a00000, 0x0000000088a00000|100%| E|CS|TAMS 0x0000000088900000, 0x0000000088900000| Complete 
| 138|0x0000000088a00000, 0x0000000088b00000, 0x0000000088b00000|100%| E|CS|TAMS 0x0000000088a00000, 0x0000000088a00000| Complete 
| 139|0x0000000088b00000, 0x0000000088c00000, 0x0000000088c00000|100%| E|CS|TAMS 0x0000000088b00000, 0x0000000088b00000| Complete 
| 140|0x0000000088c00000, 0x0000000088d00000, 0x0000000088d00000|100%| E|CS|TAMS 0x0000000088c00000, 0x0000000088c00000| Complete 
| 141|0x0000000088d00000, 0x0000000088e00000, 0x0000000088e00000|100%| E|CS|TAMS 0x0000000088d00000, 0x0000000088d00000| Complete 
| 142|0x0000000088e00000, 0x0000000088f00000, 0x0000000088f00000|100%| E|CS|TAMS 0x0000000088e00000, 0x0000000088e00000| Complete 
| 143|0x0000000088f00000, 0x0000000089000000, 0x0000000089000000|100%| E|  |TAMS 0x0000000088f00000, 0x0000000088f00000| Complete 
| 144|0x0000000089000000, 0x0000000089100000, 0x0000000089100000|100%| E|CS|TAMS 0x0000000089000000, 0x0000000089000000| Complete 
| 145|0x0000000089100000, 0x0000000089200000, 0x0000000089200000|100%| E|CS|TAMS 0x0000000089100000, 0x0000000089100000| Complete 
| 146|0x0000000089200000, 0x0000000089300000, 0x0000000089300000|100%| E|CS|TAMS 0x0000000089200000, 0x0000000089200000| Complete 
| 147|0x0000000089300000, 0x0000000089400000, 0x0000000089400000|100%| E|CS|TAMS 0x0000000089300000, 0x0000000089300000| Complete 
| 148|0x0000000089400000, 0x0000000089500000, 0x0000000089500000|100%| E|CS|TAMS 0x0000000089400000, 0x0000000089400000| Complete 
| 149|0x0000000089500000, 0x0000000089600000, 0x0000000089600000|100%| E|CS|TAMS 0x0000000089500000, 0x0000000089500000| Complete 
| 150|0x0000000089600000, 0x0000000089700000, 0x0000000089700000|100%| E|CS|TAMS 0x0000000089600000, 0x0000000089600000| Complete 
| 151|0x0000000089700000, 0x0000000089800000, 0x0000000089800000|100%| E|CS|TAMS 0x0000000089700000, 0x0000000089700000| Complete 
| 152|0x0000000089800000, 0x0000000089900000, 0x0000000089900000|100%| E|CS|TAMS 0x0000000089800000, 0x0000000089800000| Complete 
| 153|0x0000000089900000, 0x0000000089a00000, 0x0000000089a00000|100%| E|CS|TAMS 0x0000000089900000, 0x0000000089900000| Complete 
| 154|0x0000000089a00000, 0x0000000089b00000, 0x0000000089b00000|100%| E|CS|TAMS 0x0000000089a00000, 0x0000000089a00000| Complete 
| 155|0x0000000089b00000, 0x0000000089c00000, 0x0000000089c00000|100%| E|CS|TAMS 0x0000000089b00000, 0x0000000089b00000| Complete 
| 156|0x0000000089c00000, 0x0000000089d00000, 0x0000000089d00000|100%| E|CS|TAMS 0x0000000089c00000, 0x0000000089c00000| Complete 
| 157|0x0000000089d00000, 0x0000000089e00000, 0x0000000089e00000|100%| E|CS|TAMS 0x0000000089d00000, 0x0000000089d00000| Complete 
| 158|0x0000000089e00000, 0x0000000089f00000, 0x0000000089f00000|100%| E|CS|TAMS 0x0000000089e00000, 0x0000000089e00000| Complete 
| 159|0x0000000089f00000, 0x000000008a000000, 0x000000008a000000|100%| E|CS|TAMS 0x0000000089f00000, 0x0000000089f00000| Complete 
| 160|0x000000008a000000, 0x000000008a100000, 0x000000008a100000|100%| E|CS|TAMS 0x000000008a000000, 0x000000008a000000| Complete 
| 161|0x000000008a100000, 0x000000008a200000, 0x000000008a200000|100%| E|CS|TAMS 0x000000008a100000, 0x000000008a100000| Complete 
| 162|0x000000008a200000, 0x000000008a300000, 0x000000008a300000|100%| E|CS|TAMS 0x000000008a200000, 0x000000008a200000| Complete 
| 163|0x000000008a300000, 0x000000008a400000, 0x000000008a400000|100%| E|CS|TAMS 0x000000008a300000, 0x000000008a300000| Complete 
| 164|0x000000008a400000, 0x000000008a500000, 0x000000008a500000|100%| E|CS|TAMS 0x000000008a400000, 0x000000008a400000| Complete 
| 165|0x000000008a500000, 0x000000008a600000, 0x000000008a600000|100%| E|CS|TAMS 0x000000008a500000, 0x000000008a500000| Complete 
| 166|0x000000008a600000, 0x000000008a700000, 0x000000008a700000|100%| E|CS|TAMS 0x000000008a600000, 0x000000008a600000| Complete 
| 167|0x000000008a700000, 0x000000008a800000, 0x000000008a800000|100%| E|CS|TAMS 0x000000008a700000, 0x000000008a700000| Complete 
| 168|0x000000008a800000, 0x000000008a900000, 0x000000008a900000|100%| E|CS|TAMS 0x000000008a800000, 0x000000008a800000| Complete 
| 169|0x000000008a900000, 0x000000008aa00000, 0x000000008aa00000|100%| E|CS|TAMS 0x000000008a900000, 0x000000008a900000| Complete 
| 170|0x000000008aa00000, 0x000000008ab00000, 0x000000008ab00000|100%| E|CS|TAMS 0x000000008aa00000, 0x000000008aa00000| Complete 

Card table byte_map: [0x0000023469ea0000,0x000002346a2a0000] _byte_map_base: 0x0000023469aa0000

Marking Bits (Prev, Next): (CMBitMap*) 0x0000023456a9fd60, (CMBitMap*) 0x0000023456a9fd28
 Prev Bits: [0x000002346c6a0000, 0x000002346e6a0000)
 Next Bits: [0x000002346a6a0000, 0x000002346c6a0000)

Polling page: 0x0000023454850000

Metaspace:

Usage:
  Non-class:     77.26 MB capacity,    75.50 MB ( 98%) used,     1.48 MB (  2%) free+waste,   281.19 KB ( <1%) overhead. 
      Class:     12.17 MB capacity,    11.22 MB ( 92%) used,   838.99 KB (  7%) free+waste,   131.56 KB (  1%) overhead. 
       Both:     89.43 MB capacity,    86.73 MB ( 97%) used,     2.30 MB (  3%) free+waste,   412.75 KB ( <1%) overhead. 

Virtual space:
  Non-class space:       78.00 MB reserved,      77.50 MB (>99%) committed 
      Class space:        1.00 GB reserved,      12.25 MB (  1%) committed 
             Both:        1.08 GB reserved,      89.75 MB (  8%) committed 

Chunk freelists:
   Non-Class:  53.00 KB
       Class:  19.00 KB
        Both:  72.00 KB

MaxMetaspaceSize: 17179869184.00 GB
CompressedClassSpaceSize: 1.00 GB

CodeHeap 'non-profiled nmethods': size=120000Kb used=5545Kb max_used=5545Kb free=114454Kb
 bounds [0x0000023462020000, 0x0000023462590000, 0x0000023469550000]
CodeHeap 'profiled nmethods': size=120000Kb used=21726Kb max_used=21726Kb free=98274Kb
 bounds [0x000002345aaf0000, 0x000002345c030000, 0x0000023462020000]
CodeHeap 'non-nmethods': size=5760Kb used=2291Kb max_used=2368Kb free=3468Kb
 bounds [0x000002345a550000, 0x000002345a7c0000, 0x000002345aaf0000]
 total_blobs=10758 nmethods=9865 adapters=804
 compilation: enabled
              stopped_count=0, restarted_count=0
 full_count=0

Compilation events (20 events):
Event: 13.541 Thread 0x000002347133d000 9908       1       com.android.builder.dependency.MavenCoordinatesImpl::toString (5 bytes)
Event: 13.541 Thread 0x000002347133d000 nmethod 9908 0x0000023462589e10 code [0x0000023462589fc0, 0x000002346258a078]
Event: 13.542 Thread 0x000002347133d000 9910       3       org.gradle.internal.component.model.DefaultIvyArtifactName::forFile (11 bytes)
Event: 13.543 Thread 0x000002347133d000 nmethod 9910 0x000002345c00c890 code [0x000002345c00ca80, 0x000002345c00cd18]
Event: 13.543 Thread 0x000002347133d000 9911       3       org.gradle.internal.component.model.DefaultIvyArtifactName::forFileName (22 bytes)
Event: 13.543 Thread 0x000002347133d000 nmethod 9911 0x000002345c00ce90 code [0x000002345c00d080, 0x000002345c00d4a8]
Event: 13.543 Thread 0x000002347133d000 9912       3       com.google.common.io.Files::getNameWithoutExtension (40 bytes)
Event: 13.543 Thread 0x000002347133d000 nmethod 9912 0x000002345c00d610 code [0x000002345c00d860, 0x000002345c00df78]
Event: 13.543 Thread 0x000002347133d000 9913       3       org.gradle.internal.model.CalculatedValueContainerFactory::create (10 bytes)
Event: 13.544 Thread 0x000002347133d000 nmethod 9913 0x000002345c00e290 code [0x000002345c00e480, 0x000002345c00e9d8]
Event: 13.544 Thread 0x000002347133d000 9914       3       org.gradle.internal.model.CalculatedValueContainer::<init> (18 bytes)
Event: 13.544 Thread 0x000002347133d000 nmethod 9914 0x000002345c00ec10 code [0x000002345c00ee00, 0x000002345c00f2b8]
Event: 13.544 Thread 0x000002347133d000 9915       3       org.gradle.api.internal.artifacts.DefaultResolvableArtifact::transformedTo (65 bytes)
Event: 13.545 Thread 0x000002347133d000 nmethod 9915 0x000002345c00f490 code [0x000002345c00f740, 0x000002345c010378]
Event: 13.545 Thread 0x000002347133d000 9916       3       org.gradle.internal.component.local.model.ComponentFileArtifactIdentifier::<init> (15 bytes)
Event: 13.545 Thread 0x000002347133d000 nmethod 9916 0x000002345c010910 code [0x000002345c010ac0, 0x000002345c010cd8]
Event: 13.545 Thread 0x000002347133d000 9917       3       com.google.common.collect.ObjectArrays::checkElementNotNull (36 bytes)
Event: 13.546 Thread 0x000002347133d000 nmethod 9917 0x000002345c010d90 code [0x000002345c011000, 0x000002345c011858]
Event: 13.546 Thread 0x000002347133d000 9918       3       com.google.common.collect.SingletonImmutableSet::contains (9 bytes)
Event: 13.546 Thread 0x000002347133d000 nmethod 9918 0x000002345c011b90 code [0x000002345c011d40, 0x000002345c011f08]

GC Heap History (20 events):
Event: 7.578 GC heap before
{Heap before GC invocations=17 (full 0):
 garbage-first heap   total 145408K, used 109417K [0x0000000080000000, 0x0000000100000000)
  region size 1024K, 44 young (45056K), 4 survivors (4096K)
 Metaspace       used 63632K, capacity 65362K, committed 65536K, reserved 1105920K
  class space    used 8082K, capacity 8670K, committed 8704K, reserved 1048576K
}
Event: 7.583 GC heap after
{Heap after GC invocations=18 (full 0):
 garbage-first heap   total 145408K, used 73505K [0x0000000080000000, 0x0000000100000000)
  region size 1024K, 6 young (6144K), 6 survivors (6144K)
 Metaspace       used 63632K, capacity 65362K, committed 65536K, reserved 1105920K
  class space    used 8082K, capacity 8670K, committed 8704K, reserved 1048576K
}
Event: 7.615 GC heap before
{Heap before GC invocations=18 (full 0):
 garbage-first heap   total 145408K, used 76577K [0x0000000080000000, 0x0000000100000000)
  region size 1024K, 10 young (10240K), 6 survivors (6144K)
 Metaspace       used 63971K, capacity 65688K, committed 65920K, reserved 1105920K
  class space    used 8134K, capacity 8736K, committed 8832K, reserved 1048576K
}
Event: 7.619 GC heap after
{Heap after GC invocations=19 (full 0):
 garbage-first heap   total 145408K, used 74383K [0x0000000080000000, 0x0000000100000000)
  region size 1024K, 2 young (2048K), 2 survivors (2048K)
 Metaspace       used 63971K, capacity 65688K, committed 65920K, reserved 1105920K
  class space    used 8134K, capacity 8736K, committed 8832K, reserved 1048576K
}
Event: 7.910 GC heap before
{Heap before GC invocations=20 (full 0):
 garbage-first heap   total 145408K, used 113295K [0x0000000080000000, 0x0000000100000000)
  region size 1024K, 39 young (39936K), 2 survivors (2048K)
 Metaspace       used 65859K, capacity 67668K, committed 67968K, reserved 1107968K
  class space    used 8396K, capacity 9007K, committed 9088K, reserved 1048576K
}
Event: 7.914 GC heap after
{Heap after GC invocations=21 (full 0):
 garbage-first heap   total 145408K, used 77180K [0x0000000080000000, 0x0000000100000000)
  region size 1024K, 4 young (4096K), 4 survivors (4096K)
 Metaspace       used 65859K, capacity 67668K, committed 67968K, reserved 1107968K
  class space    used 8396K, capacity 9007K, committed 9088K, reserved 1048576K
}
Event: 8.543 GC heap before
{Heap before GC invocations=21 (full 0):
 garbage-first heap   total 145408K, used 115068K [0x0000000080000000, 0x0000000100000000)
  region size 1024K, 41 young (41984K), 4 survivors (4096K)
 Metaspace       used 70306K, capacity 72124K, committed 72320K, reserved 1112064K
  class space    used 9112K, capacity 9740K, committed 9856K, reserved 1048576K
}
Event: 8.549 GC heap after
{Heap after GC invocations=22 (full 0):
 garbage-first heap   total 145408K, used 79303K [0x0000000080000000, 0x0000000100000000)
  region size 1024K, 3 young (3072K), 3 survivors (3072K)
 Metaspace       used 70306K, capacity 72124K, committed 72320K, reserved 1112064K
  class space    used 9112K, capacity 9740K, committed 9856K, reserved 1048576K
}
Event: 8.985 GC heap before
{Heap before GC invocations=23 (full 0):
 garbage-first heap   total 145408K, used 116167K [0x0000000080000000, 0x0000000100000000)
  region size 1024K, 39 young (39936K), 3 survivors (3072K)
 Metaspace       used 73725K, capacity 75677K, committed 75904K, reserved 1114112K
  class space    used 9601K, capacity 10256K, committed 10368K, reserved 1048576K
}
Event: 8.989 GC heap after
{Heap after GC invocations=24 (full 0):
 garbage-first heap   total 145408K, used 80370K [0x0000000080000000, 0x0000000100000000)
  region size 1024K, 4 young (4096K), 4 survivors (4096K)
 Metaspace       used 73725K, capacity 75677K, committed 75904K, reserved 1114112K
  class space    used 9601K, capacity 10256K, committed 10368K, reserved 1048576K
}
Event: 9.425 GC heap before
{Heap before GC invocations=24 (full 0):
 garbage-first heap   total 145408K, used 117234K [0x0000000080000000, 0x0000000100000000)
  region size 1024K, 40 young (40960K), 4 survivors (4096K)
 Metaspace       used 75068K, capacity 76982K, committed 77056K, reserved 1116160K
  class space    used 9769K, capacity 10452K, committed 10496K, reserved 1048576K
}
Event: 9.432 GC heap after
{Heap after GC invocations=25 (full 0):
 garbage-first heap   total 145408K, used 83251K [0x0000000080000000, 0x0000000100000000)
  region size 1024K, 5 young (5120K), 5 survivors (5120K)
 Metaspace       used 75068K, capacity 76982K, committed 77056K, reserved 1116160K
  class space    used 9769K, capacity 10452K, committed 10496K, reserved 1048576K
}
Event: 9.596 GC heap before
{Heap before GC invocations=26 (full 0):
 garbage-first heap   total 145408K, used 98611K [0x0000000080000000, 0x0000000100000000)
  region size 1024K, 21 young (21504K), 5 survivors (5120K)
 Metaspace       used 76307K, capacity 78368K, committed 78464K, reserved 1118208K
  class space    used 9909K, capacity 10593K, committed 10624K, reserved 1048576K
}
Event: 9.602 GC heap after
{Heap after GC invocations=27 (full 0):
 garbage-first heap   total 175104K, used 85201K [0x0000000080000000, 0x0000000100000000)
  region size 1024K, 3 young (3072K), 3 survivors (3072K)
 Metaspace       used 76307K, capacity 78368K, committed 78464K, reserved 1118208K
  class space    used 9909K, capacity 10593K, committed 10624K, reserved 1048576K
}
Event: 10.600 GC heap before
{Heap before GC invocations=28 (full 0):
 garbage-first heap   total 175104K, used 137425K [0x0000000080000000, 0x0000000100000000)
  region size 1024K, 53 young (54272K), 3 survivors (3072K)
 Metaspace       used 83504K, capacity 85599K, committed 85760K, reserved 1124352K
  class space    used 10767K, capacity 11475K, committed 11520K, reserved 1048576K
}
Event: 10.606 GC heap after
{Heap after GC invocations=29 (full 0):
 garbage-first heap   total 175104K, used 86922K [0x0000000080000000, 0x0000000100000000)
  region size 1024K, 4 young (4096K), 4 survivors (4096K)
 Metaspace       used 83504K, capacity 85599K, committed 85760K, reserved 1124352K
  class space    used 10767K, capacity 11475K, committed 11520K, reserved 1048576K
}
Event: 11.174 GC heap before
{Heap before GC invocations=29 (full 0):
 garbage-first heap   total 175104K, used 129930K [0x0000000080000000, 0x0000000100000000)
  region size 1024K, 47 young (48128K), 4 survivors (4096K)
 Metaspace       used 86556K, capacity 89298K, committed 89344K, reserved 1126400K
  class space    used 11305K, capacity 12282K, committed 12288K, reserved 1048576K
}
Event: 11.182 GC heap after
{Heap after GC invocations=30 (full 0):
 garbage-first heap   total 175104K, used 90038K [0x0000000080000000, 0x0000000100000000)
  region size 1024K, 6 young (6144K), 6 survivors (6144K)
 Metaspace       used 86556K, capacity 89298K, committed 89344K, reserved 1126400K
  class space    used 11305K, capacity 12282K, committed 12288K, reserved 1048576K
}
Event: 12.664 GC heap before
{Heap before GC invocations=31 (full 0):
 garbage-first heap   total 175104K, used 139190K [0x0000000080000000, 0x0000000100000000)
  region size 1024K, 54 young (55296K), 6 survivors (6144K)
 Metaspace       used 87468K, capacity 90161K, committed 90496K, reserved 1128448K
  class space    used 11373K, capacity 12324K, committed 12416K, reserved 1048576K
}
Event: 12.681 GC heap after
{Heap after GC invocations=32 (full 0):
 garbage-first heap   total 175104K, used 93207K [0x0000000080000000, 0x0000000100000000)
  region size 1024K, 7 young (7168K), 7 survivors (7168K)
 Metaspace       used 87468K, capacity 90161K, committed 90496K, reserved 1128448K
  class space    used 11373K, capacity 12324K, committed 12416K, reserved 1048576K
}

Deoptimization events (20 events):
Event: 13.327 Thread 0x00000234748a6800 DEOPT PACKING pc=0x0000023462428660 sp=0x000000415e1f8e00
Event: 13.327 Thread 0x00000234748a6800 DEOPT UNPACKING pc=0x000002345a5778af sp=0x000000415e1f8dc8 mode 2
Event: 13.330 Thread 0x00000234748a6800 Uncommon trap: trap_request=0xffffffc6 fr.pc=0x0000023462428660 relative=0x0000000000000300
Event: 13.330 Thread 0x00000234748a6800 Uncommon trap: reason=bimorphic_or_optimized_type_check action=maybe_recompile pc=0x0000023462428660 method=com.google.common.collect.ImmutableList.copyOf(Ljava/util/Collection;)Lcom/google/common/collect/ImmutableList; @ 11 c2
Event: 13.330 Thread 0x00000234748a6800 DEOPT PACKING pc=0x0000023462428660 sp=0x000000415e1f8e00
Event: 13.330 Thread 0x00000234748a6800 DEOPT UNPACKING pc=0x000002345a5778af sp=0x000000415e1f8dc8 mode 2
Event: 13.331 Thread 0x00000234748a6800 Uncommon trap: trap_request=0xffffffc6 fr.pc=0x0000023462428660 relative=0x0000000000000300
Event: 13.331 Thread 0x00000234748a6800 Uncommon trap: reason=bimorphic_or_optimized_type_check action=maybe_recompile pc=0x0000023462428660 method=com.google.common.collect.ImmutableList.copyOf(Ljava/util/Collection;)Lcom/google/common/collect/ImmutableList; @ 11 c2
Event: 13.331 Thread 0x00000234748a6800 DEOPT PACKING pc=0x0000023462428660 sp=0x000000415e1f8ea0
Event: 13.331 Thread 0x00000234748a6800 DEOPT UNPACKING pc=0x000002345a5778af sp=0x000000415e1f8e68 mode 2
Event: 13.344 Thread 0x0000023475ab0800 DEOPT PACKING pc=0x000002345bb12ec4 sp=0x0000004160bfd0e0
Event: 13.344 Thread 0x0000023475ab0800 DEOPT UNPACKING pc=0x000002345a5776ce sp=0x0000004160bfc680 mode 0
Event: 13.496 Thread 0x00000234748a6800 Uncommon trap: trap_request=0xffffff4d fr.pc=0x000002346257fd48 relative=0x00000000000014e8
Event: 13.496 Thread 0x00000234748a6800 Uncommon trap: reason=unstable_if action=reinterpret pc=0x000002346257fd48 method=com.esotericsoftware.kryo.io.Input.readAscii()Ljava/lang/String; @ 23 c2
Event: 13.496 Thread 0x00000234748a6800 DEOPT PACKING pc=0x000002346257fd48 sp=0x000000415e1f7a40
Event: 13.496 Thread 0x00000234748a6800 DEOPT UNPACKING pc=0x000002345a5778af sp=0x000000415e1f7998 mode 2
Event: 13.513 Thread 0x00000234748a6800 Uncommon trap: trap_request=0xffffffcc fr.pc=0x00000234625851c0 relative=0x0000000000000280
Event: 13.513 Thread 0x00000234748a6800 Uncommon trap: reason=intrinsic_or_type_checked_inlining action=make_not_entrant pc=0x00000234625851c0 method=java.util.Arrays.copyOfRange([Ljava/lang/Object;IILjava/lang/Class;)[Ljava/lang/Object; @ 83 c2
Event: 13.513 Thread 0x00000234748a6800 DEOPT PACKING pc=0x00000234625851c0 sp=0x000000415e1f7e90
Event: 13.513 Thread 0x00000234748a6800 DEOPT UNPACKING pc=0x000002345a5778af sp=0x000000415e1f7e10 mode 2

Classes redefined (0 events):
No events

Internal exceptions (20 events):
Event: 9.977 Thread 0x00000234748a6800 Exception <a 'java/lang/NullPointerException'{0x0000000089c5b450}> (0x0000000089c5b450) thrown at [./src/hotspot/share/interpreter/linkResolver.cpp, line 1440]
Event: 10.275 Thread 0x00000234748a6800 Exception <a 'java/lang/NoSuchMethodError'{0x0000000088d12558}: 'int java.lang.invoke.DirectMethodHandle$Holder.invokeStatic(java.lang.Object, java.lang.Object, int, java.lang.Object)'> (0x0000000088d12558) thrown at [./src/hotspot/share/interpreter/linkResolver.cpp, line 773]
Event: 10.317 Thread 0x00000234748a6800 Exception <a 'sun/nio/fs/WindowsException'{0x0000000088c43840}> (0x0000000088c43840) thrown at [./src/hotspot/share/prims/jni.cpp, line 615]
Event: 10.317 Thread 0x00000234748a6800 Exception <a 'sun/nio/fs/WindowsException'{0x0000000088c44bc8}> (0x0000000088c44bc8) thrown at [./src/hotspot/share/prims/jni.cpp, line 615]
Event: 10.317 Thread 0x00000234748a6800 Exception <a 'sun/nio/fs/WindowsException'{0x0000000088c45fa0}> (0x0000000088c45fa0) thrown at [./src/hotspot/share/prims/jni.cpp, line 615]
Event: 10.317 Thread 0x00000234748a6800 Exception <a 'sun/nio/fs/WindowsException'{0x0000000088c47378}> (0x0000000088c47378) thrown at [./src/hotspot/share/prims/jni.cpp, line 615]
Event: 10.548 Thread 0x00000234748a6800 Exception <a 'java/lang/reflect/InvocationTargetException'{0x0000000087af2540}> (0x0000000087af2540) thrown at [./src/hotspot/share/runtime/reflection.cpp, line 1247]
Event: 11.051 Thread 0x0000023475ab1000 Exception <a 'java/lang/NoSuchMethodError'{0x0000000088e82b28}: 'java.lang.Object java.lang.invoke.DirectMethodHandle$Holder.invokeSpecialIFC(java.lang.Object, java.lang.Object, java.lang.Object)'> (0x0000000088e82b28) thrown at [./src/hotspot/share/interpreter/linkResolver.cpp, line 773]
Event: 11.052 Thread 0x0000023475ab3800 Exception <a 'java/lang/NoSuchMethodError'{0x0000000088e9e988}: 'java.lang.Object java.lang.invoke.DirectMethodHandle$Holder.invokeSpecialIFC(java.lang.Object, java.lang.Object, java.lang.Object)'> (0x0000000088e9e988) thrown at [./src/hotspot/share/interpreter/linkResolver.cpp, line 773]
Event: 11.051 Thread 0x0000023475ab6000 Exception <a 'java/lang/NoSuchMethodError'{0x0000000088e448d8}: 'java.lang.Object java.lang.invoke.DirectMethodHandle$Holder.invokeSpecialIFC(java.lang.Object, java.lang.Object, java.lang.Object)'> (0x0000000088e448d8) thrown at [./src/hotspot/share/interpreter/linkResolver.cpp, line 773]
Event: 11.052 Thread 0x00000234748a6800 Exception <a 'java/lang/NoSuchMethodError'{0x0000000089144f38}: 'java.lang.Object java.lang.invoke.DirectMethodHandle$Holder.invokeSpecialIFC(java.lang.Object, java.lang.Object, java.lang.Object)'> (0x0000000089144f38) thrown at [./src/hotspot/share/interpreter/linkResolver.cpp, line 773]
Event: 11.052 Thread 0x0000023475ab4800 Exception <a 'java/lang/NoSuchMethodError'{0x0000000088e68ea8}: 'java.lang.Object java.lang.invoke.DirectMethodHandle$Holder.invokeSpecialIFC(java.lang.Object, java.lang.Object, java.lang.Object)'> (0x0000000088e68ea8) thrown at [./src/hotspot/share/interpreter/linkResolver.cpp, line 773]
Event: 11.052 Thread 0x0000023475aae800 Exception <a 'java/lang/NoSuchMethodError'{0x0000000088e8f318}: 'java.lang.Object java.lang.invoke.DirectMethodHandle$Holder.invokeSpecialIFC(java.lang.Object, java.lang.Object, java.lang.Object)'> (0x0000000088e8f318) thrown at [./src/hotspot/share/interpreter/linkResolver.cpp, line 773]
Event: 11.125 Thread 0x00000234748a6800 Exception <a 'java/lang/NoSuchMethodError'{0x0000000088875608}: 'int java.lang.invoke.DirectMethodHandle$Holder.invokeStaticInit(java.lang.Object, java.lang.Object, java.lang.Object, java.lang.Object, java.lang.Object)'> (0x0000000088875608) thrown at [./src/hotspot/share/interpreter/linkResolver.cpp, line 773]
Event: 11.154 Thread 0x0000023475ab6000 Exception <a 'java/lang/NoSuchMethodError'{0x000000008845c9e8}: 'void java.lang.invoke.DirectMethodHandle$Holder.invokeVirtual(java.lang.Object, java.lang.Object)'> (0x000000008845c9e8) thrown at [./src/hotspot/share/interpreter/linkResolver.cpp, line 773]
Event: 11.314 Thread 0x0000023475ab6000 Exception <a 'sun/nio/fs/WindowsException'{0x00000000896e4108}> (0x00000000896e4108) thrown at [./src/hotspot/share/prims/jni.cpp, line 615]
Event: 11.353 Thread 0x0000023475ab6000 Exception <a 'java/lang/NoSuchMethodError'{0x00000000892824e0}: 'void java.lang.invoke.DirectMethodHandle$Holder.invokeStatic(java.lang.Object, java.lang.Object, java.lang.Object, java.lang.Object, java.lang.Object, java.lang.Object, java.lang.Object)'> (0x00000000892824e0) thrown at [./src/hotspot/share/interpreter/linkResolver.cpp, line 773]
Event: 12.244 Thread 0x0000023475ab0800 Exception <a 'sun/nio/fs/WindowsException'{0x00000000882e6e88}> (0x00000000882e6e88) thrown at [./src/hotspot/share/prims/jni.cpp, line 615]
Event: 12.250 Thread 0x0000023475aaf800 Exception <a 'sun/nio/fs/WindowsException'{0x00000000881c9f78}> (0x00000000881c9f78) thrown at [./src/hotspot/share/prims/jni.cpp, line 615]
Event: 13.394 Thread 0x00000234748a6800 Exception <a 'java/lang/NoSuchMethodError'{0x0000000088cac808}: 'int java.lang.invoke.DirectMethodHandle$Holder.invokeSpecialIFC(java.lang.Object, java.lang.Object, java.lang.Object)'> (0x0000000088cac808) thrown at [./src/hotspot/share/interpreter/linkResolver.cpp, line 773]

Events (20 events):
Event: 13.454 loading class org/gradle/api/artifacts/ComponentMetadataBuilder
Event: 13.454 loading class org/gradle/api/artifacts/ComponentMetadataBuilder done
Event: 13.454 loading class org/gradle/api/artifacts/ComponentMetadata
Event: 13.454 loading class org/gradle/api/artifacts/ComponentMetadata done
Event: 13.455 loading class org/gradle/api/internal/artifacts/ivyservice/ivyresolve/DefaultMetadataProvider$BuildableComponentMetadataSupplierDetails
Event: 13.455 loading class org/gradle/api/internal/artifacts/ivyservice/ivyresolve/DefaultMetadataProvider$BuildableComponentMetadataSupplierDetails done
Event: 13.455 loading class org/gradle/api/Transformer
Event: 13.455 loading class org/gradle/api/Transformer done
Event: 13.457 loading class org/gradle/api/internal/artifacts/ivyservice/ivyresolve/VersionInfo
Event: 13.457 loading class org/gradle/api/internal/artifacts/ivyservice/ivyresolve/VersionInfo done
Event: 13.471 Executing VM operation: ICBufferFull
Event: 13.471 Executing VM operation: ICBufferFull done
Event: 13.498 loading class org/gradle/api/artifacts/component/ModuleComponentSelector
Event: 13.498 loading class org/gradle/api/artifacts/component/ModuleComponentSelector done
Event: 13.547 loading class com/android/build/gradle/internal/TaskManager$createMockableJarTask$1$1
Event: 13.547 loading class com/android/build/gradle/internal/TaskManager$createMockableJarTask$1$1 done
Event: 13.549 loading class org/gradle/api/internal/artifacts/ivyservice/resolveengine/artifact/LocalFileDependencyBackedArtifactSet$TransformedLocalFileArtifactSet
Event: 13.549 loading class org/gradle/api/internal/artifacts/ivyservice/resolveengine/artifact/LocalFileDependencyBackedArtifactSet$TransformedLocalFileArtifactSet done
Event: 13.550 Executing VM operation: ICBufferFull
Event: 13.550 Executing VM operation: ICBufferFull done


Dynamic libraries:
0x00007ff77b7b0000 - 0x00007ff77b7ba000 	C:\soft\AStudio\jre\bin\java.exe
0x00007ff815f10000 - 0x00007ff816108000 	C:\windows\SYSTEM32\ntdll.dll
0x00007ff8142e0000 - 0x00007ff81439f000 	C:\windows\System32\KERNEL32.DLL
0x00007ff813c50000 - 0x00007ff813f22000 	C:\windows\System32\KERNELBASE.dll
0x00007ff8136b0000 - 0x00007ff8137b0000 	C:\windows\System32\ucrtbase.dll
0x00007ff809d60000 - 0x00007ff809d77000 	C:\soft\AStudio\jre\bin\VCRUNTIME140.dll
0x00007ff80c8d0000 - 0x00007ff80c8e9000 	C:\soft\AStudio\jre\bin\jli.dll
0x00007ff814fc0000 - 0x00007ff815161000 	C:\windows\System32\USER32.dll
0x00007ff813a10000 - 0x00007ff813a32000 	C:\windows\System32\win32u.dll
0x00007ffff3710000 - 0x00007ffff39aa000 	C:\windows\WinSxS\amd64_microsoft.windows.common-controls_6595b64144ccf1df_6.0.19041.1110_none_60b5254171f9507e\COMCTL32.dll
0x00007ff8152a0000 - 0x00007ff8152cb000 	C:\windows\System32\GDI32.dll
0x00007ff813f60000 - 0x00007ff813ffe000 	C:\windows\System32\msvcrt.dll
0x00007ff813a40000 - 0x00007ff813b4f000 	C:\windows\System32\gdi32full.dll
0x00007ff813610000 - 0x00007ff8136ad000 	C:\windows\System32\msvcp_win.dll
0x00007ff815270000 - 0x00007ff8152a0000 	C:\windows\System32\IMM32.DLL
0x00007fffd9ca0000 - 0x00007fffd9d3d000 	C:\soft\AStudio\jre\bin\msvcp140.dll
0x00007fff5f440000 - 0x00007fff5ff0f000 	C:\soft\AStudio\jre\bin\server\jvm.dll
0x00007ff814080000 - 0x00007ff81412e000 	C:\windows\System32\ADVAPI32.dll
0x00007ff815e30000 - 0x00007ff815ecc000 	C:\windows\System32\sechost.dll
0x00007ff815a80000 - 0x00007ff815ba4000 	C:\windows\System32\RPCRT4.dll
0x00007ff815170000 - 0x00007ff815178000 	C:\windows\System32\PSAPI.DLL
0x00007ff8097f0000 - 0x00007ff809817000 	C:\windows\SYSTEM32\WINMM.dll
0x00007ffff0100000 - 0x00007ffff0109000 	C:\windows\SYSTEM32\WSOCK32.dll
0x00007ff8096a0000 - 0x00007ff8096aa000 	C:\windows\SYSTEM32\VERSION.dll
0x00007ff8154d0000 - 0x00007ff81553b000 	C:\windows\System32\WS2_32.dll
0x00007ff8113d0000 - 0x00007ff8113e2000 	C:\windows\SYSTEM32\kernel.appcore.dll
0x00007ff80eeb0000 - 0x00007ff80eec1000 	C:\soft\AStudio\jre\bin\verify.dll
0x00007ff8000a0000 - 0x00007ff800284000 	C:\windows\SYSTEM32\DBGHELP.DLL
0x00007ffffc840000 - 0x00007ffffc875000 	C:\windows\SYSTEM32\dbgcore.DLL
0x00007ff813b50000 - 0x00007ff813bd2000 	C:\windows\System32\bcryptPrimitives.dll
0x00007ff80c8f0000 - 0x00007ff80c919000 	C:\soft\AStudio\jre\bin\java.dll
0x00007ff810240000 - 0x00007ff81024b000 	C:\soft\AStudio\jre\bin\jimage.dll
0x00007ff80cca0000 - 0x00007ff80ccb8000 	C:\soft\AStudio\jre\bin\zip.dll
0x00007ff8143a0000 - 0x00007ff814ae5000 	C:\windows\System32\SHELL32.dll
0x00007ff8116d0000 - 0x00007ff811e62000 	C:\windows\SYSTEM32\windows.storage.dll
0x00007ff815540000 - 0x00007ff815895000 	C:\windows\System32\combase.dll
0x00007ff813070000 - 0x00007ff8130a0000 	C:\windows\SYSTEM32\Wldp.dll
0x00007ff8152f0000 - 0x00007ff81539d000 	C:\windows\System32\SHCORE.dll
0x00007ff815400000 - 0x00007ff815455000 	C:\windows\System32\shlwapi.dll
0x00007ff813550000 - 0x00007ff81356f000 	C:\windows\SYSTEM32\profapi.dll
0x00007ff80c930000 - 0x00007ff80c94a000 	C:\soft\AStudio\jre\bin\net.dll
0x00007ff80e0a0000 - 0x00007ff80e1aa000 	C:\windows\SYSTEM32\WINHTTP.dll
0x00007ff812dd0000 - 0x00007ff812e3a000 	C:\windows\system32\mswsock.dll
0x00007ff80c450000 - 0x00007ff80c464000 	C:\soft\AStudio\jre\bin\nio.dll
0x00007ff809ea0000 - 0x00007ff809ec7000 	C:\Users\Eduard\.gradle\native\8bec1ad78214c89d9ad589b4d07fe93259594b29d510b10fafb7a158f7737e5d\windows-amd64\native-platform.dll
0x00007fffd8690000 - 0x00007fffd87cd000 	C:\Users\Eduard\.gradle\native\53dbd7edfb1c66fb8903c78663c9afc45aea4f116125fa6feffd364cf09443e8\windows-amd64\native-platform-file-events.dll
0x00007ff80cc20000 - 0x00007ff80cc2a000 	C:\soft\AStudio\jre\bin\management.dll
0x00007ff80c320000 - 0x00007ff80c32c000 	C:\soft\AStudio\jre\bin\management_ext.dll
0x00007ff812fc0000 - 0x00007ff812fd8000 	C:\windows\SYSTEM32\CRYPTSP.dll
0x00007ff812680000 - 0x00007ff8126b4000 	C:\windows\system32\rsaenh.dll
0x00007ff813f30000 - 0x00007ff813f57000 	C:\windows\System32\bcrypt.dll
0x00007ff8134d0000 - 0x00007ff8134fe000 	C:\windows\SYSTEM32\USERENV.dll
0x00007ff812fe0000 - 0x00007ff812fec000 	C:\windows\SYSTEM32\CRYPTBASE.dll
0x00007ff812a70000 - 0x00007ff812aab000 	C:\windows\SYSTEM32\IPHLPAPI.DLL
0x00007ff815460000 - 0x00007ff815468000 	C:\windows\System32\NSI.dll
0x00007ff80b5d0000 - 0x00007ff80b5e7000 	C:\windows\SYSTEM32\dhcpcsvc6.DLL
0x00007ff80b3f0000 - 0x00007ff80b40d000 	C:\windows\SYSTEM32\dhcpcsvc.DLL
0x00007ff812ac0000 - 0x00007ff812b8b000 	C:\windows\SYSTEM32\DNSAPI.dll
0x00007ff8127c0000 - 0x00007ff8127f3000 	C:\windows\SYSTEM32\ntmarta.dll

dbghelp: loaded successfully - version: 4.0.5 - missing functions: none
symbol engine: initialized successfully - sym options: 0x614 - pdb path: .;C:\soft\AStudio\jre\bin;C:\windows\SYSTEM32;C:\windows\WinSxS\amd64_microsoft.windows.common-controls_6595b64144ccf1df_6.0.19041.1110_none_60b5254171f9507e;C:\soft\AStudio\jre\bin\server;C:\Users\Eduard\.gradle\native\8bec1ad78214c89d9ad589b4d07fe93259594b29d510b10fafb7a158f7737e5d\windows-amd64;C:\Users\Eduard\.gradle\native\53dbd7edfb1c66fb8903c78663c9afc45aea4f116125fa6feffd364cf09443e8\windows-amd64

VM Arguments:
jvm_args: --add-opens=java.base/java.util=ALL-UNNAMED --add-opens=java.base/java.lang=ALL-UNNAMED --add-opens=java.base/java.lang.invoke=ALL-UNNAMED --add-opens=java.base/java.util=ALL-UNNAMED --add-opens=java.prefs/java.util.prefs=ALL-UNNAMED --add-opens=java.prefs/java.util.prefs=ALL-UNNAMED --add-opens=java.base/java.nio.charset=ALL-UNNAMED --add-opens=java.base/java.net=ALL-UNNAMED --add-opens=java.base/java.util.concurrent.atomic=ALL-UNNAMED -Xmx2048m -Dfile.encoding=UTF-8 -Duser.country=RU -Duser.language=ru -Duser.variant 
java_command: org.gradle.launcher.daemon.bootstrap.GradleDaemon 7.0.2
java_class_path (initial): C:\Users\Eduard\.gradle\wrapper\dists\gradle-7.0.2-bin\857tjihv64xamwrf0h14cai3r\gradle-7.0.2\lib\gradle-launcher-7.0.2.jar
Launcher Type: SUN_STANDARD

[Global flags]
     intx CICompilerCount                          = 4                                         {product} {ergonomic}
     uint ConcGCThreads                            = 3                                         {product} {ergonomic}
     uint G1ConcRefinementThreads                  = 10                                        {product} {ergonomic}
   size_t G1HeapRegionSize                         = 1048576                                   {product} {ergonomic}
    uintx GCDrainStackTargetSize                   = 64                                        {product} {ergonomic}
   size_t InitialHeapSize                          = 123731968                                 {product} {ergonomic}
   size_t MarkStackSize                            = 4194304                                   {product} {ergonomic}
   size_t MaxHeapSize                              = 2147483648                                {product} {command line}
   size_t MaxNewSize                               = 1287651328                                {product} {ergonomic}
   size_t MinHeapDeltaBytes                        = 1048576                                   {product} {ergonomic}
    uintx NonNMethodCodeHeapSize                   = 5836300                                {pd product} {ergonomic}
    uintx NonProfiledCodeHeapSize                  = 122910970                              {pd product} {ergonomic}
    uintx ProfiledCodeHeapSize                     = 122910970                              {pd product} {ergonomic}
    uintx ReservedCodeCacheSize                    = 251658240                              {pd product} {ergonomic}
     bool SegmentedCodeCache                       = true                                      {product} {ergonomic}
     bool UseCompressedClassPointers               = true                                 {lp64_product} {ergonomic}
     bool UseCompressedOops                        = true                                 {lp64_product} {ergonomic}
     bool UseG1GC                                  = true                                      {product} {ergonomic}
     bool UseLargePagesIndividualAllocation        = false                                  {pd product} {ergonomic}

Logging:
Log output configuration:
 #0: stdout all=warning uptime,level,tags
 #1: stderr all=off uptime,level,tags

Environment Variables:
PATH=C:\Program Files (x86)\Common Files\Oracle\Java\javapath;C:\windows\system32;C:\windows;C:\windows\System32\Wbem;C:\windows\System32\WindowsPowerShell\v1.0\;C:\windows\System32\OpenSSH\;C:\Program Files\Microsoft SQL Server\Client SDK\ODBC\170\Tools\Binn\;C:\Program Files (x86)\Microsoft SQL Server\150\Tools\Binn\;C:\Program Files\Microsoft SQL Server\150\Tools\Binn\;C:\Program Files\Microsoft SQL Server\150\DTS\Binn\;C:\Program Files (x86)\Microsoft SQL Server\150\DTS\Binn\;C:\Program Files\Azure Data Studio\bin;C:\Program Files\Git\cmd;C:\Program Files\nodejs\;C:\ProgramData\chocolatey\bin;C:\Program Files\dotnet\;C:\soft\Python\Scripts\;C:\soft\Python\;C:\Users\Eduard\AppData\Local\Microsoft\WindowsApps;C:\Program Files\Azure Data Studio\bin;C:\Users\Eduard\AppData\Roaming\npm;C:\soft\Microsoft VS Code\bin;C:\soft\sqlite3;C:\Users\Eduard\.dotnet\tools
USERNAME=Eduard
OS=Windows_NT
PROCESSOR_IDENTIFIER=AMD64 Family 23 Model 104 Stepping 1, AuthenticAMD



---------------  S Y S T E M  ---------------

OS: Windows 10 , 64 bit Build 19041 (10.0.19041.2546)
OS uptime: 2 days 1:22 hours

CPU:total 12 (initial active 12) (12 cores per cpu, 2 threads per core) family 23 model 104 stepping 1 microcode 0x0, cmov, cx8, fxsr, mmx, sse, sse2, sse3, ssse3, sse4.1, sse4.2, popcnt, avx, avx2, aes, clmul, mmxext, 3dnowpref, lzcnt, sse4a, ht, tsc, tscinvbit, tscinv, bmi1, bmi2, adx,

Memory: 4k page, system-wide physical 7521M (217M free)
TotalPageFile size 15713M (AvailPageFile size 4M)
current process WorkingSet (physical memory assigned to process): 374M, peak: 395M
current process commit charge ("private bytes"): 463M, peak: 471M

vm_info: OpenJDK 64-Bit Server VM (11.0.10+0-b96-7249189) for windows-amd64 JRE (11.0.10+0-b96-7249189), built on Mar 31 2021 21:44:00 by "builder" with MS VC++ 14.0 (VS2015)

END.
